TN:
SF:test/rational.module.js
FN:24,gcd
FN:37,Rational
FN:75,_validate
FN:99,_normalize
FN:127,getNumerator
FN:136,getDenominator
FN:147,assign
FN:178,add
FN:213,sub
FN:248,mul
FN:283,div
FN:341,pow
FN:370,preInc
FN:386,preDec
FN:402,postInc
FN:419,postDec
FN:436,abs
FN:452,neg
FN:468,not
FN:483,bool
FN:499,lessThan
FN:567,greaterThan
FN:591,equalTo
FN:615,notEqualTo
FN:638,valueOf
FN:645,toString
FNDA:389,gcd
FNDA:197,Rational
FNDA:309,_validate
FNDA:106,_normalize
FNDA:140,getNumerator
FNDA:134,getDenominator
FNDA:12,assign
FNDA:9,add
FNDA:9,sub
FNDA:18,mul
FNDA:14,div
FNDA:10,pow
FNDA:4,preInc
FNDA:4,preDec
FNDA:4,postInc
FNDA:4,postDec
FNDA:3,abs
FNDA:3,neg
FNDA:3,not
FNDA:3,bool
FNDA:18,lessThan
FNDA:12,greaterThan
FNDA:21,equalTo
FNDA:12,notEqualTo
FNDA:7,valueOf
FNDA:5,toString
FNF:26
FNH:26
BRDA:1,0,0,1
BRDA:24,1,0,389
BRDA:25,2,0,136
BRDA:25,3,0,253
BRDA:37,4,0,197
BRDA:39,5,0,58
BRDA:43,6,0,35
BRDA:44,7,0,10
BRDA:44,8,0,8
BRDA:47,9,0,27
BRDA:51,10,0,29
BRDA:53,11,0,102
BRDA:58,12,0,2
BRDA:60,13,0,188
BRDA:75,14,0,309
BRDA:76,15,0,253
BRDA:76,16,0,243
BRDA:78,17,0,66
BRDA:80,18,0,32
BRDA:80,19,0,32
BRDA:80,20,0,22
BRDA:82,21,0,44
BRDA:84,22,0,10
BRDA:86,23,0,34
BRDA:99,24,0,106
BRDA:100,25,0,2
BRDA:102,26,0,104
BRDA:104,27,0,2
BRDA:106,28,0,102
BRDA:113,29,0,5
BRDA:127,30,0,140
BRDA:136,31,0,134
BRDA:147,32,0,12
BRDA:149,33,0,3
BRDA:150,34,0,2
BRDA:150,35,0,1
BRDA:153,36,0,2
BRDA:159,37,0,7
BRDA:164,38,0,2
BRDA:178,39,0,9
BRDA:180,40,0,7
BRDA:181,41,0,2
BRDA:181,42,0,1
BRDA:193,43,0,6
BRDA:197,44,0,3
BRDA:199,45,0,2
BRDA:213,46,0,9
BRDA:215,47,0,7
BRDA:216,48,0,2
BRDA:216,49,0,1
BRDA:228,50,0,6
BRDA:232,51,0,3
BRDA:234,52,0,2
BRDA:248,53,0,18
BRDA:250,54,0,16
BRDA:251,55,0,11
BRDA:251,56,0,10
BRDA:260,57,0,6
BRDA:267,58,0,12
BRDA:269,59,0,2
BRDA:283,60,0,14
BRDA:285,61,0,12
BRDA:286,62,0,6
BRDA:286,63,0,5
BRDA:291,64,0,2
BRDA:293,65,0,3
BRDA:295,66,0,0
BRDA:295,67,0,3
BRDA:303,68,0,2
BRDA:307,69,0,7
BRDA:311,70,0,1
BRDA:313,71,0,2
BRDA:315,72,0,0
BRDA:315,73,0,2
BRDA:321,74,0,1
BRDA:325,75,0,5
BRDA:327,76,0,2
BRDA:341,77,0,10
BRDA:343,78,0,8
BRDA:347,79,0,9
BRDA:349,80,0,6
BRDA:350,81,0,3
BRDA:352,82,0,5
BRDA:357,83,0,2
BRDA:359,84,0,0
BRDA:370,85,0,4
BRDA:371,86,0,1
BRDA:373,87,0,3
BRDA:386,88,0,4
BRDA:387,89,0,1
BRDA:389,90,0,3
BRDA:402,91,0,4
BRDA:403,92,0,1
BRDA:405,93,0,3
BRDA:419,94,0,4
BRDA:420,95,0,1
BRDA:422,96,0,3
BRDA:436,97,0,3
BRDA:437,98,0,1
BRDA:439,99,0,2
BRDA:440,100,0,1
BRDA:440,101,0,2
BRDA:452,102,0,3
BRDA:453,103,0,1
BRDA:455,104,0,2
BRDA:468,105,0,3
BRDA:469,106,0,1
BRDA:471,107,0,2
BRDA:483,108,0,3
BRDA:484,109,0,1
BRDA:486,110,0,2
BRDA:499,111,0,18
BRDA:501,112,0,16
BRDA:502,113,0,9
BRDA:502,114,0,8
BRDA:518,115,0,6
BRDA:519,116,0,6
BRDA:525,117,0,0
BRDA:526,118,0,0
BRDA:530,119,0,0
BRDA:542,120,0,8
BRDA:549,121,0,2
BRDA:549,122,0,4
BRDA:553,123,0,2
BRDA:567,124,0,12
BRDA:569,125,0,10
BRDA:570,126,0,5
BRDA:570,127,0,4
BRDA:571,128,0,2
BRDA:572,129,0,6
BRDA:575,130,0,1
BRDA:577,131,0,2
BRDA:591,132,0,21
BRDA:593,133,0,19
BRDA:594,134,0,11
BRDA:594,135,0,10
BRDA:595,136,0,4
BRDA:596,137,0,9
BRDA:599,138,0,4
BRDA:601,139,0,2
BRDA:615,140,0,12
BRDA:617,141,0,10
BRDA:618,142,0,5
BRDA:618,143,0,4
BRDA:620,144,0,6
BRDA:625,145,0,2
BRDA:638,146,0,7
BRDA:639,147,0,1
BRDA:641,148,0,6
BRDA:645,149,0,5
BRDA:646,150,0,1
BRDA:648,151,0,4
BRDA:649,152,0,2
BRDA:649,153,0,2
BRF:154
BRH:148
DA:1,1
DA:2,1
DA:3,1
DA:4,1
DA:5,1
DA:6,1
DA:7,1
DA:8,1
DA:9,1
DA:10,1
DA:11,1
DA:12,1
DA:13,1
DA:14,1
DA:15,1
DA:16,1
DA:17,1
DA:18,1
DA:19,1
DA:20,1
DA:21,1
DA:22,1
DA:23,1
DA:24,1
DA:25,389
DA:26,389
DA:27,1
DA:28,1
DA:29,1
DA:30,1
DA:31,1
DA:32,1
DA:33,1
DA:34,1
DA:35,1
DA:36,1
DA:37,1
DA:38,197
DA:39,197
DA:40,58
DA:41,58
DA:42,58
DA:43,197
DA:44,35
DA:45,8
DA:46,8
DA:47,8
DA:48,27
DA:49,27
DA:50,27
DA:51,27
DA:52,29
DA:53,197
DA:54,102
DA:55,102
DA:56,102
DA:57,102
DA:58,197
DA:59,2
DA:60,197
DA:61,188
DA:62,188
DA:63,188
DA:64,197
DA:65,1
DA:66,1
DA:67,1
DA:68,1
DA:69,1
DA:70,1
DA:71,1
DA:72,1
DA:73,1
DA:74,1
DA:75,1
DA:76,309
DA:77,243
DA:78,243
DA:79,66
DA:80,66
DA:81,22
DA:82,22
DA:83,44
DA:84,44
DA:85,10
DA:86,10
DA:87,34
DA:88,34
DA:89,34
DA:90,309
DA:91,1
DA:92,1
DA:93,1
DA:94,1
DA:95,1
DA:96,1
DA:97,1
DA:98,1
DA:99,1
DA:100,106
DA:101,2
DA:102,2
DA:103,104
DA:104,104
DA:105,2
DA:106,2
DA:107,102
DA:108,102
DA:109,102
DA:110,102
DA:111,102
DA:112,102
DA:113,102
DA:114,5
DA:115,5
DA:116,5
DA:117,102
DA:118,106
DA:119,1
DA:120,1
DA:121,1
DA:122,1
DA:123,1
DA:124,1
DA:125,1
DA:126,1
DA:127,1
DA:128,1
DA:129,1
DA:130,1
DA:131,1
DA:132,1
DA:133,1
DA:134,1
DA:135,1
DA:136,1
DA:137,1
DA:138,1
DA:139,1
DA:140,1
DA:141,1
DA:142,1
DA:143,1
DA:144,1
DA:145,1
DA:146,1
DA:147,1
DA:148,12
DA:149,12
DA:150,3
DA:151,1
DA:152,1
DA:153,1
DA:154,2
DA:155,2
DA:156,2
DA:157,2
DA:158,2
DA:159,12
DA:160,7
DA:161,7
DA:162,7
DA:163,7
DA:164,12
DA:165,2
DA:166,12
DA:167,12
DA:168,1
DA:169,1
DA:170,1
DA:171,1
DA:172,1
DA:173,1
DA:174,1
DA:175,1
DA:176,1
DA:177,1
DA:178,1
DA:179,9
DA:180,9
DA:181,7
DA:182,1
DA:183,1
DA:184,1
DA:185,1
DA:186,1
DA:187,1
DA:188,1
DA:189,1
DA:190,1
DA:191,1
DA:192,1
DA:193,1
DA:194,6
DA:195,6
DA:196,6
DA:197,6
DA:198,3
DA:199,9
DA:200,2
DA:201,9
DA:202,9
DA:203,1
DA:204,1
DA:205,1
DA:206,1
DA:207,1
DA:208,1
DA:209,1
DA:210,1
DA:211,1
DA:212,1
DA:213,1
DA:214,9
DA:215,9
DA:216,7
DA:217,1
DA:218,1
DA:219,1
DA:220,1
DA:221,1
DA:222,1
DA:223,1
DA:224,1
DA:225,1
DA:226,1
DA:227,1
DA:228,1
DA:229,6
DA:230,6
DA:231,6
DA:232,6
DA:233,3
DA:234,9
DA:235,2
DA:236,9
DA:237,9
DA:238,1
DA:239,1
DA:240,1
DA:241,1
DA:242,1
DA:243,1
DA:244,1
DA:245,1
DA:246,1
DA:247,1
DA:248,1
DA:249,18
DA:250,18
DA:251,16
DA:252,10
DA:253,10
DA:254,10
DA:255,10
DA:256,10
DA:257,10
DA:258,10
DA:259,10
DA:260,10
DA:261,6
DA:262,6
DA:263,6
DA:264,6
DA:265,6
DA:266,6
DA:267,6
DA:268,12
DA:269,18
DA:270,2
DA:271,18
DA:272,18
DA:273,1
DA:274,1
DA:275,1
DA:276,1
DA:277,1
DA:278,1
DA:279,1
DA:280,1
DA:281,1
DA:282,1
DA:283,1
DA:284,14
DA:285,14
DA:286,12
DA:287,5
DA:288,5
DA:289,5
DA:290,5
DA:291,5
DA:292,2
DA:293,2
DA:294,3
DA:295,5
DA:296,3
DA:297,3
DA:298,3
DA:299,3
DA:300,3
DA:301,3
DA:302,3
DA:303,5
DA:304,2
DA:305,2
DA:306,2
DA:307,5
DA:308,7
DA:309,7
DA:310,7
DA:311,7
DA:312,1
DA:313,1
DA:314,2
DA:315,7
DA:316,2
DA:317,2
DA:318,2
DA:319,2
DA:320,2
DA:321,7
DA:322,1
DA:323,1
DA:324,1
DA:325,7
DA:326,5
DA:327,14
DA:328,2
DA:329,14
DA:330,14
DA:331,1
DA:332,1
DA:333,1
DA:334,1
DA:335,1
DA:336,1
DA:337,1
DA:338,1
DA:339,1
DA:340,1
DA:341,1
DA:342,10
DA:343,10
DA:344,8
DA:345,8
DA:346,8
DA:347,8
DA:348,9
DA:349,9
DA:350,8
DA:351,3
DA:352,3
DA:353,5
DA:354,5
DA:355,5
DA:356,5
DA:357,10
DA:358,2
DA:359,10
DA:360,10
DA:361,1
DA:362,1
DA:363,1
DA:364,1
DA:365,1
DA:366,1
DA:367,1
DA:368,1
DA:369,1
DA:370,1
DA:371,4
DA:372,1
DA:373,1
DA:374,3
DA:375,3
DA:376,4
DA:377,1
DA:378,1
DA:379,1
DA:380,1
DA:381,1
DA:382,1
DA:383,1
DA:384,1
DA:385,1
DA:386,1
DA:387,4
DA:388,1
DA:389,1
DA:390,3
DA:391,3
DA:392,4
DA:393,1
DA:394,1
DA:395,1
DA:396,1
DA:397,1
DA:398,1
DA:399,1
DA:400,1
DA:401,1
DA:402,1
DA:403,4
DA:404,1
DA:405,1
DA:406,3
DA:407,3
DA:408,3
DA:409,4
DA:410,1
DA:411,1
DA:412,1
DA:413,1
DA:414,1
DA:415,1
DA:416,1
DA:417,1
DA:418,1
DA:419,1
DA:420,4
DA:421,1
DA:422,1
DA:423,3
DA:424,3
DA:425,3
DA:426,4
DA:427,1
DA:428,1
DA:429,1
DA:430,1
DA:431,1
DA:432,1
DA:433,1
DA:434,1
DA:435,1
DA:436,1
DA:437,3
DA:438,1
DA:439,1
DA:440,3
DA:441,2
DA:442,3
DA:443,1
DA:444,1
DA:445,1
DA:446,1
DA:447,1
DA:448,1
DA:449,1
DA:450,1
DA:451,1
DA:452,1
DA:453,3
DA:454,1
DA:455,1
DA:456,2
DA:457,2
DA:458,3
DA:459,1
DA:460,1
DA:461,1
DA:462,1
DA:463,1
DA:464,1
DA:465,1
DA:466,1
DA:467,1
DA:468,1
DA:469,3
DA:470,1
DA:471,1
DA:472,2
DA:473,3
DA:474,1
DA:475,1
DA:476,1
DA:477,1
DA:478,1
DA:479,1
DA:480,1
DA:481,1
DA:482,1
DA:483,1
DA:484,3
DA:485,1
DA:486,1
DA:487,2
DA:488,3
DA:489,1
DA:490,1
DA:491,1
DA:492,1
DA:493,1
DA:494,1
DA:495,1
DA:496,1
DA:497,1
DA:498,1
DA:499,1
DA:500,18
DA:501,18
DA:502,16
DA:503,8
DA:504,8
DA:505,8
DA:506,8
DA:507,8
DA:508,8
DA:509,8
DA:510,8
DA:511,8
DA:512,8
DA:513,8
DA:514,8
DA:515,8
DA:516,8
DA:517,8
DA:518,8
DA:519,8
DA:520,8
DA:521,8
DA:522,8
DA:523,8
DA:524,8
DA:525,8
DA:526,8
DA:527,0
DA:528,0
DA:529,0
DA:530,8
DA:531,0
DA:532,0
DA:533,0
DA:534,0
DA:535,0
DA:536,0
DA:537,0
DA:538,0
DA:539,0
DA:540,0
DA:541,0
DA:542,8
DA:543,8
DA:544,8
DA:545,8
DA:546,8
DA:547,8
DA:548,8
DA:549,8
DA:550,4
DA:551,4
DA:552,4
DA:553,18
DA:554,2
DA:555,18
DA:556,18
DA:557,1
DA:558,1
DA:559,1
DA:560,1
DA:561,1
DA:562,1
DA:563,1
DA:564,1
DA:565,1
DA:566,1
DA:567,1
DA:568,12
DA:569,12
DA:570,10
DA:571,4
DA:572,4
DA:573,6
DA:574,6
DA:575,6
DA:576,6
DA:577,12
DA:578,2
DA:579,12
DA:580,12
DA:581,1
DA:582,1
DA:583,1
DA:584,1
DA:585,1
DA:586,1
DA:587,1
DA:588,1
DA:589,1
DA:590,1
DA:591,1
DA:592,21
DA:593,21
DA:594,19
DA:595,10
DA:596,10
DA:597,9
DA:598,9
DA:599,9
DA:600,9
DA:601,21
DA:602,2
DA:603,21
DA:604,21
DA:605,1
DA:606,1
DA:607,1
DA:608,1
DA:609,1
DA:610,1
DA:611,1
DA:612,1
DA:613,1
DA:614,1
DA:615,1
DA:616,12
DA:617,12
DA:618,10
DA:619,4
DA:620,4
DA:621,6
DA:622,6
DA:623,6
DA:624,6
DA:625,12
DA:626,2
DA:627,12
DA:628,12
DA:629,1
DA:630,1
DA:631,1
DA:632,1
DA:633,1
DA:634,1
DA:635,1
DA:636,1
DA:637,1
DA:638,1
DA:639,7
DA:640,1
DA:641,1
DA:642,6
DA:643,7
DA:644,1
DA:645,1
DA:646,5
DA:647,1
DA:648,1
DA:649,5
DA:650,5
DA:651,1
DA:652,1
DA:653,1
LH:639
LF:653
end_of_record
SF:test/rational.test.js
FN:42,anonymous_0
FN:48,anonymous_1
FN:52,anonymous_2
FN:65,loadTestData
FN:77,testData.method
FN:91,testData.method
FN:105,testData.method
FN:119,testData.method
FN:135,testData.method
FN:138,anonymous_9
FN:141,anonymous_10
FN:151,anonymous_11
FN:154,anonymous_12
FN:171,testData.method
FN:174,anonymous_14
FN:177,anonymous_15
FN:187,anonymous_16
FN:190,anonymous_17
FN:207,testData.method
FN:210,anonymous_19
FN:213,anonymous_20
FN:223,anonymous_21
FN:226,anonymous_22
FN:243,testData.method
FN:246,anonymous_24
FN:247,anonymous_25
FN:249,anonymous_26
FN:259,anonymous_27
FN:260,anonymous_28
FN:262,anonymous_29
FN:279,testData.method
FN:282,anonymous_31
FN:285,anonymous_32
FN:295,anonymous_33
FN:298,anonymous_34
FN:315,testData.method
FN:318,anonymous_36
FN:321,anonymous_37
FN:331,anonymous_38
FN:334,anonymous_39
FN:351,testData.method
FN:365,testData.method
FN:379,testData.method
FN:393,testData.method
FN:407,testData.method
FN:421,testData.method
FN:424,anonymous_46
FN:427,anonymous_47
FN:437,anonymous_48
FN:440,anonymous_49
FN:457,testData.method
FN:460,anonymous_51
FN:463,anonymous_52
FN:473,anonymous_53
FN:476,anonymous_54
FN:493,testData.method
FN:496,anonymous_56
FN:499,anonymous_57
FN:509,anonymous_58
FN:512,anonymous_59
FN:533,testData.method
FN:553,testData.method
FN:573,testData.method
FN:593,testData.method
FN:613,testData.method
FN:633,testData.method
FN:636,anonymous_66
FN:639,anonymous_67
FN:651,anonymous_68
FN:654,anonymous_69
FN:671,testData.method
FN:674,anonymous_71
FN:677,anonymous_72
FN:689,anonymous_73
FN:692,anonymous_74
FN:709,testData.method
FN:712,anonymous_76
FN:715,anonymous_77
FN:727,anonymous_78
FN:730,anonymous_79
FN:747,testData.method
FN:750,anonymous_81
FN:753,anonymous_82
FN:765,anonymous_83
FN:768,anonymous_84
FN:785,testData.method
FN:788,anonymous_86
FN:791,anonymous_87
FN:803,anonymous_88
FN:806,anonymous_89
FN:823,testData.method
FN:826,anonymous_91
FN:829,anonymous_92
FN:841,anonymous_93
FN:844,anonymous_94
FN:861,testData.method
FN:864,anonymous_96
FN:867,anonymous_97
FN:879,anonymous_98
FN:882,anonymous_99
FN:903,testData.method
FN:925,testData.method
FN:947,testData.method
FN:969,testData.method
FN:972,anonymous_104
FN:975,anonymous_105
FN:987,anonymous_106
FN:990,anonymous_107
FN:1007,testData.method
FN:1010,anonymous_109
FN:1013,anonymous_110
FN:1025,anonymous_111
FN:1028,anonymous_112
FN:1045,testData.method
FN:1048,anonymous_114
FN:1051,anonymous_115
FN:1063,anonymous_116
FN:1066,anonymous_117
FN:1083,testData.method
FN:1086,anonymous_119
FN:1089,anonymous_120
FN:1101,anonymous_121
FN:1104,anonymous_122
FN:1121,testData.method
FN:1124,anonymous_124
FN:1127,anonymous_125
FN:1139,anonymous_126
FN:1142,anonymous_127
FN:1159,testData.method
FN:1162,anonymous_129
FN:1165,anonymous_130
FN:1177,anonymous_131
FN:1180,anonymous_132
FN:1201,testData.method
FN:1223,testData.method
FN:1245,testData.method
FN:1267,testData.method
FN:1270,anonymous_137
FN:1273,anonymous_138
FN:1285,anonymous_139
FN:1288,anonymous_140
FN:1305,testData.method
FN:1308,anonymous_142
FN:1311,anonymous_143
FN:1323,anonymous_144
FN:1326,anonymous_145
FN:1343,testData.method
FN:1346,anonymous_147
FN:1349,anonymous_148
FN:1361,anonymous_149
FN:1364,anonymous_150
FN:1381,testData.method
FN:1384,anonymous_152
FN:1387,anonymous_153
FN:1399,anonymous_154
FN:1402,anonymous_155
FN:1419,testData.method
FN:1422,anonymous_157
FN:1425,anonymous_158
FN:1437,anonymous_159
FN:1440,anonymous_160
FN:1457,testData.method
FN:1460,anonymous_162
FN:1463,anonymous_163
FN:1475,anonymous_164
FN:1478,anonymous_165
FN:1499,testData.method
FN:1521,testData.method
FN:1543,testData.method
FN:1565,testData.method
FN:1568,anonymous_170
FN:1571,anonymous_171
FN:1583,anonymous_172
FN:1586,anonymous_173
FN:1603,testData.method
FN:1606,anonymous_175
FN:1609,anonymous_176
FN:1621,anonymous_177
FN:1624,anonymous_178
FN:1641,testData.method
FN:1644,anonymous_180
FN:1647,anonymous_181
FN:1659,anonymous_182
FN:1662,anonymous_183
FN:1679,testData.method
FN:1682,anonymous_185
FN:1685,anonymous_186
FN:1697,anonymous_187
FN:1700,anonymous_188
FN:1717,testData.method
FN:1720,anonymous_190
FN:1723,anonymous_191
FN:1735,anonymous_192
FN:1738,anonymous_193
FN:1755,testData.method
FN:1758,anonymous_195
FN:1761,anonymous_196
FN:1773,anonymous_197
FN:1776,anonymous_198
FN:1797,testData.method
FN:1819,testData.method
FN:1841,testData.method
FN:1863,testData.method
FN:1866,anonymous_203
FN:1869,anonymous_204
FN:1881,anonymous_205
FN:1884,anonymous_206
FN:1901,testData.method
FN:1904,anonymous_208
FN:1907,anonymous_209
FN:1919,anonymous_210
FN:1922,anonymous_211
FN:1939,testData.method
FN:1942,anonymous_213
FN:1945,anonymous_214
FN:1957,anonymous_215
FN:1960,anonymous_216
FN:1977,testData.method
FN:1980,anonymous_218
FN:1983,anonymous_219
FN:1995,anonymous_220
FN:1998,anonymous_221
FN:2015,testData.method
FN:2018,anonymous_223
FN:2021,anonymous_224
FN:2033,anonymous_225
FN:2036,anonymous_226
FN:2053,testData.method
FN:2056,anonymous_228
FN:2059,anonymous_229
FN:2071,anonymous_230
FN:2074,anonymous_231
FN:2091,testData.method
FN:2094,anonymous_233
FN:2097,anonymous_234
FN:2109,anonymous_235
FN:2112,anonymous_236
FN:2129,testData.method
FN:2132,anonymous_238
FN:2135,anonymous_239
FN:2147,anonymous_240
FN:2150,anonymous_241
FN:2171,testData.method
FN:2193,testData.method
FN:2215,testData.method
FN:2237,testData.method
FN:2259,testData.method
FN:2281,testData.method
FN:2284,anonymous_248
FN:2287,anonymous_249
FN:2299,anonymous_250
FN:2302,anonymous_251
FN:2319,testData.method
FN:2322,anonymous_253
FN:2325,anonymous_254
FN:2337,anonymous_255
FN:2340,anonymous_256
FN:2357,testData.method
FN:2360,anonymous_258
FN:2363,anonymous_259
FN:2375,anonymous_260
FN:2378,anonymous_261
FN:2395,testData.method
FN:2398,anonymous_263
FN:2401,anonymous_264
FN:2413,anonymous_265
FN:2416,anonymous_266
FN:2433,testData.method
FN:2436,anonymous_268
FN:2439,anonymous_269
FN:2451,anonymous_270
FN:2454,anonymous_271
FN:2475,testData.method
FN:2503,testData.method
FN:2531,testData.method
FN:2559,testData.method
FN:2562,anonymous_276
FN:2565,anonymous_277
FN:2577,anonymous_278
FN:2580,anonymous_279
FN:2601,testData.method
FN:2629,testData.method
FN:2657,testData.method
FN:2685,testData.method
FN:2688,anonymous_284
FN:2691,anonymous_285
FN:2703,anonymous_286
FN:2706,anonymous_287
FN:2727,testData.method
FN:2755,testData.method
FN:2783,testData.method
FN:2811,testData.method
FN:2814,anonymous_292
FN:2817,anonymous_293
FN:2829,anonymous_294
FN:2832,anonymous_295
FN:2853,testData.method
FN:2881,testData.method
FN:2909,testData.method
FN:2937,testData.method
FN:2940,anonymous_300
FN:2943,anonymous_301
FN:2955,anonymous_302
FN:2958,anonymous_303
FN:2979,testData.method
FN:3001,testData.method
FN:3023,testData.method
FN:3026,anonymous_307
FN:3029,anonymous_308
FN:3041,anonymous_309
FN:3044,anonymous_310
FN:3065,testData.method
FN:3087,testData.method
FN:3109,testData.method
FN:3112,anonymous_314
FN:3115,anonymous_315
FN:3127,anonymous_316
FN:3130,anonymous_317
FN:3151,testData.method
FN:3171,testData.method
FN:3191,testData.method
FN:3194,anonymous_321
FN:3197,anonymous_322
FN:3209,anonymous_323
FN:3212,anonymous_324
FN:3233,testData.method
FN:3253,testData.method
FN:3273,testData.method
FN:3276,anonymous_328
FN:3279,anonymous_329
FN:3291,anonymous_330
FN:3294,anonymous_331
FN:3315,testData.method
FN:3341,testData.method
FN:3367,testData.method
FN:3393,testData.method
FN:3396,anonymous_336
FN:3399,anonymous_337
FN:3411,anonymous_338
FN:3414,anonymous_339
FN:3431,testData.method
FN:3434,anonymous_341
FN:3437,anonymous_342
FN:3449,anonymous_343
FN:3452,anonymous_344
FN:3469,testData.method
FN:3472,anonymous_346
FN:3475,anonymous_347
FN:3487,anonymous_348
FN:3490,anonymous_349
FN:3507,testData.method
FN:3510,anonymous_351
FN:3513,anonymous_352
FN:3525,anonymous_353
FN:3528,anonymous_354
FN:3545,testData.method
FN:3548,anonymous_356
FN:3551,anonymous_357
FN:3563,anonymous_358
FN:3566,anonymous_359
FN:3583,testData.method
FN:3586,anonymous_361
FN:3589,anonymous_362
FN:3601,anonymous_363
FN:3604,anonymous_364
FN:3625,testData.method
FN:3651,testData.method
FN:3677,testData.method
FN:3703,testData.method
FN:3706,anonymous_369
FN:3709,anonymous_370
FN:3721,anonymous_371
FN:3724,anonymous_372
FN:3741,testData.method
FN:3744,anonymous_374
FN:3747,anonymous_375
FN:3759,anonymous_376
FN:3762,anonymous_377
FN:3779,testData.method
FN:3782,anonymous_379
FN:3785,anonymous_380
FN:3797,anonymous_381
FN:3800,anonymous_382
FN:3817,testData.method
FN:3820,anonymous_384
FN:3823,anonymous_385
FN:3835,anonymous_386
FN:3838,anonymous_387
FN:3855,testData.method
FN:3858,anonymous_389
FN:3861,anonymous_390
FN:3873,anonymous_391
FN:3876,anonymous_392
FN:3893,testData.method
FN:3896,anonymous_394
FN:3899,anonymous_395
FN:3911,anonymous_396
FN:3914,anonymous_397
FN:3935,testData.method
FN:3961,testData.method
FN:3987,testData.method
FN:4013,testData.method
FN:4016,anonymous_402
FN:4019,anonymous_403
FN:4031,anonymous_404
FN:4034,anonymous_405
FN:4051,testData.method
FN:4054,anonymous_407
FN:4057,anonymous_408
FN:4069,anonymous_409
FN:4072,anonymous_410
FN:4089,testData.method
FN:4092,anonymous_412
FN:4095,anonymous_413
FN:4107,anonymous_414
FN:4110,anonymous_415
FN:4127,testData.method
FN:4130,anonymous_417
FN:4133,anonymous_418
FN:4145,anonymous_419
FN:4148,anonymous_420
FN:4165,testData.method
FN:4168,anonymous_422
FN:4171,anonymous_423
FN:4183,anonymous_424
FN:4186,anonymous_425
FN:4203,testData.method
FN:4206,anonymous_427
FN:4209,anonymous_428
FN:4221,anonymous_429
FN:4224,anonymous_430
FN:4245,testData.method
FN:4271,testData.method
FN:4297,testData.method
FN:4323,testData.method
FN:4326,anonymous_435
FN:4329,anonymous_436
FN:4341,anonymous_437
FN:4344,anonymous_438
FN:4361,testData.method
FN:4364,anonymous_440
FN:4367,anonymous_441
FN:4379,anonymous_442
FN:4382,anonymous_443
FN:4399,testData.method
FN:4402,anonymous_445
FN:4405,anonymous_446
FN:4417,anonymous_447
FN:4420,anonymous_448
FN:4437,testData.method
FN:4440,anonymous_450
FN:4443,anonymous_451
FN:4455,anonymous_452
FN:4458,anonymous_453
FN:4475,testData.method
FN:4478,anonymous_455
FN:4481,anonymous_456
FN:4493,anonymous_457
FN:4496,anonymous_458
FN:4513,testData.method
FN:4516,anonymous_460
FN:4519,anonymous_461
FN:4531,anonymous_462
FN:4534,anonymous_463
FN:4555,testData.method
FN:4579,testData.method
FN:4582,anonymous_466
FN:4585,anonymous_467
FN:4597,anonymous_468
FN:4600,anonymous_469
FN:4621,testData.method
FN:4640,testData.method
FN:4643,anonymous_472
FN:4646,anonymous_473
FN:4658,anonymous_474
FN:4661,anonymous_475
FN:4682,nodeRunner
FN:4685,anonymous_477
FN:4687,anonymous_478
FN:4700,defRunner
FN:4733,makeTest
FNDA:1,anonymous_0
FNDA:1,anonymous_1
FNDA:0,anonymous_2
FNDA:1,loadTestData
FNDA:1,testData.method
FNDA:1,testData.method
FNDA:1,testData.method
FNDA:1,testData.method
FNDA:1,testData.method
FNDA:1,anonymous_9
FNDA:1,anonymous_10
FNDA:1,anonymous_11
FNDA:1,anonymous_12
FNDA:1,testData.method
FNDA:1,anonymous_14
FNDA:1,anonymous_15
FNDA:1,anonymous_16
FNDA:1,anonymous_17
FNDA:1,testData.method
FNDA:1,anonymous_19
FNDA:1,anonymous_20
FNDA:1,anonymous_21
FNDA:1,anonymous_22
FNDA:1,testData.method
FNDA:1,anonymous_24
FNDA:0,anonymous_25
FNDA:1,anonymous_26
FNDA:1,anonymous_27
FNDA:0,anonymous_28
FNDA:1,anonymous_29
FNDA:1,testData.method
FNDA:1,anonymous_31
FNDA:1,anonymous_32
FNDA:1,anonymous_33
FNDA:1,anonymous_34
FNDA:1,testData.method
FNDA:1,anonymous_36
FNDA:1,anonymous_37
FNDA:1,anonymous_38
FNDA:1,anonymous_39
FNDA:1,testData.method
FNDA:1,testData.method
FNDA:1,testData.method
FNDA:1,testData.method
FNDA:1,testData.method
FNDA:1,testData.method
FNDA:1,anonymous_46
FNDA:1,anonymous_47
FNDA:1,anonymous_48
FNDA:1,anonymous_49
FNDA:1,testData.method
FNDA:1,anonymous_51
FNDA:1,anonymous_52
FNDA:1,anonymous_53
FNDA:1,anonymous_54
FNDA:1,testData.method
FNDA:1,anonymous_56
FNDA:1,anonymous_57
FNDA:1,anonymous_58
FNDA:1,anonymous_59
FNDA:1,testData.method
FNDA:1,testData.method
FNDA:1,testData.method
FNDA:1,testData.method
FNDA:1,testData.method
FNDA:1,testData.method
FNDA:1,anonymous_66
FNDA:1,anonymous_67
FNDA:1,anonymous_68
FNDA:1,anonymous_69
FNDA:1,testData.method
FNDA:1,anonymous_71
FNDA:1,anonymous_72
FNDA:1,anonymous_73
FNDA:1,anonymous_74
FNDA:1,testData.method
FNDA:1,anonymous_76
FNDA:1,anonymous_77
FNDA:1,anonymous_78
FNDA:1,anonymous_79
FNDA:1,testData.method
FNDA:1,anonymous_81
FNDA:1,anonymous_82
FNDA:1,anonymous_83
FNDA:1,anonymous_84
FNDA:1,testData.method
FNDA:1,anonymous_86
FNDA:1,anonymous_87
FNDA:1,anonymous_88
FNDA:1,anonymous_89
FNDA:1,testData.method
FNDA:1,anonymous_91
FNDA:1,anonymous_92
FNDA:1,anonymous_93
FNDA:1,anonymous_94
FNDA:1,testData.method
FNDA:1,anonymous_96
FNDA:1,anonymous_97
FNDA:1,anonymous_98
FNDA:1,anonymous_99
FNDA:1,testData.method
FNDA:1,testData.method
FNDA:1,testData.method
FNDA:1,testData.method
FNDA:1,anonymous_104
FNDA:1,anonymous_105
FNDA:1,anonymous_106
FNDA:1,anonymous_107
FNDA:1,testData.method
FNDA:1,anonymous_109
FNDA:1,anonymous_110
FNDA:1,anonymous_111
FNDA:1,anonymous_112
FNDA:1,testData.method
FNDA:1,anonymous_114
FNDA:1,anonymous_115
FNDA:1,anonymous_116
FNDA:1,anonymous_117
FNDA:1,testData.method
FNDA:1,anonymous_119
FNDA:1,anonymous_120
FNDA:1,anonymous_121
FNDA:1,anonymous_122
FNDA:1,testData.method
FNDA:1,anonymous_124
FNDA:1,anonymous_125
FNDA:1,anonymous_126
FNDA:1,anonymous_127
FNDA:1,testData.method
FNDA:1,anonymous_129
FNDA:1,anonymous_130
FNDA:1,anonymous_131
FNDA:1,anonymous_132
FNDA:1,testData.method
FNDA:1,testData.method
FNDA:1,testData.method
FNDA:1,testData.method
FNDA:1,anonymous_137
FNDA:1,anonymous_138
FNDA:1,anonymous_139
FNDA:1,anonymous_140
FNDA:1,testData.method
FNDA:1,anonymous_142
FNDA:1,anonymous_143
FNDA:1,anonymous_144
FNDA:1,anonymous_145
FNDA:1,testData.method
FNDA:1,anonymous_147
FNDA:1,anonymous_148
FNDA:1,anonymous_149
FNDA:1,anonymous_150
FNDA:1,testData.method
FNDA:1,anonymous_152
FNDA:1,anonymous_153
FNDA:1,anonymous_154
FNDA:1,anonymous_155
FNDA:1,testData.method
FNDA:1,anonymous_157
FNDA:1,anonymous_158
FNDA:1,anonymous_159
FNDA:1,anonymous_160
FNDA:1,testData.method
FNDA:1,anonymous_162
FNDA:1,anonymous_163
FNDA:1,anonymous_164
FNDA:1,anonymous_165
FNDA:1,testData.method
FNDA:1,testData.method
FNDA:1,testData.method
FNDA:1,testData.method
FNDA:1,anonymous_170
FNDA:1,anonymous_171
FNDA:1,anonymous_172
FNDA:1,anonymous_173
FNDA:1,testData.method
FNDA:1,anonymous_175
FNDA:1,anonymous_176
FNDA:1,anonymous_177
FNDA:1,anonymous_178
FNDA:1,testData.method
FNDA:1,anonymous_180
FNDA:1,anonymous_181
FNDA:1,anonymous_182
FNDA:1,anonymous_183
FNDA:1,testData.method
FNDA:1,anonymous_185
FNDA:1,anonymous_186
FNDA:1,anonymous_187
FNDA:1,anonymous_188
FNDA:1,testData.method
FNDA:1,anonymous_190
FNDA:1,anonymous_191
FNDA:1,anonymous_192
FNDA:1,anonymous_193
FNDA:1,testData.method
FNDA:1,anonymous_195
FNDA:1,anonymous_196
FNDA:1,anonymous_197
FNDA:1,anonymous_198
FNDA:1,testData.method
FNDA:1,testData.method
FNDA:1,testData.method
FNDA:1,testData.method
FNDA:1,anonymous_203
FNDA:1,anonymous_204
FNDA:1,anonymous_205
FNDA:1,anonymous_206
FNDA:1,testData.method
FNDA:1,anonymous_208
FNDA:1,anonymous_209
FNDA:1,anonymous_210
FNDA:1,anonymous_211
FNDA:1,testData.method
FNDA:1,anonymous_213
FNDA:1,anonymous_214
FNDA:1,anonymous_215
FNDA:1,anonymous_216
FNDA:1,testData.method
FNDA:1,anonymous_218
FNDA:1,anonymous_219
FNDA:1,anonymous_220
FNDA:1,anonymous_221
FNDA:1,testData.method
FNDA:1,anonymous_223
FNDA:1,anonymous_224
FNDA:1,anonymous_225
FNDA:1,anonymous_226
FNDA:1,testData.method
FNDA:1,anonymous_228
FNDA:1,anonymous_229
FNDA:1,anonymous_230
FNDA:1,anonymous_231
FNDA:1,testData.method
FNDA:1,anonymous_233
FNDA:1,anonymous_234
FNDA:1,anonymous_235
FNDA:1,anonymous_236
FNDA:1,testData.method
FNDA:1,anonymous_238
FNDA:1,anonymous_239
FNDA:1,anonymous_240
FNDA:1,anonymous_241
FNDA:1,testData.method
FNDA:1,testData.method
FNDA:1,testData.method
FNDA:1,testData.method
FNDA:1,testData.method
FNDA:1,testData.method
FNDA:1,anonymous_248
FNDA:1,anonymous_249
FNDA:1,anonymous_250
FNDA:1,anonymous_251
FNDA:1,testData.method
FNDA:1,anonymous_253
FNDA:1,anonymous_254
FNDA:1,anonymous_255
FNDA:1,anonymous_256
FNDA:1,testData.method
FNDA:1,anonymous_258
FNDA:1,anonymous_259
FNDA:1,anonymous_260
FNDA:1,anonymous_261
FNDA:1,testData.method
FNDA:1,anonymous_263
FNDA:1,anonymous_264
FNDA:1,anonymous_265
FNDA:1,anonymous_266
FNDA:1,testData.method
FNDA:1,anonymous_268
FNDA:1,anonymous_269
FNDA:1,anonymous_270
FNDA:1,anonymous_271
FNDA:1,testData.method
FNDA:1,testData.method
FNDA:1,testData.method
FNDA:1,testData.method
FNDA:1,anonymous_276
FNDA:1,anonymous_277
FNDA:1,anonymous_278
FNDA:1,anonymous_279
FNDA:1,testData.method
FNDA:1,testData.method
FNDA:1,testData.method
FNDA:1,testData.method
FNDA:1,anonymous_284
FNDA:1,anonymous_285
FNDA:1,anonymous_286
FNDA:1,anonymous_287
FNDA:1,testData.method
FNDA:1,testData.method
FNDA:1,testData.method
FNDA:1,testData.method
FNDA:1,anonymous_292
FNDA:1,anonymous_293
FNDA:1,anonymous_294
FNDA:1,anonymous_295
FNDA:1,testData.method
FNDA:1,testData.method
FNDA:1,testData.method
FNDA:1,testData.method
FNDA:1,anonymous_300
FNDA:1,anonymous_301
FNDA:1,anonymous_302
FNDA:1,anonymous_303
FNDA:1,testData.method
FNDA:1,testData.method
FNDA:1,testData.method
FNDA:1,anonymous_307
FNDA:1,anonymous_308
FNDA:1,anonymous_309
FNDA:1,anonymous_310
FNDA:1,testData.method
FNDA:1,testData.method
FNDA:1,testData.method
FNDA:1,anonymous_314
FNDA:1,anonymous_315
FNDA:1,anonymous_316
FNDA:1,anonymous_317
FNDA:1,testData.method
FNDA:1,testData.method
FNDA:1,testData.method
FNDA:1,anonymous_321
FNDA:1,anonymous_322
FNDA:1,anonymous_323
FNDA:1,anonymous_324
FNDA:1,testData.method
FNDA:1,testData.method
FNDA:1,testData.method
FNDA:1,anonymous_328
FNDA:1,anonymous_329
FNDA:1,anonymous_330
FNDA:1,anonymous_331
FNDA:1,testData.method
FNDA:1,testData.method
FNDA:1,testData.method
FNDA:1,testData.method
FNDA:1,anonymous_336
FNDA:1,anonymous_337
FNDA:1,anonymous_338
FNDA:1,anonymous_339
FNDA:1,testData.method
FNDA:1,anonymous_341
FNDA:1,anonymous_342
FNDA:1,anonymous_343
FNDA:1,anonymous_344
FNDA:1,testData.method
FNDA:1,anonymous_346
FNDA:1,anonymous_347
FNDA:1,anonymous_348
FNDA:1,anonymous_349
FNDA:1,testData.method
FNDA:1,anonymous_351
FNDA:1,anonymous_352
FNDA:1,anonymous_353
FNDA:1,anonymous_354
FNDA:1,testData.method
FNDA:1,anonymous_356
FNDA:1,anonymous_357
FNDA:1,anonymous_358
FNDA:1,anonymous_359
FNDA:1,testData.method
FNDA:1,anonymous_361
FNDA:1,anonymous_362
FNDA:1,anonymous_363
FNDA:1,anonymous_364
FNDA:1,testData.method
FNDA:1,testData.method
FNDA:1,testData.method
FNDA:1,testData.method
FNDA:1,anonymous_369
FNDA:1,anonymous_370
FNDA:1,anonymous_371
FNDA:1,anonymous_372
FNDA:1,testData.method
FNDA:1,anonymous_374
FNDA:1,anonymous_375
FNDA:1,anonymous_376
FNDA:1,anonymous_377
FNDA:1,testData.method
FNDA:1,anonymous_379
FNDA:1,anonymous_380
FNDA:1,anonymous_381
FNDA:1,anonymous_382
FNDA:1,testData.method
FNDA:1,anonymous_384
FNDA:1,anonymous_385
FNDA:1,anonymous_386
FNDA:1,anonymous_387
FNDA:1,testData.method
FNDA:1,anonymous_389
FNDA:1,anonymous_390
FNDA:1,anonymous_391
FNDA:1,anonymous_392
FNDA:1,testData.method
FNDA:1,anonymous_394
FNDA:1,anonymous_395
FNDA:1,anonymous_396
FNDA:1,anonymous_397
FNDA:1,testData.method
FNDA:1,testData.method
FNDA:1,testData.method
FNDA:1,testData.method
FNDA:1,anonymous_402
FNDA:1,anonymous_403
FNDA:1,anonymous_404
FNDA:1,anonymous_405
FNDA:1,testData.method
FNDA:1,anonymous_407
FNDA:1,anonymous_408
FNDA:1,anonymous_409
FNDA:1,anonymous_410
FNDA:1,testData.method
FNDA:1,anonymous_412
FNDA:1,anonymous_413
FNDA:1,anonymous_414
FNDA:1,anonymous_415
FNDA:1,testData.method
FNDA:1,anonymous_417
FNDA:1,anonymous_418
FNDA:1,anonymous_419
FNDA:1,anonymous_420
FNDA:1,testData.method
FNDA:1,anonymous_422
FNDA:1,anonymous_423
FNDA:1,anonymous_424
FNDA:1,anonymous_425
FNDA:1,testData.method
FNDA:1,anonymous_427
FNDA:1,anonymous_428
FNDA:1,anonymous_429
FNDA:1,anonymous_430
FNDA:1,testData.method
FNDA:1,testData.method
FNDA:1,testData.method
FNDA:1,testData.method
FNDA:1,anonymous_435
FNDA:1,anonymous_436
FNDA:1,anonymous_437
FNDA:1,anonymous_438
FNDA:1,testData.method
FNDA:1,anonymous_440
FNDA:1,anonymous_441
FNDA:1,anonymous_442
FNDA:1,anonymous_443
FNDA:1,testData.method
FNDA:1,anonymous_445
FNDA:1,anonymous_446
FNDA:1,anonymous_447
FNDA:1,anonymous_448
FNDA:1,testData.method
FNDA:1,anonymous_450
FNDA:1,anonymous_451
FNDA:1,anonymous_452
FNDA:1,anonymous_453
FNDA:1,testData.method
FNDA:1,anonymous_455
FNDA:1,anonymous_456
FNDA:1,anonymous_457
FNDA:1,anonymous_458
FNDA:1,testData.method
FNDA:1,anonymous_460
FNDA:1,anonymous_461
FNDA:1,anonymous_462
FNDA:1,anonymous_463
FNDA:1,testData.method
FNDA:1,testData.method
FNDA:1,anonymous_466
FNDA:1,anonymous_467
FNDA:1,anonymous_468
FNDA:1,anonymous_469
FNDA:1,testData.method
FNDA:1,testData.method
FNDA:1,anonymous_472
FNDA:1,anonymous_473
FNDA:1,anonymous_474
FNDA:1,anonymous_475
FNDA:21,nodeRunner
FNDA:146,anonymous_477
FNDA:146,anonymous_478
FNDA:0,defRunner
FNDA:146,makeTest
FNF:481
FNH:479
BRDA:1,0,0,1
BRDA:42,1,0,1
BRDA:55,2,0,0
BRDA:48,3,0,1
BRDA:65,4,0,1
BRDA:77,5,0,1
BRDA:91,6,0,1
BRDA:105,7,0,1
BRDA:119,8,0,1
BRDA:135,9,0,1
BRDA:138,10,0,1
BRDA:141,11,0,1
BRDA:151,12,0,1
BRDA:154,13,0,1
BRDA:171,14,0,1
BRDA:174,15,0,1
BRDA:177,16,0,1
BRDA:187,17,0,1
BRDA:190,18,0,1
BRDA:207,19,0,1
BRDA:210,20,0,1
BRDA:213,21,0,1
BRDA:223,22,0,1
BRDA:226,23,0,1
BRDA:243,24,0,1
BRDA:246,25,0,1
BRDA:249,26,0,1
BRDA:259,27,0,1
BRDA:262,28,0,1
BRDA:279,29,0,1
BRDA:282,30,0,1
BRDA:285,31,0,1
BRDA:295,32,0,1
BRDA:298,33,0,1
BRDA:315,34,0,1
BRDA:318,35,0,1
BRDA:321,36,0,1
BRDA:331,37,0,1
BRDA:334,38,0,1
BRDA:351,39,0,1
BRDA:365,40,0,1
BRDA:379,41,0,1
BRDA:393,42,0,1
BRDA:407,43,0,1
BRDA:421,44,0,1
BRDA:424,45,0,1
BRDA:427,46,0,1
BRDA:437,47,0,1
BRDA:440,48,0,1
BRDA:457,49,0,1
BRDA:460,50,0,1
BRDA:463,51,0,1
BRDA:473,52,0,1
BRDA:476,53,0,1
BRDA:493,54,0,1
BRDA:496,55,0,1
BRDA:499,56,0,1
BRDA:509,57,0,1
BRDA:512,58,0,1
BRDA:533,59,0,1
BRDA:553,60,0,1
BRDA:573,61,0,1
BRDA:593,62,0,1
BRDA:613,63,0,1
BRDA:633,64,0,1
BRDA:636,65,0,1
BRDA:639,66,0,1
BRDA:651,67,0,1
BRDA:654,68,0,1
BRDA:671,69,0,1
BRDA:674,70,0,1
BRDA:677,71,0,1
BRDA:689,72,0,1
BRDA:692,73,0,1
BRDA:709,74,0,1
BRDA:712,75,0,1
BRDA:715,76,0,1
BRDA:727,77,0,1
BRDA:730,78,0,1
BRDA:747,79,0,1
BRDA:750,80,0,1
BRDA:753,81,0,1
BRDA:765,82,0,1
BRDA:768,83,0,1
BRDA:785,84,0,1
BRDA:788,85,0,1
BRDA:791,86,0,1
BRDA:803,87,0,1
BRDA:806,88,0,1
BRDA:823,89,0,1
BRDA:826,90,0,1
BRDA:829,91,0,1
BRDA:841,92,0,1
BRDA:844,93,0,1
BRDA:861,94,0,1
BRDA:864,95,0,1
BRDA:867,96,0,1
BRDA:879,97,0,1
BRDA:882,98,0,1
BRDA:903,99,0,1
BRDA:925,100,0,1
BRDA:947,101,0,1
BRDA:969,102,0,1
BRDA:972,103,0,1
BRDA:975,104,0,1
BRDA:987,105,0,1
BRDA:990,106,0,1
BRDA:1007,107,0,1
BRDA:1010,108,0,1
BRDA:1013,109,0,1
BRDA:1025,110,0,1
BRDA:1028,111,0,1
BRDA:1045,112,0,1
BRDA:1048,113,0,1
BRDA:1051,114,0,1
BRDA:1063,115,0,1
BRDA:1066,116,0,1
BRDA:1083,117,0,1
BRDA:1086,118,0,1
BRDA:1089,119,0,1
BRDA:1101,120,0,1
BRDA:1104,121,0,1
BRDA:1121,122,0,1
BRDA:1124,123,0,1
BRDA:1127,124,0,1
BRDA:1139,125,0,1
BRDA:1142,126,0,1
BRDA:1159,127,0,1
BRDA:1162,128,0,1
BRDA:1165,129,0,1
BRDA:1177,130,0,1
BRDA:1180,131,0,1
BRDA:1201,132,0,1
BRDA:1223,133,0,1
BRDA:1245,134,0,1
BRDA:1267,135,0,1
BRDA:1270,136,0,1
BRDA:1273,137,0,1
BRDA:1285,138,0,1
BRDA:1288,139,0,1
BRDA:1305,140,0,1
BRDA:1308,141,0,1
BRDA:1311,142,0,1
BRDA:1323,143,0,1
BRDA:1326,144,0,1
BRDA:1343,145,0,1
BRDA:1346,146,0,1
BRDA:1349,147,0,1
BRDA:1361,148,0,1
BRDA:1364,149,0,1
BRDA:1381,150,0,1
BRDA:1384,151,0,1
BRDA:1387,152,0,1
BRDA:1399,153,0,1
BRDA:1402,154,0,1
BRDA:1419,155,0,1
BRDA:1422,156,0,1
BRDA:1425,157,0,1
BRDA:1437,158,0,1
BRDA:1440,159,0,1
BRDA:1457,160,0,1
BRDA:1460,161,0,1
BRDA:1463,162,0,1
BRDA:1475,163,0,1
BRDA:1478,164,0,1
BRDA:1499,165,0,1
BRDA:1521,166,0,1
BRDA:1543,167,0,1
BRDA:1565,168,0,1
BRDA:1568,169,0,1
BRDA:1571,170,0,1
BRDA:1583,171,0,1
BRDA:1586,172,0,1
BRDA:1603,173,0,1
BRDA:1606,174,0,1
BRDA:1609,175,0,1
BRDA:1621,176,0,1
BRDA:1624,177,0,1
BRDA:1641,178,0,1
BRDA:1644,179,0,1
BRDA:1647,180,0,1
BRDA:1659,181,0,1
BRDA:1662,182,0,1
BRDA:1679,183,0,1
BRDA:1682,184,0,1
BRDA:1685,185,0,1
BRDA:1697,186,0,1
BRDA:1700,187,0,1
BRDA:1717,188,0,1
BRDA:1720,189,0,1
BRDA:1723,190,0,1
BRDA:1735,191,0,1
BRDA:1738,192,0,1
BRDA:1755,193,0,1
BRDA:1758,194,0,1
BRDA:1761,195,0,1
BRDA:1773,196,0,1
BRDA:1776,197,0,1
BRDA:1797,198,0,1
BRDA:1819,199,0,1
BRDA:1841,200,0,1
BRDA:1863,201,0,1
BRDA:1866,202,0,1
BRDA:1869,203,0,1
BRDA:1881,204,0,1
BRDA:1884,205,0,1
BRDA:1901,206,0,1
BRDA:1904,207,0,1
BRDA:1907,208,0,1
BRDA:1919,209,0,1
BRDA:1922,210,0,1
BRDA:1939,211,0,1
BRDA:1942,212,0,1
BRDA:1945,213,0,1
BRDA:1957,214,0,1
BRDA:1960,215,0,1
BRDA:1977,216,0,1
BRDA:1980,217,0,1
BRDA:1983,218,0,1
BRDA:1995,219,0,1
BRDA:1998,220,0,1
BRDA:2015,221,0,1
BRDA:2018,222,0,1
BRDA:2021,223,0,1
BRDA:2033,224,0,1
BRDA:2036,225,0,1
BRDA:2053,226,0,1
BRDA:2056,227,0,1
BRDA:2059,228,0,1
BRDA:2071,229,0,1
BRDA:2074,230,0,1
BRDA:2091,231,0,1
BRDA:2094,232,0,1
BRDA:2097,233,0,1
BRDA:2109,234,0,1
BRDA:2112,235,0,1
BRDA:2129,236,0,1
BRDA:2132,237,0,1
BRDA:2135,238,0,1
BRDA:2147,239,0,1
BRDA:2150,240,0,1
BRDA:2171,241,0,1
BRDA:2193,242,0,1
BRDA:2215,243,0,1
BRDA:2237,244,0,1
BRDA:2259,245,0,1
BRDA:2281,246,0,1
BRDA:2284,247,0,1
BRDA:2287,248,0,1
BRDA:2299,249,0,1
BRDA:2302,250,0,1
BRDA:2319,251,0,1
BRDA:2322,252,0,1
BRDA:2325,253,0,1
BRDA:2337,254,0,1
BRDA:2340,255,0,1
BRDA:2357,256,0,1
BRDA:2360,257,0,1
BRDA:2363,258,0,1
BRDA:2375,259,0,1
BRDA:2378,260,0,1
BRDA:2395,261,0,1
BRDA:2398,262,0,1
BRDA:2401,263,0,1
BRDA:2413,264,0,1
BRDA:2416,265,0,1
BRDA:2433,266,0,1
BRDA:2436,267,0,1
BRDA:2439,268,0,1
BRDA:2451,269,0,1
BRDA:2454,270,0,1
BRDA:2475,271,0,1
BRDA:2503,272,0,1
BRDA:2531,273,0,1
BRDA:2559,274,0,1
BRDA:2562,275,0,1
BRDA:2565,276,0,1
BRDA:2577,277,0,1
BRDA:2580,278,0,1
BRDA:2601,279,0,1
BRDA:2629,280,0,1
BRDA:2657,281,0,1
BRDA:2685,282,0,1
BRDA:2688,283,0,1
BRDA:2691,284,0,1
BRDA:2703,285,0,1
BRDA:2706,286,0,1
BRDA:2727,287,0,1
BRDA:2755,288,0,1
BRDA:2783,289,0,1
BRDA:2811,290,0,1
BRDA:2814,291,0,1
BRDA:2817,292,0,1
BRDA:2829,293,0,1
BRDA:2832,294,0,1
BRDA:2853,295,0,1
BRDA:2881,296,0,1
BRDA:2909,297,0,1
BRDA:2937,298,0,1
BRDA:2940,299,0,1
BRDA:2943,300,0,1
BRDA:2955,301,0,1
BRDA:2958,302,0,1
BRDA:2979,303,0,1
BRDA:3001,304,0,1
BRDA:3023,305,0,1
BRDA:3026,306,0,1
BRDA:3029,307,0,1
BRDA:3041,308,0,1
BRDA:3044,309,0,1
BRDA:3065,310,0,1
BRDA:3087,311,0,1
BRDA:3109,312,0,1
BRDA:3112,313,0,1
BRDA:3115,314,0,1
BRDA:3127,315,0,1
BRDA:3130,316,0,1
BRDA:3151,317,0,1
BRDA:3171,318,0,1
BRDA:3191,319,0,1
BRDA:3194,320,0,1
BRDA:3197,321,0,1
BRDA:3209,322,0,1
BRDA:3212,323,0,1
BRDA:3233,324,0,1
BRDA:3253,325,0,1
BRDA:3273,326,0,1
BRDA:3276,327,0,1
BRDA:3279,328,0,1
BRDA:3291,329,0,1
BRDA:3294,330,0,1
BRDA:3315,331,0,1
BRDA:3341,332,0,1
BRDA:3367,333,0,1
BRDA:3393,334,0,1
BRDA:3396,335,0,1
BRDA:3399,336,0,1
BRDA:3411,337,0,1
BRDA:3414,338,0,1
BRDA:3431,339,0,1
BRDA:3434,340,0,1
BRDA:3437,341,0,1
BRDA:3449,342,0,1
BRDA:3452,343,0,1
BRDA:3469,344,0,1
BRDA:3472,345,0,1
BRDA:3475,346,0,1
BRDA:3487,347,0,1
BRDA:3490,348,0,1
BRDA:3507,349,0,1
BRDA:3510,350,0,1
BRDA:3513,351,0,1
BRDA:3525,352,0,1
BRDA:3528,353,0,1
BRDA:3545,354,0,1
BRDA:3548,355,0,1
BRDA:3551,356,0,1
BRDA:3563,357,0,1
BRDA:3566,358,0,1
BRDA:3583,359,0,1
BRDA:3586,360,0,1
BRDA:3589,361,0,1
BRDA:3601,362,0,1
BRDA:3604,363,0,1
BRDA:3625,364,0,1
BRDA:3651,365,0,1
BRDA:3677,366,0,1
BRDA:3703,367,0,1
BRDA:3706,368,0,1
BRDA:3709,369,0,1
BRDA:3721,370,0,1
BRDA:3724,371,0,1
BRDA:3741,372,0,1
BRDA:3744,373,0,1
BRDA:3747,374,0,1
BRDA:3759,375,0,1
BRDA:3762,376,0,1
BRDA:3779,377,0,1
BRDA:3782,378,0,1
BRDA:3785,379,0,1
BRDA:3797,380,0,1
BRDA:3800,381,0,1
BRDA:3817,382,0,1
BRDA:3820,383,0,1
BRDA:3823,384,0,1
BRDA:3835,385,0,1
BRDA:3838,386,0,1
BRDA:3855,387,0,1
BRDA:3858,388,0,1
BRDA:3861,389,0,1
BRDA:3873,390,0,1
BRDA:3876,391,0,1
BRDA:3893,392,0,1
BRDA:3896,393,0,1
BRDA:3899,394,0,1
BRDA:3911,395,0,1
BRDA:3914,396,0,1
BRDA:3935,397,0,1
BRDA:3961,398,0,1
BRDA:3987,399,0,1
BRDA:4013,400,0,1
BRDA:4016,401,0,1
BRDA:4019,402,0,1
BRDA:4031,403,0,1
BRDA:4034,404,0,1
BRDA:4051,405,0,1
BRDA:4054,406,0,1
BRDA:4057,407,0,1
BRDA:4069,408,0,1
BRDA:4072,409,0,1
BRDA:4089,410,0,1
BRDA:4092,411,0,1
BRDA:4095,412,0,1
BRDA:4107,413,0,1
BRDA:4110,414,0,1
BRDA:4127,415,0,1
BRDA:4130,416,0,1
BRDA:4133,417,0,1
BRDA:4145,418,0,1
BRDA:4148,419,0,1
BRDA:4165,420,0,1
BRDA:4168,421,0,1
BRDA:4171,422,0,1
BRDA:4183,423,0,1
BRDA:4186,424,0,1
BRDA:4203,425,0,1
BRDA:4206,426,0,1
BRDA:4209,427,0,1
BRDA:4221,428,0,1
BRDA:4224,429,0,1
BRDA:4245,430,0,1
BRDA:4271,431,0,1
BRDA:4297,432,0,1
BRDA:4323,433,0,1
BRDA:4326,434,0,1
BRDA:4329,435,0,1
BRDA:4341,436,0,1
BRDA:4344,437,0,1
BRDA:4361,438,0,1
BRDA:4364,439,0,1
BRDA:4367,440,0,1
BRDA:4379,441,0,1
BRDA:4382,442,0,1
BRDA:4399,443,0,1
BRDA:4402,444,0,1
BRDA:4405,445,0,1
BRDA:4417,446,0,1
BRDA:4420,447,0,1
BRDA:4437,448,0,1
BRDA:4440,449,0,1
BRDA:4443,450,0,1
BRDA:4455,451,0,1
BRDA:4458,452,0,1
BRDA:4475,453,0,1
BRDA:4478,454,0,1
BRDA:4481,455,0,1
BRDA:4493,456,0,1
BRDA:4496,457,0,1
BRDA:4513,458,0,1
BRDA:4516,459,0,1
BRDA:4519,460,0,1
BRDA:4531,461,0,1
BRDA:4534,462,0,1
BRDA:4555,463,0,1
BRDA:4579,464,0,1
BRDA:4582,465,0,1
BRDA:4585,466,0,1
BRDA:4597,467,0,1
BRDA:4600,468,0,1
BRDA:4621,469,0,1
BRDA:4640,470,0,1
BRDA:4643,471,0,1
BRDA:4646,472,0,1
BRDA:4658,473,0,1
BRDA:4661,474,0,1
BRDA:4682,475,0,1
BRDA:4684,476,0,21
BRDA:4685,477,0,21
BRDA:4686,478,0,146
BRDA:4687,479,0,146
BRDA:4733,480,0,146
BRDA:4741,481,0,0
BRDA:4745,482,0,0
BRF:483
BRH:481
DA:1,1
DA:2,1
DA:3,1
DA:4,1
DA:5,1
DA:6,1
DA:7,1
DA:8,1
DA:9,1
DA:10,1
DA:11,1
DA:12,1
DA:13,1
DA:14,1
DA:15,1
DA:16,1
DA:17,1
DA:18,1
DA:19,1
DA:20,1
DA:21,1
DA:22,1
DA:23,1
DA:24,1
DA:25,1
DA:26,1
DA:27,1
DA:28,1
DA:29,1
DA:30,1
DA:31,1
DA:32,1
DA:33,1
DA:34,1
DA:35,1
DA:36,1
DA:37,1
DA:38,1
DA:39,1
DA:40,1
DA:41,1
DA:42,1
DA:43,1
DA:44,1
DA:45,1
DA:46,1
DA:47,1
DA:48,1
DA:49,1
DA:50,1
DA:51,1
DA:59,1
DA:60,1
DA:61,1
DA:62,1
DA:63,1
DA:64,1
DA:65,1
DA:66,1
DA:67,1
DA:68,1
DA:69,1
DA:70,1
DA:71,1
DA:72,1
DA:73,1
DA:74,1
DA:75,1
DA:76,1
DA:77,1
DA:78,1
DA:79,1
DA:80,1
DA:81,1
DA:82,1
DA:83,1
DA:84,1
DA:85,1
DA:86,1
DA:87,1
DA:88,1
DA:89,1
DA:90,1
DA:91,1
DA:92,1
DA:93,1
DA:94,1
DA:95,1
DA:96,1
DA:97,1
DA:98,1
DA:99,1
DA:100,1
DA:101,1
DA:102,1
DA:103,1
DA:104,1
DA:105,1
DA:106,1
DA:107,1
DA:108,1
DA:109,1
DA:110,1
DA:111,1
DA:112,1
DA:113,1
DA:114,1
DA:115,1
DA:116,1
DA:117,1
DA:118,1
DA:119,1
DA:120,1
DA:121,1
DA:122,1
DA:123,1
DA:124,1
DA:125,1
DA:126,1
DA:127,1
DA:128,1
DA:129,1
DA:130,1
DA:131,1
DA:132,1
DA:133,1
DA:134,1
DA:135,1
DA:136,1
DA:137,1
DA:138,1
DA:139,1
DA:140,1
DA:141,1
DA:142,1
DA:143,1
DA:144,1
DA:145,1
DA:146,1
DA:147,1
DA:148,1
DA:149,1
DA:150,1
DA:151,1
DA:152,1
DA:153,1
DA:154,1
DA:155,1
DA:156,1
DA:157,1
DA:158,1
DA:159,1
DA:160,1
DA:161,1
DA:162,1
DA:163,1
DA:164,1
DA:165,1
DA:166,1
DA:167,1
DA:168,1
DA:169,1
DA:170,1
DA:171,1
DA:172,1
DA:173,1
DA:174,1
DA:175,1
DA:176,1
DA:177,1
DA:178,1
DA:179,1
DA:180,1
DA:181,1
DA:182,1
DA:183,1
DA:184,1
DA:185,1
DA:186,1
DA:187,1
DA:188,1
DA:189,1
DA:190,1
DA:191,1
DA:192,1
DA:193,1
DA:194,1
DA:195,1
DA:196,1
DA:197,1
DA:198,1
DA:199,1
DA:200,1
DA:201,1
DA:202,1
DA:203,1
DA:204,1
DA:205,1
DA:206,1
DA:207,1
DA:208,1
DA:209,1
DA:210,1
DA:211,1
DA:212,1
DA:213,1
DA:214,1
DA:215,1
DA:216,1
DA:217,1
DA:218,1
DA:219,1
DA:220,1
DA:221,1
DA:222,1
DA:223,1
DA:224,1
DA:225,1
DA:226,1
DA:227,1
DA:228,1
DA:229,1
DA:230,1
DA:231,1
DA:232,1
DA:233,1
DA:234,1
DA:235,1
DA:236,1
DA:237,1
DA:238,1
DA:239,1
DA:240,1
DA:241,1
DA:242,1
DA:243,1
DA:244,1
DA:245,1
DA:246,1
DA:247,1
DA:248,1
DA:249,1
DA:250,1
DA:251,1
DA:252,1
DA:253,1
DA:254,1
DA:255,1
DA:256,1
DA:257,1
DA:258,1
DA:259,1
DA:260,1
DA:261,1
DA:262,1
DA:263,1
DA:264,1
DA:265,1
DA:266,1
DA:267,1
DA:268,1
DA:269,1
DA:270,1
DA:271,1
DA:272,1
DA:273,1
DA:274,1
DA:275,1
DA:276,1
DA:277,1
DA:278,1
DA:279,1
DA:280,1
DA:281,1
DA:282,1
DA:283,1
DA:284,1
DA:285,1
DA:286,1
DA:287,1
DA:288,1
DA:289,1
DA:290,1
DA:291,1
DA:292,1
DA:293,1
DA:294,1
DA:295,1
DA:296,1
DA:297,1
DA:298,1
DA:299,1
DA:300,1
DA:301,1
DA:302,1
DA:303,1
DA:304,1
DA:305,1
DA:306,1
DA:307,1
DA:308,1
DA:309,1
DA:310,1
DA:311,1
DA:312,1
DA:313,1
DA:314,1
DA:315,1
DA:316,1
DA:317,1
DA:318,1
DA:319,1
DA:320,1
DA:321,1
DA:322,1
DA:323,1
DA:324,1
DA:325,1
DA:326,1
DA:327,1
DA:328,1
DA:329,1
DA:330,1
DA:331,1
DA:332,1
DA:333,1
DA:334,1
DA:335,1
DA:336,1
DA:337,1
DA:338,1
DA:339,1
DA:340,1
DA:341,1
DA:342,1
DA:343,1
DA:344,1
DA:345,1
DA:346,1
DA:347,1
DA:348,1
DA:349,1
DA:350,1
DA:351,1
DA:352,1
DA:353,1
DA:354,1
DA:355,1
DA:356,1
DA:357,1
DA:358,1
DA:359,1
DA:360,1
DA:361,1
DA:362,1
DA:363,1
DA:364,1
DA:365,1
DA:366,1
DA:367,1
DA:368,1
DA:369,1
DA:370,1
DA:371,1
DA:372,1
DA:373,1
DA:374,1
DA:375,1
DA:376,1
DA:377,1
DA:378,1
DA:379,1
DA:380,1
DA:381,1
DA:382,1
DA:383,1
DA:384,1
DA:385,1
DA:386,1
DA:387,1
DA:388,1
DA:389,1
DA:390,1
DA:391,1
DA:392,1
DA:393,1
DA:394,1
DA:395,1
DA:396,1
DA:397,1
DA:398,1
DA:399,1
DA:400,1
DA:401,1
DA:402,1
DA:403,1
DA:404,1
DA:405,1
DA:406,1
DA:407,1
DA:408,1
DA:409,1
DA:410,1
DA:411,1
DA:412,1
DA:413,1
DA:414,1
DA:415,1
DA:416,1
DA:417,1
DA:418,1
DA:419,1
DA:420,1
DA:421,1
DA:422,1
DA:423,1
DA:424,1
DA:425,1
DA:426,1
DA:427,1
DA:428,1
DA:429,1
DA:430,1
DA:431,1
DA:432,1
DA:433,1
DA:434,1
DA:435,1
DA:436,1
DA:437,1
DA:438,1
DA:439,1
DA:440,1
DA:441,1
DA:442,1
DA:443,1
DA:444,1
DA:445,1
DA:446,1
DA:447,1
DA:448,1
DA:449,1
DA:450,1
DA:451,1
DA:452,1
DA:453,1
DA:454,1
DA:455,1
DA:456,1
DA:457,1
DA:458,1
DA:459,1
DA:460,1
DA:461,1
DA:462,1
DA:463,1
DA:464,1
DA:465,1
DA:466,1
DA:467,1
DA:468,1
DA:469,1
DA:470,1
DA:471,1
DA:472,1
DA:473,1
DA:474,1
DA:475,1
DA:476,1
DA:477,1
DA:478,1
DA:479,1
DA:480,1
DA:481,1
DA:482,1
DA:483,1
DA:484,1
DA:485,1
DA:486,1
DA:487,1
DA:488,1
DA:489,1
DA:490,1
DA:491,1
DA:492,1
DA:493,1
DA:494,1
DA:495,1
DA:496,1
DA:497,1
DA:498,1
DA:499,1
DA:500,1
DA:501,1
DA:502,1
DA:503,1
DA:504,1
DA:505,1
DA:506,1
DA:507,1
DA:508,1
DA:509,1
DA:510,1
DA:511,1
DA:512,1
DA:513,1
DA:514,1
DA:515,1
DA:516,1
DA:517,1
DA:518,1
DA:519,1
DA:520,1
DA:521,1
DA:522,1
DA:523,1
DA:524,1
DA:525,1
DA:526,1
DA:527,1
DA:528,1
DA:529,1
DA:530,1
DA:531,1
DA:532,1
DA:533,1
DA:534,1
DA:535,1
DA:536,1
DA:537,1
DA:538,1
DA:539,1
DA:540,1
DA:541,1
DA:542,1
DA:543,1
DA:544,1
DA:545,1
DA:546,1
DA:547,1
DA:548,1
DA:549,1
DA:550,1
DA:551,1
DA:552,1
DA:553,1
DA:554,1
DA:555,1
DA:556,1
DA:557,1
DA:558,1
DA:559,1
DA:560,1
DA:561,1
DA:562,1
DA:563,1
DA:564,1
DA:565,1
DA:566,1
DA:567,1
DA:568,1
DA:569,1
DA:570,1
DA:571,1
DA:572,1
DA:573,1
DA:574,1
DA:575,1
DA:576,1
DA:577,1
DA:578,1
DA:579,1
DA:580,1
DA:581,1
DA:582,1
DA:583,1
DA:584,1
DA:585,1
DA:586,1
DA:587,1
DA:588,1
DA:589,1
DA:590,1
DA:591,1
DA:592,1
DA:593,1
DA:594,1
DA:595,1
DA:596,1
DA:597,1
DA:598,1
DA:599,1
DA:600,1
DA:601,1
DA:602,1
DA:603,1
DA:604,1
DA:605,1
DA:606,1
DA:607,1
DA:608,1
DA:609,1
DA:610,1
DA:611,1
DA:612,1
DA:613,1
DA:614,1
DA:615,1
DA:616,1
DA:617,1
DA:618,1
DA:619,1
DA:620,1
DA:621,1
DA:622,1
DA:623,1
DA:624,1
DA:625,1
DA:626,1
DA:627,1
DA:628,1
DA:629,1
DA:630,1
DA:631,1
DA:632,1
DA:633,1
DA:634,1
DA:635,1
DA:636,1
DA:637,1
DA:638,1
DA:639,1
DA:640,1
DA:641,1
DA:642,1
DA:643,1
DA:644,1
DA:645,1
DA:646,1
DA:647,1
DA:648,1
DA:649,1
DA:650,1
DA:651,1
DA:652,1
DA:653,1
DA:654,1
DA:655,1
DA:656,1
DA:657,1
DA:658,1
DA:659,1
DA:660,1
DA:661,1
DA:662,1
DA:663,1
DA:664,1
DA:665,1
DA:666,1
DA:667,1
DA:668,1
DA:669,1
DA:670,1
DA:671,1
DA:672,1
DA:673,1
DA:674,1
DA:675,1
DA:676,1
DA:677,1
DA:678,1
DA:679,1
DA:680,1
DA:681,1
DA:682,1
DA:683,1
DA:684,1
DA:685,1
DA:686,1
DA:687,1
DA:688,1
DA:689,1
DA:690,1
DA:691,1
DA:692,1
DA:693,1
DA:694,1
DA:695,1
DA:696,1
DA:697,1
DA:698,1
DA:699,1
DA:700,1
DA:701,1
DA:702,1
DA:703,1
DA:704,1
DA:705,1
DA:706,1
DA:707,1
DA:708,1
DA:709,1
DA:710,1
DA:711,1
DA:712,1
DA:713,1
DA:714,1
DA:715,1
DA:716,1
DA:717,1
DA:718,1
DA:719,1
DA:720,1
DA:721,1
DA:722,1
DA:723,1
DA:724,1
DA:725,1
DA:726,1
DA:727,1
DA:728,1
DA:729,1
DA:730,1
DA:731,1
DA:732,1
DA:733,1
DA:734,1
DA:735,1
DA:736,1
DA:737,1
DA:738,1
DA:739,1
DA:740,1
DA:741,1
DA:742,1
DA:743,1
DA:744,1
DA:745,1
DA:746,1
DA:747,1
DA:748,1
DA:749,1
DA:750,1
DA:751,1
DA:752,1
DA:753,1
DA:754,1
DA:755,1
DA:756,1
DA:757,1
DA:758,1
DA:759,1
DA:760,1
DA:761,1
DA:762,1
DA:763,1
DA:764,1
DA:765,1
DA:766,1
DA:767,1
DA:768,1
DA:769,1
DA:770,1
DA:771,1
DA:772,1
DA:773,1
DA:774,1
DA:775,1
DA:776,1
DA:777,1
DA:778,1
DA:779,1
DA:780,1
DA:781,1
DA:782,1
DA:783,1
DA:784,1
DA:785,1
DA:786,1
DA:787,1
DA:788,1
DA:789,1
DA:790,1
DA:791,1
DA:792,1
DA:793,1
DA:794,1
DA:795,1
DA:796,1
DA:797,1
DA:798,1
DA:799,1
DA:800,1
DA:801,1
DA:802,1
DA:803,1
DA:804,1
DA:805,1
DA:806,1
DA:807,1
DA:808,1
DA:809,1
DA:810,1
DA:811,1
DA:812,1
DA:813,1
DA:814,1
DA:815,1
DA:816,1
DA:817,1
DA:818,1
DA:819,1
DA:820,1
DA:821,1
DA:822,1
DA:823,1
DA:824,1
DA:825,1
DA:826,1
DA:827,1
DA:828,1
DA:829,1
DA:830,1
DA:831,1
DA:832,1
DA:833,1
DA:834,1
DA:835,1
DA:836,1
DA:837,1
DA:838,1
DA:839,1
DA:840,1
DA:841,1
DA:842,1
DA:843,1
DA:844,1
DA:845,1
DA:846,1
DA:847,1
DA:848,1
DA:849,1
DA:850,1
DA:851,1
DA:852,1
DA:853,1
DA:854,1
DA:855,1
DA:856,1
DA:857,1
DA:858,1
DA:859,1
DA:860,1
DA:861,1
DA:862,1
DA:863,1
DA:864,1
DA:865,1
DA:866,1
DA:867,1
DA:868,1
DA:869,1
DA:870,1
DA:871,1
DA:872,1
DA:873,1
DA:874,1
DA:875,1
DA:876,1
DA:877,1
DA:878,1
DA:879,1
DA:880,1
DA:881,1
DA:882,1
DA:883,1
DA:884,1
DA:885,1
DA:886,1
DA:887,1
DA:888,1
DA:889,1
DA:890,1
DA:891,1
DA:892,1
DA:893,1
DA:894,1
DA:895,1
DA:896,1
DA:897,1
DA:898,1
DA:899,1
DA:900,1
DA:901,1
DA:902,1
DA:903,1
DA:904,1
DA:905,1
DA:906,1
DA:907,1
DA:908,1
DA:909,1
DA:910,1
DA:911,1
DA:912,1
DA:913,1
DA:914,1
DA:915,1
DA:916,1
DA:917,1
DA:918,1
DA:919,1
DA:920,1
DA:921,1
DA:922,1
DA:923,1
DA:924,1
DA:925,1
DA:926,1
DA:927,1
DA:928,1
DA:929,1
DA:930,1
DA:931,1
DA:932,1
DA:933,1
DA:934,1
DA:935,1
DA:936,1
DA:937,1
DA:938,1
DA:939,1
DA:940,1
DA:941,1
DA:942,1
DA:943,1
DA:944,1
DA:945,1
DA:946,1
DA:947,1
DA:948,1
DA:949,1
DA:950,1
DA:951,1
DA:952,1
DA:953,1
DA:954,1
DA:955,1
DA:956,1
DA:957,1
DA:958,1
DA:959,1
DA:960,1
DA:961,1
DA:962,1
DA:963,1
DA:964,1
DA:965,1
DA:966,1
DA:967,1
DA:968,1
DA:969,1
DA:970,1
DA:971,1
DA:972,1
DA:973,1
DA:974,1
DA:975,1
DA:976,1
DA:977,1
DA:978,1
DA:979,1
DA:980,1
DA:981,1
DA:982,1
DA:983,1
DA:984,1
DA:985,1
DA:986,1
DA:987,1
DA:988,1
DA:989,1
DA:990,1
DA:991,1
DA:992,1
DA:993,1
DA:994,1
DA:995,1
DA:996,1
DA:997,1
DA:998,1
DA:999,1
DA:1000,1
DA:1001,1
DA:1002,1
DA:1003,1
DA:1004,1
DA:1005,1
DA:1006,1
DA:1007,1
DA:1008,1
DA:1009,1
DA:1010,1
DA:1011,1
DA:1012,1
DA:1013,1
DA:1014,1
DA:1015,1
DA:1016,1
DA:1017,1
DA:1018,1
DA:1019,1
DA:1020,1
DA:1021,1
DA:1022,1
DA:1023,1
DA:1024,1
DA:1025,1
DA:1026,1
DA:1027,1
DA:1028,1
DA:1029,1
DA:1030,1
DA:1031,1
DA:1032,1
DA:1033,1
DA:1034,1
DA:1035,1
DA:1036,1
DA:1037,1
DA:1038,1
DA:1039,1
DA:1040,1
DA:1041,1
DA:1042,1
DA:1043,1
DA:1044,1
DA:1045,1
DA:1046,1
DA:1047,1
DA:1048,1
DA:1049,1
DA:1050,1
DA:1051,1
DA:1052,1
DA:1053,1
DA:1054,1
DA:1055,1
DA:1056,1
DA:1057,1
DA:1058,1
DA:1059,1
DA:1060,1
DA:1061,1
DA:1062,1
DA:1063,1
DA:1064,1
DA:1065,1
DA:1066,1
DA:1067,1
DA:1068,1
DA:1069,1
DA:1070,1
DA:1071,1
DA:1072,1
DA:1073,1
DA:1074,1
DA:1075,1
DA:1076,1
DA:1077,1
DA:1078,1
DA:1079,1
DA:1080,1
DA:1081,1
DA:1082,1
DA:1083,1
DA:1084,1
DA:1085,1
DA:1086,1
DA:1087,1
DA:1088,1
DA:1089,1
DA:1090,1
DA:1091,1
DA:1092,1
DA:1093,1
DA:1094,1
DA:1095,1
DA:1096,1
DA:1097,1
DA:1098,1
DA:1099,1
DA:1100,1
DA:1101,1
DA:1102,1
DA:1103,1
DA:1104,1
DA:1105,1
DA:1106,1
DA:1107,1
DA:1108,1
DA:1109,1
DA:1110,1
DA:1111,1
DA:1112,1
DA:1113,1
DA:1114,1
DA:1115,1
DA:1116,1
DA:1117,1
DA:1118,1
DA:1119,1
DA:1120,1
DA:1121,1
DA:1122,1
DA:1123,1
DA:1124,1
DA:1125,1
DA:1126,1
DA:1127,1
DA:1128,1
DA:1129,1
DA:1130,1
DA:1131,1
DA:1132,1
DA:1133,1
DA:1134,1
DA:1135,1
DA:1136,1
DA:1137,1
DA:1138,1
DA:1139,1
DA:1140,1
DA:1141,1
DA:1142,1
DA:1143,1
DA:1144,1
DA:1145,1
DA:1146,1
DA:1147,1
DA:1148,1
DA:1149,1
DA:1150,1
DA:1151,1
DA:1152,1
DA:1153,1
DA:1154,1
DA:1155,1
DA:1156,1
DA:1157,1
DA:1158,1
DA:1159,1
DA:1160,1
DA:1161,1
DA:1162,1
DA:1163,1
DA:1164,1
DA:1165,1
DA:1166,1
DA:1167,1
DA:1168,1
DA:1169,1
DA:1170,1
DA:1171,1
DA:1172,1
DA:1173,1
DA:1174,1
DA:1175,1
DA:1176,1
DA:1177,1
DA:1178,1
DA:1179,1
DA:1180,1
DA:1181,1
DA:1182,1
DA:1183,1
DA:1184,1
DA:1185,1
DA:1186,1
DA:1187,1
DA:1188,1
DA:1189,1
DA:1190,1
DA:1191,1
DA:1192,1
DA:1193,1
DA:1194,1
DA:1195,1
DA:1196,1
DA:1197,1
DA:1198,1
DA:1199,1
DA:1200,1
DA:1201,1
DA:1202,1
DA:1203,1
DA:1204,1
DA:1205,1
DA:1206,1
DA:1207,1
DA:1208,1
DA:1209,1
DA:1210,1
DA:1211,1
DA:1212,1
DA:1213,1
DA:1214,1
DA:1215,1
DA:1216,1
DA:1217,1
DA:1218,1
DA:1219,1
DA:1220,1
DA:1221,1
DA:1222,1
DA:1223,1
DA:1224,1
DA:1225,1
DA:1226,1
DA:1227,1
DA:1228,1
DA:1229,1
DA:1230,1
DA:1231,1
DA:1232,1
DA:1233,1
DA:1234,1
DA:1235,1
DA:1236,1
DA:1237,1
DA:1238,1
DA:1239,1
DA:1240,1
DA:1241,1
DA:1242,1
DA:1243,1
DA:1244,1
DA:1245,1
DA:1246,1
DA:1247,1
DA:1248,1
DA:1249,1
DA:1250,1
DA:1251,1
DA:1252,1
DA:1253,1
DA:1254,1
DA:1255,1
DA:1256,1
DA:1257,1
DA:1258,1
DA:1259,1
DA:1260,1
DA:1261,1
DA:1262,1
DA:1263,1
DA:1264,1
DA:1265,1
DA:1266,1
DA:1267,1
DA:1268,1
DA:1269,1
DA:1270,1
DA:1271,1
DA:1272,1
DA:1273,1
DA:1274,1
DA:1275,1
DA:1276,1
DA:1277,1
DA:1278,1
DA:1279,1
DA:1280,1
DA:1281,1
DA:1282,1
DA:1283,1
DA:1284,1
DA:1285,1
DA:1286,1
DA:1287,1
DA:1288,1
DA:1289,1
DA:1290,1
DA:1291,1
DA:1292,1
DA:1293,1
DA:1294,1
DA:1295,1
DA:1296,1
DA:1297,1
DA:1298,1
DA:1299,1
DA:1300,1
DA:1301,1
DA:1302,1
DA:1303,1
DA:1304,1
DA:1305,1
DA:1306,1
DA:1307,1
DA:1308,1
DA:1309,1
DA:1310,1
DA:1311,1
DA:1312,1
DA:1313,1
DA:1314,1
DA:1315,1
DA:1316,1
DA:1317,1
DA:1318,1
DA:1319,1
DA:1320,1
DA:1321,1
DA:1322,1
DA:1323,1
DA:1324,1
DA:1325,1
DA:1326,1
DA:1327,1
DA:1328,1
DA:1329,1
DA:1330,1
DA:1331,1
DA:1332,1
DA:1333,1
DA:1334,1
DA:1335,1
DA:1336,1
DA:1337,1
DA:1338,1
DA:1339,1
DA:1340,1
DA:1341,1
DA:1342,1
DA:1343,1
DA:1344,1
DA:1345,1
DA:1346,1
DA:1347,1
DA:1348,1
DA:1349,1
DA:1350,1
DA:1351,1
DA:1352,1
DA:1353,1
DA:1354,1
DA:1355,1
DA:1356,1
DA:1357,1
DA:1358,1
DA:1359,1
DA:1360,1
DA:1361,1
DA:1362,1
DA:1363,1
DA:1364,1
DA:1365,1
DA:1366,1
DA:1367,1
DA:1368,1
DA:1369,1
DA:1370,1
DA:1371,1
DA:1372,1
DA:1373,1
DA:1374,1
DA:1375,1
DA:1376,1
DA:1377,1
DA:1378,1
DA:1379,1
DA:1380,1
DA:1381,1
DA:1382,1
DA:1383,1
DA:1384,1
DA:1385,1
DA:1386,1
DA:1387,1
DA:1388,1
DA:1389,1
DA:1390,1
DA:1391,1
DA:1392,1
DA:1393,1
DA:1394,1
DA:1395,1
DA:1396,1
DA:1397,1
DA:1398,1
DA:1399,1
DA:1400,1
DA:1401,1
DA:1402,1
DA:1403,1
DA:1404,1
DA:1405,1
DA:1406,1
DA:1407,1
DA:1408,1
DA:1409,1
DA:1410,1
DA:1411,1
DA:1412,1
DA:1413,1
DA:1414,1
DA:1415,1
DA:1416,1
DA:1417,1
DA:1418,1
DA:1419,1
DA:1420,1
DA:1421,1
DA:1422,1
DA:1423,1
DA:1424,1
DA:1425,1
DA:1426,1
DA:1427,1
DA:1428,1
DA:1429,1
DA:1430,1
DA:1431,1
DA:1432,1
DA:1433,1
DA:1434,1
DA:1435,1
DA:1436,1
DA:1437,1
DA:1438,1
DA:1439,1
DA:1440,1
DA:1441,1
DA:1442,1
DA:1443,1
DA:1444,1
DA:1445,1
DA:1446,1
DA:1447,1
DA:1448,1
DA:1449,1
DA:1450,1
DA:1451,1
DA:1452,1
DA:1453,1
DA:1454,1
DA:1455,1
DA:1456,1
DA:1457,1
DA:1458,1
DA:1459,1
DA:1460,1
DA:1461,1
DA:1462,1
DA:1463,1
DA:1464,1
DA:1465,1
DA:1466,1
DA:1467,1
DA:1468,1
DA:1469,1
DA:1470,1
DA:1471,1
DA:1472,1
DA:1473,1
DA:1474,1
DA:1475,1
DA:1476,1
DA:1477,1
DA:1478,1
DA:1479,1
DA:1480,1
DA:1481,1
DA:1482,1
DA:1483,1
DA:1484,1
DA:1485,1
DA:1486,1
DA:1487,1
DA:1488,1
DA:1489,1
DA:1490,1
DA:1491,1
DA:1492,1
DA:1493,1
DA:1494,1
DA:1495,1
DA:1496,1
DA:1497,1
DA:1498,1
DA:1499,1
DA:1500,1
DA:1501,1
DA:1502,1
DA:1503,1
DA:1504,1
DA:1505,1
DA:1506,1
DA:1507,1
DA:1508,1
DA:1509,1
DA:1510,1
DA:1511,1
DA:1512,1
DA:1513,1
DA:1514,1
DA:1515,1
DA:1516,1
DA:1517,1
DA:1518,1
DA:1519,1
DA:1520,1
DA:1521,1
DA:1522,1
DA:1523,1
DA:1524,1
DA:1525,1
DA:1526,1
DA:1527,1
DA:1528,1
DA:1529,1
DA:1530,1
DA:1531,1
DA:1532,1
DA:1533,1
DA:1534,1
DA:1535,1
DA:1536,1
DA:1537,1
DA:1538,1
DA:1539,1
DA:1540,1
DA:1541,1
DA:1542,1
DA:1543,1
DA:1544,1
DA:1545,1
DA:1546,1
DA:1547,1
DA:1548,1
DA:1549,1
DA:1550,1
DA:1551,1
DA:1552,1
DA:1553,1
DA:1554,1
DA:1555,1
DA:1556,1
DA:1557,1
DA:1558,1
DA:1559,1
DA:1560,1
DA:1561,1
DA:1562,1
DA:1563,1
DA:1564,1
DA:1565,1
DA:1566,1
DA:1567,1
DA:1568,1
DA:1569,1
DA:1570,1
DA:1571,1
DA:1572,1
DA:1573,1
DA:1574,1
DA:1575,1
DA:1576,1
DA:1577,1
DA:1578,1
DA:1579,1
DA:1580,1
DA:1581,1
DA:1582,1
DA:1583,1
DA:1584,1
DA:1585,1
DA:1586,1
DA:1587,1
DA:1588,1
DA:1589,1
DA:1590,1
DA:1591,1
DA:1592,1
DA:1593,1
DA:1594,1
DA:1595,1
DA:1596,1
DA:1597,1
DA:1598,1
DA:1599,1
DA:1600,1
DA:1601,1
DA:1602,1
DA:1603,1
DA:1604,1
DA:1605,1
DA:1606,1
DA:1607,1
DA:1608,1
DA:1609,1
DA:1610,1
DA:1611,1
DA:1612,1
DA:1613,1
DA:1614,1
DA:1615,1
DA:1616,1
DA:1617,1
DA:1618,1
DA:1619,1
DA:1620,1
DA:1621,1
DA:1622,1
DA:1623,1
DA:1624,1
DA:1625,1
DA:1626,1
DA:1627,1
DA:1628,1
DA:1629,1
DA:1630,1
DA:1631,1
DA:1632,1
DA:1633,1
DA:1634,1
DA:1635,1
DA:1636,1
DA:1637,1
DA:1638,1
DA:1639,1
DA:1640,1
DA:1641,1
DA:1642,1
DA:1643,1
DA:1644,1
DA:1645,1
DA:1646,1
DA:1647,1
DA:1648,1
DA:1649,1
DA:1650,1
DA:1651,1
DA:1652,1
DA:1653,1
DA:1654,1
DA:1655,1
DA:1656,1
DA:1657,1
DA:1658,1
DA:1659,1
DA:1660,1
DA:1661,1
DA:1662,1
DA:1663,1
DA:1664,1
DA:1665,1
DA:1666,1
DA:1667,1
DA:1668,1
DA:1669,1
DA:1670,1
DA:1671,1
DA:1672,1
DA:1673,1
DA:1674,1
DA:1675,1
DA:1676,1
DA:1677,1
DA:1678,1
DA:1679,1
DA:1680,1
DA:1681,1
DA:1682,1
DA:1683,1
DA:1684,1
DA:1685,1
DA:1686,1
DA:1687,1
DA:1688,1
DA:1689,1
DA:1690,1
DA:1691,1
DA:1692,1
DA:1693,1
DA:1694,1
DA:1695,1
DA:1696,1
DA:1697,1
DA:1698,1
DA:1699,1
DA:1700,1
DA:1701,1
DA:1702,1
DA:1703,1
DA:1704,1
DA:1705,1
DA:1706,1
DA:1707,1
DA:1708,1
DA:1709,1
DA:1710,1
DA:1711,1
DA:1712,1
DA:1713,1
DA:1714,1
DA:1715,1
DA:1716,1
DA:1717,1
DA:1718,1
DA:1719,1
DA:1720,1
DA:1721,1
DA:1722,1
DA:1723,1
DA:1724,1
DA:1725,1
DA:1726,1
DA:1727,1
DA:1728,1
DA:1729,1
DA:1730,1
DA:1731,1
DA:1732,1
DA:1733,1
DA:1734,1
DA:1735,1
DA:1736,1
DA:1737,1
DA:1738,1
DA:1739,1
DA:1740,1
DA:1741,1
DA:1742,1
DA:1743,1
DA:1744,1
DA:1745,1
DA:1746,1
DA:1747,1
DA:1748,1
DA:1749,1
DA:1750,1
DA:1751,1
DA:1752,1
DA:1753,1
DA:1754,1
DA:1755,1
DA:1756,1
DA:1757,1
DA:1758,1
DA:1759,1
DA:1760,1
DA:1761,1
DA:1762,1
DA:1763,1
DA:1764,1
DA:1765,1
DA:1766,1
DA:1767,1
DA:1768,1
DA:1769,1
DA:1770,1
DA:1771,1
DA:1772,1
DA:1773,1
DA:1774,1
DA:1775,1
DA:1776,1
DA:1777,1
DA:1778,1
DA:1779,1
DA:1780,1
DA:1781,1
DA:1782,1
DA:1783,1
DA:1784,1
DA:1785,1
DA:1786,1
DA:1787,1
DA:1788,1
DA:1789,1
DA:1790,1
DA:1791,1
DA:1792,1
DA:1793,1
DA:1794,1
DA:1795,1
DA:1796,1
DA:1797,1
DA:1798,1
DA:1799,1
DA:1800,1
DA:1801,1
DA:1802,1
DA:1803,1
DA:1804,1
DA:1805,1
DA:1806,1
DA:1807,1
DA:1808,1
DA:1809,1
DA:1810,1
DA:1811,1
DA:1812,1
DA:1813,1
DA:1814,1
DA:1815,1
DA:1816,1
DA:1817,1
DA:1818,1
DA:1819,1
DA:1820,1
DA:1821,1
DA:1822,1
DA:1823,1
DA:1824,1
DA:1825,1
DA:1826,1
DA:1827,1
DA:1828,1
DA:1829,1
DA:1830,1
DA:1831,1
DA:1832,1
DA:1833,1
DA:1834,1
DA:1835,1
DA:1836,1
DA:1837,1
DA:1838,1
DA:1839,1
DA:1840,1
DA:1841,1
DA:1842,1
DA:1843,1
DA:1844,1
DA:1845,1
DA:1846,1
DA:1847,1
DA:1848,1
DA:1849,1
DA:1850,1
DA:1851,1
DA:1852,1
DA:1853,1
DA:1854,1
DA:1855,1
DA:1856,1
DA:1857,1
DA:1858,1
DA:1859,1
DA:1860,1
DA:1861,1
DA:1862,1
DA:1863,1
DA:1864,1
DA:1865,1
DA:1866,1
DA:1867,1
DA:1868,1
DA:1869,1
DA:1870,1
DA:1871,1
DA:1872,1
DA:1873,1
DA:1874,1
DA:1875,1
DA:1876,1
DA:1877,1
DA:1878,1
DA:1879,1
DA:1880,1
DA:1881,1
DA:1882,1
DA:1883,1
DA:1884,1
DA:1885,1
DA:1886,1
DA:1887,1
DA:1888,1
DA:1889,1
DA:1890,1
DA:1891,1
DA:1892,1
DA:1893,1
DA:1894,1
DA:1895,1
DA:1896,1
DA:1897,1
DA:1898,1
DA:1899,1
DA:1900,1
DA:1901,1
DA:1902,1
DA:1903,1
DA:1904,1
DA:1905,1
DA:1906,1
DA:1907,1
DA:1908,1
DA:1909,1
DA:1910,1
DA:1911,1
DA:1912,1
DA:1913,1
DA:1914,1
DA:1915,1
DA:1916,1
DA:1917,1
DA:1918,1
DA:1919,1
DA:1920,1
DA:1921,1
DA:1922,1
DA:1923,1
DA:1924,1
DA:1925,1
DA:1926,1
DA:1927,1
DA:1928,1
DA:1929,1
DA:1930,1
DA:1931,1
DA:1932,1
DA:1933,1
DA:1934,1
DA:1935,1
DA:1936,1
DA:1937,1
DA:1938,1
DA:1939,1
DA:1940,1
DA:1941,1
DA:1942,1
DA:1943,1
DA:1944,1
DA:1945,1
DA:1946,1
DA:1947,1
DA:1948,1
DA:1949,1
DA:1950,1
DA:1951,1
DA:1952,1
DA:1953,1
DA:1954,1
DA:1955,1
DA:1956,1
DA:1957,1
DA:1958,1
DA:1959,1
DA:1960,1
DA:1961,1
DA:1962,1
DA:1963,1
DA:1964,1
DA:1965,1
DA:1966,1
DA:1967,1
DA:1968,1
DA:1969,1
DA:1970,1
DA:1971,1
DA:1972,1
DA:1973,1
DA:1974,1
DA:1975,1
DA:1976,1
DA:1977,1
DA:1978,1
DA:1979,1
DA:1980,1
DA:1981,1
DA:1982,1
DA:1983,1
DA:1984,1
DA:1985,1
DA:1986,1
DA:1987,1
DA:1988,1
DA:1989,1
DA:1990,1
DA:1991,1
DA:1992,1
DA:1993,1
DA:1994,1
DA:1995,1
DA:1996,1
DA:1997,1
DA:1998,1
DA:1999,1
DA:2000,1
DA:2001,1
DA:2002,1
DA:2003,1
DA:2004,1
DA:2005,1
DA:2006,1
DA:2007,1
DA:2008,1
DA:2009,1
DA:2010,1
DA:2011,1
DA:2012,1
DA:2013,1
DA:2014,1
DA:2015,1
DA:2016,1
DA:2017,1
DA:2018,1
DA:2019,1
DA:2020,1
DA:2021,1
DA:2022,1
DA:2023,1
DA:2024,1
DA:2025,1
DA:2026,1
DA:2027,1
DA:2028,1
DA:2029,1
DA:2030,1
DA:2031,1
DA:2032,1
DA:2033,1
DA:2034,1
DA:2035,1
DA:2036,1
DA:2037,1
DA:2038,1
DA:2039,1
DA:2040,1
DA:2041,1
DA:2042,1
DA:2043,1
DA:2044,1
DA:2045,1
DA:2046,1
DA:2047,1
DA:2048,1
DA:2049,1
DA:2050,1
DA:2051,1
DA:2052,1
DA:2053,1
DA:2054,1
DA:2055,1
DA:2056,1
DA:2057,1
DA:2058,1
DA:2059,1
DA:2060,1
DA:2061,1
DA:2062,1
DA:2063,1
DA:2064,1
DA:2065,1
DA:2066,1
DA:2067,1
DA:2068,1
DA:2069,1
DA:2070,1
DA:2071,1
DA:2072,1
DA:2073,1
DA:2074,1
DA:2075,1
DA:2076,1
DA:2077,1
DA:2078,1
DA:2079,1
DA:2080,1
DA:2081,1
DA:2082,1
DA:2083,1
DA:2084,1
DA:2085,1
DA:2086,1
DA:2087,1
DA:2088,1
DA:2089,1
DA:2090,1
DA:2091,1
DA:2092,1
DA:2093,1
DA:2094,1
DA:2095,1
DA:2096,1
DA:2097,1
DA:2098,1
DA:2099,1
DA:2100,1
DA:2101,1
DA:2102,1
DA:2103,1
DA:2104,1
DA:2105,1
DA:2106,1
DA:2107,1
DA:2108,1
DA:2109,1
DA:2110,1
DA:2111,1
DA:2112,1
DA:2113,1
DA:2114,1
DA:2115,1
DA:2116,1
DA:2117,1
DA:2118,1
DA:2119,1
DA:2120,1
DA:2121,1
DA:2122,1
DA:2123,1
DA:2124,1
DA:2125,1
DA:2126,1
DA:2127,1
DA:2128,1
DA:2129,1
DA:2130,1
DA:2131,1
DA:2132,1
DA:2133,1
DA:2134,1
DA:2135,1
DA:2136,1
DA:2137,1
DA:2138,1
DA:2139,1
DA:2140,1
DA:2141,1
DA:2142,1
DA:2143,1
DA:2144,1
DA:2145,1
DA:2146,1
DA:2147,1
DA:2148,1
DA:2149,1
DA:2150,1
DA:2151,1
DA:2152,1
DA:2153,1
DA:2154,1
DA:2155,1
DA:2156,1
DA:2157,1
DA:2158,1
DA:2159,1
DA:2160,1
DA:2161,1
DA:2162,1
DA:2163,1
DA:2164,1
DA:2165,1
DA:2166,1
DA:2167,1
DA:2168,1
DA:2169,1
DA:2170,1
DA:2171,1
DA:2172,1
DA:2173,1
DA:2174,1
DA:2175,1
DA:2176,1
DA:2177,1
DA:2178,1
DA:2179,1
DA:2180,1
DA:2181,1
DA:2182,1
DA:2183,1
DA:2184,1
DA:2185,1
DA:2186,1
DA:2187,1
DA:2188,1
DA:2189,1
DA:2190,1
DA:2191,1
DA:2192,1
DA:2193,1
DA:2194,1
DA:2195,1
DA:2196,1
DA:2197,1
DA:2198,1
DA:2199,1
DA:2200,1
DA:2201,1
DA:2202,1
DA:2203,1
DA:2204,1
DA:2205,1
DA:2206,1
DA:2207,1
DA:2208,1
DA:2209,1
DA:2210,1
DA:2211,1
DA:2212,1
DA:2213,1
DA:2214,1
DA:2215,1
DA:2216,1
DA:2217,1
DA:2218,1
DA:2219,1
DA:2220,1
DA:2221,1
DA:2222,1
DA:2223,1
DA:2224,1
DA:2225,1
DA:2226,1
DA:2227,1
DA:2228,1
DA:2229,1
DA:2230,1
DA:2231,1
DA:2232,1
DA:2233,1
DA:2234,1
DA:2235,1
DA:2236,1
DA:2237,1
DA:2238,1
DA:2239,1
DA:2240,1
DA:2241,1
DA:2242,1
DA:2243,1
DA:2244,1
DA:2245,1
DA:2246,1
DA:2247,1
DA:2248,1
DA:2249,1
DA:2250,1
DA:2251,1
DA:2252,1
DA:2253,1
DA:2254,1
DA:2255,1
DA:2256,1
DA:2257,1
DA:2258,1
DA:2259,1
DA:2260,1
DA:2261,1
DA:2262,1
DA:2263,1
DA:2264,1
DA:2265,1
DA:2266,1
DA:2267,1
DA:2268,1
DA:2269,1
DA:2270,1
DA:2271,1
DA:2272,1
DA:2273,1
DA:2274,1
DA:2275,1
DA:2276,1
DA:2277,1
DA:2278,1
DA:2279,1
DA:2280,1
DA:2281,1
DA:2282,1
DA:2283,1
DA:2284,1
DA:2285,1
DA:2286,1
DA:2287,1
DA:2288,1
DA:2289,1
DA:2290,1
DA:2291,1
DA:2292,1
DA:2293,1
DA:2294,1
DA:2295,1
DA:2296,1
DA:2297,1
DA:2298,1
DA:2299,1
DA:2300,1
DA:2301,1
DA:2302,1
DA:2303,1
DA:2304,1
DA:2305,1
DA:2306,1
DA:2307,1
DA:2308,1
DA:2309,1
DA:2310,1
DA:2311,1
DA:2312,1
DA:2313,1
DA:2314,1
DA:2315,1
DA:2316,1
DA:2317,1
DA:2318,1
DA:2319,1
DA:2320,1
DA:2321,1
DA:2322,1
DA:2323,1
DA:2324,1
DA:2325,1
DA:2326,1
DA:2327,1
DA:2328,1
DA:2329,1
DA:2330,1
DA:2331,1
DA:2332,1
DA:2333,1
DA:2334,1
DA:2335,1
DA:2336,1
DA:2337,1
DA:2338,1
DA:2339,1
DA:2340,1
DA:2341,1
DA:2342,1
DA:2343,1
DA:2344,1
DA:2345,1
DA:2346,1
DA:2347,1
DA:2348,1
DA:2349,1
DA:2350,1
DA:2351,1
DA:2352,1
DA:2353,1
DA:2354,1
DA:2355,1
DA:2356,1
DA:2357,1
DA:2358,1
DA:2359,1
DA:2360,1
DA:2361,1
DA:2362,1
DA:2363,1
DA:2364,1
DA:2365,1
DA:2366,1
DA:2367,1
DA:2368,1
DA:2369,1
DA:2370,1
DA:2371,1
DA:2372,1
DA:2373,1
DA:2374,1
DA:2375,1
DA:2376,1
DA:2377,1
DA:2378,1
DA:2379,1
DA:2380,1
DA:2381,1
DA:2382,1
DA:2383,1
DA:2384,1
DA:2385,1
DA:2386,1
DA:2387,1
DA:2388,1
DA:2389,1
DA:2390,1
DA:2391,1
DA:2392,1
DA:2393,1
DA:2394,1
DA:2395,1
DA:2396,1
DA:2397,1
DA:2398,1
DA:2399,1
DA:2400,1
DA:2401,1
DA:2402,1
DA:2403,1
DA:2404,1
DA:2405,1
DA:2406,1
DA:2407,1
DA:2408,1
DA:2409,1
DA:2410,1
DA:2411,1
DA:2412,1
DA:2413,1
DA:2414,1
DA:2415,1
DA:2416,1
DA:2417,1
DA:2418,1
DA:2419,1
DA:2420,1
DA:2421,1
DA:2422,1
DA:2423,1
DA:2424,1
DA:2425,1
DA:2426,1
DA:2427,1
DA:2428,1
DA:2429,1
DA:2430,1
DA:2431,1
DA:2432,1
DA:2433,1
DA:2434,1
DA:2435,1
DA:2436,1
DA:2437,1
DA:2438,1
DA:2439,1
DA:2440,1
DA:2441,1
DA:2442,1
DA:2443,1
DA:2444,1
DA:2445,1
DA:2446,1
DA:2447,1
DA:2448,1
DA:2449,1
DA:2450,1
DA:2451,1
DA:2452,1
DA:2453,1
DA:2454,1
DA:2455,1
DA:2456,1
DA:2457,1
DA:2458,1
DA:2459,1
DA:2460,1
DA:2461,1
DA:2462,1
DA:2463,1
DA:2464,1
DA:2465,1
DA:2466,1
DA:2467,1
DA:2468,1
DA:2469,1
DA:2470,1
DA:2471,1
DA:2472,1
DA:2473,1
DA:2474,1
DA:2475,1
DA:2476,1
DA:2477,1
DA:2478,1
DA:2479,1
DA:2480,1
DA:2481,1
DA:2482,1
DA:2483,1
DA:2484,1
DA:2485,1
DA:2486,1
DA:2487,1
DA:2488,1
DA:2489,1
DA:2490,1
DA:2491,1
DA:2492,1
DA:2493,1
DA:2494,1
DA:2495,1
DA:2496,1
DA:2497,1
DA:2498,1
DA:2499,1
DA:2500,1
DA:2501,1
DA:2502,1
DA:2503,1
DA:2504,1
DA:2505,1
DA:2506,1
DA:2507,1
DA:2508,1
DA:2509,1
DA:2510,1
DA:2511,1
DA:2512,1
DA:2513,1
DA:2514,1
DA:2515,1
DA:2516,1
DA:2517,1
DA:2518,1
DA:2519,1
DA:2520,1
DA:2521,1
DA:2522,1
DA:2523,1
DA:2524,1
DA:2525,1
DA:2526,1
DA:2527,1
DA:2528,1
DA:2529,1
DA:2530,1
DA:2531,1
DA:2532,1
DA:2533,1
DA:2534,1
DA:2535,1
DA:2536,1
DA:2537,1
DA:2538,1
DA:2539,1
DA:2540,1
DA:2541,1
DA:2542,1
DA:2543,1
DA:2544,1
DA:2545,1
DA:2546,1
DA:2547,1
DA:2548,1
DA:2549,1
DA:2550,1
DA:2551,1
DA:2552,1
DA:2553,1
DA:2554,1
DA:2555,1
DA:2556,1
DA:2557,1
DA:2558,1
DA:2559,1
DA:2560,1
DA:2561,1
DA:2562,1
DA:2563,1
DA:2564,1
DA:2565,1
DA:2566,1
DA:2567,1
DA:2568,1
DA:2569,1
DA:2570,1
DA:2571,1
DA:2572,1
DA:2573,1
DA:2574,1
DA:2575,1
DA:2576,1
DA:2577,1
DA:2578,1
DA:2579,1
DA:2580,1
DA:2581,1
DA:2582,1
DA:2583,1
DA:2584,1
DA:2585,1
DA:2586,1
DA:2587,1
DA:2588,1
DA:2589,1
DA:2590,1
DA:2591,1
DA:2592,1
DA:2593,1
DA:2594,1
DA:2595,1
DA:2596,1
DA:2597,1
DA:2598,1
DA:2599,1
DA:2600,1
DA:2601,1
DA:2602,1
DA:2603,1
DA:2604,1
DA:2605,1
DA:2606,1
DA:2607,1
DA:2608,1
DA:2609,1
DA:2610,1
DA:2611,1
DA:2612,1
DA:2613,1
DA:2614,1
DA:2615,1
DA:2616,1
DA:2617,1
DA:2618,1
DA:2619,1
DA:2620,1
DA:2621,1
DA:2622,1
DA:2623,1
DA:2624,1
DA:2625,1
DA:2626,1
DA:2627,1
DA:2628,1
DA:2629,1
DA:2630,1
DA:2631,1
DA:2632,1
DA:2633,1
DA:2634,1
DA:2635,1
DA:2636,1
DA:2637,1
DA:2638,1
DA:2639,1
DA:2640,1
DA:2641,1
DA:2642,1
DA:2643,1
DA:2644,1
DA:2645,1
DA:2646,1
DA:2647,1
DA:2648,1
DA:2649,1
DA:2650,1
DA:2651,1
DA:2652,1
DA:2653,1
DA:2654,1
DA:2655,1
DA:2656,1
DA:2657,1
DA:2658,1
DA:2659,1
DA:2660,1
DA:2661,1
DA:2662,1
DA:2663,1
DA:2664,1
DA:2665,1
DA:2666,1
DA:2667,1
DA:2668,1
DA:2669,1
DA:2670,1
DA:2671,1
DA:2672,1
DA:2673,1
DA:2674,1
DA:2675,1
DA:2676,1
DA:2677,1
DA:2678,1
DA:2679,1
DA:2680,1
DA:2681,1
DA:2682,1
DA:2683,1
DA:2684,1
DA:2685,1
DA:2686,1
DA:2687,1
DA:2688,1
DA:2689,1
DA:2690,1
DA:2691,1
DA:2692,1
DA:2693,1
DA:2694,1
DA:2695,1
DA:2696,1
DA:2697,1
DA:2698,1
DA:2699,1
DA:2700,1
DA:2701,1
DA:2702,1
DA:2703,1
DA:2704,1
DA:2705,1
DA:2706,1
DA:2707,1
DA:2708,1
DA:2709,1
DA:2710,1
DA:2711,1
DA:2712,1
DA:2713,1
DA:2714,1
DA:2715,1
DA:2716,1
DA:2717,1
DA:2718,1
DA:2719,1
DA:2720,1
DA:2721,1
DA:2722,1
DA:2723,1
DA:2724,1
DA:2725,1
DA:2726,1
DA:2727,1
DA:2728,1
DA:2729,1
DA:2730,1
DA:2731,1
DA:2732,1
DA:2733,1
DA:2734,1
DA:2735,1
DA:2736,1
DA:2737,1
DA:2738,1
DA:2739,1
DA:2740,1
DA:2741,1
DA:2742,1
DA:2743,1
DA:2744,1
DA:2745,1
DA:2746,1
DA:2747,1
DA:2748,1
DA:2749,1
DA:2750,1
DA:2751,1
DA:2752,1
DA:2753,1
DA:2754,1
DA:2755,1
DA:2756,1
DA:2757,1
DA:2758,1
DA:2759,1
DA:2760,1
DA:2761,1
DA:2762,1
DA:2763,1
DA:2764,1
DA:2765,1
DA:2766,1
DA:2767,1
DA:2768,1
DA:2769,1
DA:2770,1
DA:2771,1
DA:2772,1
DA:2773,1
DA:2774,1
DA:2775,1
DA:2776,1
DA:2777,1
DA:2778,1
DA:2779,1
DA:2780,1
DA:2781,1
DA:2782,1
DA:2783,1
DA:2784,1
DA:2785,1
DA:2786,1
DA:2787,1
DA:2788,1
DA:2789,1
DA:2790,1
DA:2791,1
DA:2792,1
DA:2793,1
DA:2794,1
DA:2795,1
DA:2796,1
DA:2797,1
DA:2798,1
DA:2799,1
DA:2800,1
DA:2801,1
DA:2802,1
DA:2803,1
DA:2804,1
DA:2805,1
DA:2806,1
DA:2807,1
DA:2808,1
DA:2809,1
DA:2810,1
DA:2811,1
DA:2812,1
DA:2813,1
DA:2814,1
DA:2815,1
DA:2816,1
DA:2817,1
DA:2818,1
DA:2819,1
DA:2820,1
DA:2821,1
DA:2822,1
DA:2823,1
DA:2824,1
DA:2825,1
DA:2826,1
DA:2827,1
DA:2828,1
DA:2829,1
DA:2830,1
DA:2831,1
DA:2832,1
DA:2833,1
DA:2834,1
DA:2835,1
DA:2836,1
DA:2837,1
DA:2838,1
DA:2839,1
DA:2840,1
DA:2841,1
DA:2842,1
DA:2843,1
DA:2844,1
DA:2845,1
DA:2846,1
DA:2847,1
DA:2848,1
DA:2849,1
DA:2850,1
DA:2851,1
DA:2852,1
DA:2853,1
DA:2854,1
DA:2855,1
DA:2856,1
DA:2857,1
DA:2858,1
DA:2859,1
DA:2860,1
DA:2861,1
DA:2862,1
DA:2863,1
DA:2864,1
DA:2865,1
DA:2866,1
DA:2867,1
DA:2868,1
DA:2869,1
DA:2870,1
DA:2871,1
DA:2872,1
DA:2873,1
DA:2874,1
DA:2875,1
DA:2876,1
DA:2877,1
DA:2878,1
DA:2879,1
DA:2880,1
DA:2881,1
DA:2882,1
DA:2883,1
DA:2884,1
DA:2885,1
DA:2886,1
DA:2887,1
DA:2888,1
DA:2889,1
DA:2890,1
DA:2891,1
DA:2892,1
DA:2893,1
DA:2894,1
DA:2895,1
DA:2896,1
DA:2897,1
DA:2898,1
DA:2899,1
DA:2900,1
DA:2901,1
DA:2902,1
DA:2903,1
DA:2904,1
DA:2905,1
DA:2906,1
DA:2907,1
DA:2908,1
DA:2909,1
DA:2910,1
DA:2911,1
DA:2912,1
DA:2913,1
DA:2914,1
DA:2915,1
DA:2916,1
DA:2917,1
DA:2918,1
DA:2919,1
DA:2920,1
DA:2921,1
DA:2922,1
DA:2923,1
DA:2924,1
DA:2925,1
DA:2926,1
DA:2927,1
DA:2928,1
DA:2929,1
DA:2930,1
DA:2931,1
DA:2932,1
DA:2933,1
DA:2934,1
DA:2935,1
DA:2936,1
DA:2937,1
DA:2938,1
DA:2939,1
DA:2940,1
DA:2941,1
DA:2942,1
DA:2943,1
DA:2944,1
DA:2945,1
DA:2946,1
DA:2947,1
DA:2948,1
DA:2949,1
DA:2950,1
DA:2951,1
DA:2952,1
DA:2953,1
DA:2954,1
DA:2955,1
DA:2956,1
DA:2957,1
DA:2958,1
DA:2959,1
DA:2960,1
DA:2961,1
DA:2962,1
DA:2963,1
DA:2964,1
DA:2965,1
DA:2966,1
DA:2967,1
DA:2968,1
DA:2969,1
DA:2970,1
DA:2971,1
DA:2972,1
DA:2973,1
DA:2974,1
DA:2975,1
DA:2976,1
DA:2977,1
DA:2978,1
DA:2979,1
DA:2980,1
DA:2981,1
DA:2982,1
DA:2983,1
DA:2984,1
DA:2985,1
DA:2986,1
DA:2987,1
DA:2988,1
DA:2989,1
DA:2990,1
DA:2991,1
DA:2992,1
DA:2993,1
DA:2994,1
DA:2995,1
DA:2996,1
DA:2997,1
DA:2998,1
DA:2999,1
DA:3000,1
DA:3001,1
DA:3002,1
DA:3003,1
DA:3004,1
DA:3005,1
DA:3006,1
DA:3007,1
DA:3008,1
DA:3009,1
DA:3010,1
DA:3011,1
DA:3012,1
DA:3013,1
DA:3014,1
DA:3015,1
DA:3016,1
DA:3017,1
DA:3018,1
DA:3019,1
DA:3020,1
DA:3021,1
DA:3022,1
DA:3023,1
DA:3024,1
DA:3025,1
DA:3026,1
DA:3027,1
DA:3028,1
DA:3029,1
DA:3030,1
DA:3031,1
DA:3032,1
DA:3033,1
DA:3034,1
DA:3035,1
DA:3036,1
DA:3037,1
DA:3038,1
DA:3039,1
DA:3040,1
DA:3041,1
DA:3042,1
DA:3043,1
DA:3044,1
DA:3045,1
DA:3046,1
DA:3047,1
DA:3048,1
DA:3049,1
DA:3050,1
DA:3051,1
DA:3052,1
DA:3053,1
DA:3054,1
DA:3055,1
DA:3056,1
DA:3057,1
DA:3058,1
DA:3059,1
DA:3060,1
DA:3061,1
DA:3062,1
DA:3063,1
DA:3064,1
DA:3065,1
DA:3066,1
DA:3067,1
DA:3068,1
DA:3069,1
DA:3070,1
DA:3071,1
DA:3072,1
DA:3073,1
DA:3074,1
DA:3075,1
DA:3076,1
DA:3077,1
DA:3078,1
DA:3079,1
DA:3080,1
DA:3081,1
DA:3082,1
DA:3083,1
DA:3084,1
DA:3085,1
DA:3086,1
DA:3087,1
DA:3088,1
DA:3089,1
DA:3090,1
DA:3091,1
DA:3092,1
DA:3093,1
DA:3094,1
DA:3095,1
DA:3096,1
DA:3097,1
DA:3098,1
DA:3099,1
DA:3100,1
DA:3101,1
DA:3102,1
DA:3103,1
DA:3104,1
DA:3105,1
DA:3106,1
DA:3107,1
DA:3108,1
DA:3109,1
DA:3110,1
DA:3111,1
DA:3112,1
DA:3113,1
DA:3114,1
DA:3115,1
DA:3116,1
DA:3117,1
DA:3118,1
DA:3119,1
DA:3120,1
DA:3121,1
DA:3122,1
DA:3123,1
DA:3124,1
DA:3125,1
DA:3126,1
DA:3127,1
DA:3128,1
DA:3129,1
DA:3130,1
DA:3131,1
DA:3132,1
DA:3133,1
DA:3134,1
DA:3135,1
DA:3136,1
DA:3137,1
DA:3138,1
DA:3139,1
DA:3140,1
DA:3141,1
DA:3142,1
DA:3143,1
DA:3144,1
DA:3145,1
DA:3146,1
DA:3147,1
DA:3148,1
DA:3149,1
DA:3150,1
DA:3151,1
DA:3152,1
DA:3153,1
DA:3154,1
DA:3155,1
DA:3156,1
DA:3157,1
DA:3158,1
DA:3159,1
DA:3160,1
DA:3161,1
DA:3162,1
DA:3163,1
DA:3164,1
DA:3165,1
DA:3166,1
DA:3167,1
DA:3168,1
DA:3169,1
DA:3170,1
DA:3171,1
DA:3172,1
DA:3173,1
DA:3174,1
DA:3175,1
DA:3176,1
DA:3177,1
DA:3178,1
DA:3179,1
DA:3180,1
DA:3181,1
DA:3182,1
DA:3183,1
DA:3184,1
DA:3185,1
DA:3186,1
DA:3187,1
DA:3188,1
DA:3189,1
DA:3190,1
DA:3191,1
DA:3192,1
DA:3193,1
DA:3194,1
DA:3195,1
DA:3196,1
DA:3197,1
DA:3198,1
DA:3199,1
DA:3200,1
DA:3201,1
DA:3202,1
DA:3203,1
DA:3204,1
DA:3205,1
DA:3206,1
DA:3207,1
DA:3208,1
DA:3209,1
DA:3210,1
DA:3211,1
DA:3212,1
DA:3213,1
DA:3214,1
DA:3215,1
DA:3216,1
DA:3217,1
DA:3218,1
DA:3219,1
DA:3220,1
DA:3221,1
DA:3222,1
DA:3223,1
DA:3224,1
DA:3225,1
DA:3226,1
DA:3227,1
DA:3228,1
DA:3229,1
DA:3230,1
DA:3231,1
DA:3232,1
DA:3233,1
DA:3234,1
DA:3235,1
DA:3236,1
DA:3237,1
DA:3238,1
DA:3239,1
DA:3240,1
DA:3241,1
DA:3242,1
DA:3243,1
DA:3244,1
DA:3245,1
DA:3246,1
DA:3247,1
DA:3248,1
DA:3249,1
DA:3250,1
DA:3251,1
DA:3252,1
DA:3253,1
DA:3254,1
DA:3255,1
DA:3256,1
DA:3257,1
DA:3258,1
DA:3259,1
DA:3260,1
DA:3261,1
DA:3262,1
DA:3263,1
DA:3264,1
DA:3265,1
DA:3266,1
DA:3267,1
DA:3268,1
DA:3269,1
DA:3270,1
DA:3271,1
DA:3272,1
DA:3273,1
DA:3274,1
DA:3275,1
DA:3276,1
DA:3277,1
DA:3278,1
DA:3279,1
DA:3280,1
DA:3281,1
DA:3282,1
DA:3283,1
DA:3284,1
DA:3285,1
DA:3286,1
DA:3287,1
DA:3288,1
DA:3289,1
DA:3290,1
DA:3291,1
DA:3292,1
DA:3293,1
DA:3294,1
DA:3295,1
DA:3296,1
DA:3297,1
DA:3298,1
DA:3299,1
DA:3300,1
DA:3301,1
DA:3302,1
DA:3303,1
DA:3304,1
DA:3305,1
DA:3306,1
DA:3307,1
DA:3308,1
DA:3309,1
DA:3310,1
DA:3311,1
DA:3312,1
DA:3313,1
DA:3314,1
DA:3315,1
DA:3316,1
DA:3317,1
DA:3318,1
DA:3319,1
DA:3320,1
DA:3321,1
DA:3322,1
DA:3323,1
DA:3324,1
DA:3325,1
DA:3326,1
DA:3327,1
DA:3328,1
DA:3329,1
DA:3330,1
DA:3331,1
DA:3332,1
DA:3333,1
DA:3334,1
DA:3335,1
DA:3336,1
DA:3337,1
DA:3338,1
DA:3339,1
DA:3340,1
DA:3341,1
DA:3342,1
DA:3343,1
DA:3344,1
DA:3345,1
DA:3346,1
DA:3347,1
DA:3348,1
DA:3349,1
DA:3350,1
DA:3351,1
DA:3352,1
DA:3353,1
DA:3354,1
DA:3355,1
DA:3356,1
DA:3357,1
DA:3358,1
DA:3359,1
DA:3360,1
DA:3361,1
DA:3362,1
DA:3363,1
DA:3364,1
DA:3365,1
DA:3366,1
DA:3367,1
DA:3368,1
DA:3369,1
DA:3370,1
DA:3371,1
DA:3372,1
DA:3373,1
DA:3374,1
DA:3375,1
DA:3376,1
DA:3377,1
DA:3378,1
DA:3379,1
DA:3380,1
DA:3381,1
DA:3382,1
DA:3383,1
DA:3384,1
DA:3385,1
DA:3386,1
DA:3387,1
DA:3388,1
DA:3389,1
DA:3390,1
DA:3391,1
DA:3392,1
DA:3393,1
DA:3394,1
DA:3395,1
DA:3396,1
DA:3397,1
DA:3398,1
DA:3399,1
DA:3400,1
DA:3401,1
DA:3402,1
DA:3403,1
DA:3404,1
DA:3405,1
DA:3406,1
DA:3407,1
DA:3408,1
DA:3409,1
DA:3410,1
DA:3411,1
DA:3412,1
DA:3413,1
DA:3414,1
DA:3415,1
DA:3416,1
DA:3417,1
DA:3418,1
DA:3419,1
DA:3420,1
DA:3421,1
DA:3422,1
DA:3423,1
DA:3424,1
DA:3425,1
DA:3426,1
DA:3427,1
DA:3428,1
DA:3429,1
DA:3430,1
DA:3431,1
DA:3432,1
DA:3433,1
DA:3434,1
DA:3435,1
DA:3436,1
DA:3437,1
DA:3438,1
DA:3439,1
DA:3440,1
DA:3441,1
DA:3442,1
DA:3443,1
DA:3444,1
DA:3445,1
DA:3446,1
DA:3447,1
DA:3448,1
DA:3449,1
DA:3450,1
DA:3451,1
DA:3452,1
DA:3453,1
DA:3454,1
DA:3455,1
DA:3456,1
DA:3457,1
DA:3458,1
DA:3459,1
DA:3460,1
DA:3461,1
DA:3462,1
DA:3463,1
DA:3464,1
DA:3465,1
DA:3466,1
DA:3467,1
DA:3468,1
DA:3469,1
DA:3470,1
DA:3471,1
DA:3472,1
DA:3473,1
DA:3474,1
DA:3475,1
DA:3476,1
DA:3477,1
DA:3478,1
DA:3479,1
DA:3480,1
DA:3481,1
DA:3482,1
DA:3483,1
DA:3484,1
DA:3485,1
DA:3486,1
DA:3487,1
DA:3488,1
DA:3489,1
DA:3490,1
DA:3491,1
DA:3492,1
DA:3493,1
DA:3494,1
DA:3495,1
DA:3496,1
DA:3497,1
DA:3498,1
DA:3499,1
DA:3500,1
DA:3501,1
DA:3502,1
DA:3503,1
DA:3504,1
DA:3505,1
DA:3506,1
DA:3507,1
DA:3508,1
DA:3509,1
DA:3510,1
DA:3511,1
DA:3512,1
DA:3513,1
DA:3514,1
DA:3515,1
DA:3516,1
DA:3517,1
DA:3518,1
DA:3519,1
DA:3520,1
DA:3521,1
DA:3522,1
DA:3523,1
DA:3524,1
DA:3525,1
DA:3526,1
DA:3527,1
DA:3528,1
DA:3529,1
DA:3530,1
DA:3531,1
DA:3532,1
DA:3533,1
DA:3534,1
DA:3535,1
DA:3536,1
DA:3537,1
DA:3538,1
DA:3539,1
DA:3540,1
DA:3541,1
DA:3542,1
DA:3543,1
DA:3544,1
DA:3545,1
DA:3546,1
DA:3547,1
DA:3548,1
DA:3549,1
DA:3550,1
DA:3551,1
DA:3552,1
DA:3553,1
DA:3554,1
DA:3555,1
DA:3556,1
DA:3557,1
DA:3558,1
DA:3559,1
DA:3560,1
DA:3561,1
DA:3562,1
DA:3563,1
DA:3564,1
DA:3565,1
DA:3566,1
DA:3567,1
DA:3568,1
DA:3569,1
DA:3570,1
DA:3571,1
DA:3572,1
DA:3573,1
DA:3574,1
DA:3575,1
DA:3576,1
DA:3577,1
DA:3578,1
DA:3579,1
DA:3580,1
DA:3581,1
DA:3582,1
DA:3583,1
DA:3584,1
DA:3585,1
DA:3586,1
DA:3587,1
DA:3588,1
DA:3589,1
DA:3590,1
DA:3591,1
DA:3592,1
DA:3593,1
DA:3594,1
DA:3595,1
DA:3596,1
DA:3597,1
DA:3598,1
DA:3599,1
DA:3600,1
DA:3601,1
DA:3602,1
DA:3603,1
DA:3604,1
DA:3605,1
DA:3606,1
DA:3607,1
DA:3608,1
DA:3609,1
DA:3610,1
DA:3611,1
DA:3612,1
DA:3613,1
DA:3614,1
DA:3615,1
DA:3616,1
DA:3617,1
DA:3618,1
DA:3619,1
DA:3620,1
DA:3621,1
DA:3622,1
DA:3623,1
DA:3624,1
DA:3625,1
DA:3626,1
DA:3627,1
DA:3628,1
DA:3629,1
DA:3630,1
DA:3631,1
DA:3632,1
DA:3633,1
DA:3634,1
DA:3635,1
DA:3636,1
DA:3637,1
DA:3638,1
DA:3639,1
DA:3640,1
DA:3641,1
DA:3642,1
DA:3643,1
DA:3644,1
DA:3645,1
DA:3646,1
DA:3647,1
DA:3648,1
DA:3649,1
DA:3650,1
DA:3651,1
DA:3652,1
DA:3653,1
DA:3654,1
DA:3655,1
DA:3656,1
DA:3657,1
DA:3658,1
DA:3659,1
DA:3660,1
DA:3661,1
DA:3662,1
DA:3663,1
DA:3664,1
DA:3665,1
DA:3666,1
DA:3667,1
DA:3668,1
DA:3669,1
DA:3670,1
DA:3671,1
DA:3672,1
DA:3673,1
DA:3674,1
DA:3675,1
DA:3676,1
DA:3677,1
DA:3678,1
DA:3679,1
DA:3680,1
DA:3681,1
DA:3682,1
DA:3683,1
DA:3684,1
DA:3685,1
DA:3686,1
DA:3687,1
DA:3688,1
DA:3689,1
DA:3690,1
DA:3691,1
DA:3692,1
DA:3693,1
DA:3694,1
DA:3695,1
DA:3696,1
DA:3697,1
DA:3698,1
DA:3699,1
DA:3700,1
DA:3701,1
DA:3702,1
DA:3703,1
DA:3704,1
DA:3705,1
DA:3706,1
DA:3707,1
DA:3708,1
DA:3709,1
DA:3710,1
DA:3711,1
DA:3712,1
DA:3713,1
DA:3714,1
DA:3715,1
DA:3716,1
DA:3717,1
DA:3718,1
DA:3719,1
DA:3720,1
DA:3721,1
DA:3722,1
DA:3723,1
DA:3724,1
DA:3725,1
DA:3726,1
DA:3727,1
DA:3728,1
DA:3729,1
DA:3730,1
DA:3731,1
DA:3732,1
DA:3733,1
DA:3734,1
DA:3735,1
DA:3736,1
DA:3737,1
DA:3738,1
DA:3739,1
DA:3740,1
DA:3741,1
DA:3742,1
DA:3743,1
DA:3744,1
DA:3745,1
DA:3746,1
DA:3747,1
DA:3748,1
DA:3749,1
DA:3750,1
DA:3751,1
DA:3752,1
DA:3753,1
DA:3754,1
DA:3755,1
DA:3756,1
DA:3757,1
DA:3758,1
DA:3759,1
DA:3760,1
DA:3761,1
DA:3762,1
DA:3763,1
DA:3764,1
DA:3765,1
DA:3766,1
DA:3767,1
DA:3768,1
DA:3769,1
DA:3770,1
DA:3771,1
DA:3772,1
DA:3773,1
DA:3774,1
DA:3775,1
DA:3776,1
DA:3777,1
DA:3778,1
DA:3779,1
DA:3780,1
DA:3781,1
DA:3782,1
DA:3783,1
DA:3784,1
DA:3785,1
DA:3786,1
DA:3787,1
DA:3788,1
DA:3789,1
DA:3790,1
DA:3791,1
DA:3792,1
DA:3793,1
DA:3794,1
DA:3795,1
DA:3796,1
DA:3797,1
DA:3798,1
DA:3799,1
DA:3800,1
DA:3801,1
DA:3802,1
DA:3803,1
DA:3804,1
DA:3805,1
DA:3806,1
DA:3807,1
DA:3808,1
DA:3809,1
DA:3810,1
DA:3811,1
DA:3812,1
DA:3813,1
DA:3814,1
DA:3815,1
DA:3816,1
DA:3817,1
DA:3818,1
DA:3819,1
DA:3820,1
DA:3821,1
DA:3822,1
DA:3823,1
DA:3824,1
DA:3825,1
DA:3826,1
DA:3827,1
DA:3828,1
DA:3829,1
DA:3830,1
DA:3831,1
DA:3832,1
DA:3833,1
DA:3834,1
DA:3835,1
DA:3836,1
DA:3837,1
DA:3838,1
DA:3839,1
DA:3840,1
DA:3841,1
DA:3842,1
DA:3843,1
DA:3844,1
DA:3845,1
DA:3846,1
DA:3847,1
DA:3848,1
DA:3849,1
DA:3850,1
DA:3851,1
DA:3852,1
DA:3853,1
DA:3854,1
DA:3855,1
DA:3856,1
DA:3857,1
DA:3858,1
DA:3859,1
DA:3860,1
DA:3861,1
DA:3862,1
DA:3863,1
DA:3864,1
DA:3865,1
DA:3866,1
DA:3867,1
DA:3868,1
DA:3869,1
DA:3870,1
DA:3871,1
DA:3872,1
DA:3873,1
DA:3874,1
DA:3875,1
DA:3876,1
DA:3877,1
DA:3878,1
DA:3879,1
DA:3880,1
DA:3881,1
DA:3882,1
DA:3883,1
DA:3884,1
DA:3885,1
DA:3886,1
DA:3887,1
DA:3888,1
DA:3889,1
DA:3890,1
DA:3891,1
DA:3892,1
DA:3893,1
DA:3894,1
DA:3895,1
DA:3896,1
DA:3897,1
DA:3898,1
DA:3899,1
DA:3900,1
DA:3901,1
DA:3902,1
DA:3903,1
DA:3904,1
DA:3905,1
DA:3906,1
DA:3907,1
DA:3908,1
DA:3909,1
DA:3910,1
DA:3911,1
DA:3912,1
DA:3913,1
DA:3914,1
DA:3915,1
DA:3916,1
DA:3917,1
DA:3918,1
DA:3919,1
DA:3920,1
DA:3921,1
DA:3922,1
DA:3923,1
DA:3924,1
DA:3925,1
DA:3926,1
DA:3927,1
DA:3928,1
DA:3929,1
DA:3930,1
DA:3931,1
DA:3932,1
DA:3933,1
DA:3934,1
DA:3935,1
DA:3936,1
DA:3937,1
DA:3938,1
DA:3939,1
DA:3940,1
DA:3941,1
DA:3942,1
DA:3943,1
DA:3944,1
DA:3945,1
DA:3946,1
DA:3947,1
DA:3948,1
DA:3949,1
DA:3950,1
DA:3951,1
DA:3952,1
DA:3953,1
DA:3954,1
DA:3955,1
DA:3956,1
DA:3957,1
DA:3958,1
DA:3959,1
DA:3960,1
DA:3961,1
DA:3962,1
DA:3963,1
DA:3964,1
DA:3965,1
DA:3966,1
DA:3967,1
DA:3968,1
DA:3969,1
DA:3970,1
DA:3971,1
DA:3972,1
DA:3973,1
DA:3974,1
DA:3975,1
DA:3976,1
DA:3977,1
DA:3978,1
DA:3979,1
DA:3980,1
DA:3981,1
DA:3982,1
DA:3983,1
DA:3984,1
DA:3985,1
DA:3986,1
DA:3987,1
DA:3988,1
DA:3989,1
DA:3990,1
DA:3991,1
DA:3992,1
DA:3993,1
DA:3994,1
DA:3995,1
DA:3996,1
DA:3997,1
DA:3998,1
DA:3999,1
DA:4000,1
DA:4001,1
DA:4002,1
DA:4003,1
DA:4004,1
DA:4005,1
DA:4006,1
DA:4007,1
DA:4008,1
DA:4009,1
DA:4010,1
DA:4011,1
DA:4012,1
DA:4013,1
DA:4014,1
DA:4015,1
DA:4016,1
DA:4017,1
DA:4018,1
DA:4019,1
DA:4020,1
DA:4021,1
DA:4022,1
DA:4023,1
DA:4024,1
DA:4025,1
DA:4026,1
DA:4027,1
DA:4028,1
DA:4029,1
DA:4030,1
DA:4031,1
DA:4032,1
DA:4033,1
DA:4034,1
DA:4035,1
DA:4036,1
DA:4037,1
DA:4038,1
DA:4039,1
DA:4040,1
DA:4041,1
DA:4042,1
DA:4043,1
DA:4044,1
DA:4045,1
DA:4046,1
DA:4047,1
DA:4048,1
DA:4049,1
DA:4050,1
DA:4051,1
DA:4052,1
DA:4053,1
DA:4054,1
DA:4055,1
DA:4056,1
DA:4057,1
DA:4058,1
DA:4059,1
DA:4060,1
DA:4061,1
DA:4062,1
DA:4063,1
DA:4064,1
DA:4065,1
DA:4066,1
DA:4067,1
DA:4068,1
DA:4069,1
DA:4070,1
DA:4071,1
DA:4072,1
DA:4073,1
DA:4074,1
DA:4075,1
DA:4076,1
DA:4077,1
DA:4078,1
DA:4079,1
DA:4080,1
DA:4081,1
DA:4082,1
DA:4083,1
DA:4084,1
DA:4085,1
DA:4086,1
DA:4087,1
DA:4088,1
DA:4089,1
DA:4090,1
DA:4091,1
DA:4092,1
DA:4093,1
DA:4094,1
DA:4095,1
DA:4096,1
DA:4097,1
DA:4098,1
DA:4099,1
DA:4100,1
DA:4101,1
DA:4102,1
DA:4103,1
DA:4104,1
DA:4105,1
DA:4106,1
DA:4107,1
DA:4108,1
DA:4109,1
DA:4110,1
DA:4111,1
DA:4112,1
DA:4113,1
DA:4114,1
DA:4115,1
DA:4116,1
DA:4117,1
DA:4118,1
DA:4119,1
DA:4120,1
DA:4121,1
DA:4122,1
DA:4123,1
DA:4124,1
DA:4125,1
DA:4126,1
DA:4127,1
DA:4128,1
DA:4129,1
DA:4130,1
DA:4131,1
DA:4132,1
DA:4133,1
DA:4134,1
DA:4135,1
DA:4136,1
DA:4137,1
DA:4138,1
DA:4139,1
DA:4140,1
DA:4141,1
DA:4142,1
DA:4143,1
DA:4144,1
DA:4145,1
DA:4146,1
DA:4147,1
DA:4148,1
DA:4149,1
DA:4150,1
DA:4151,1
DA:4152,1
DA:4153,1
DA:4154,1
DA:4155,1
DA:4156,1
DA:4157,1
DA:4158,1
DA:4159,1
DA:4160,1
DA:4161,1
DA:4162,1
DA:4163,1
DA:4164,1
DA:4165,1
DA:4166,1
DA:4167,1
DA:4168,1
DA:4169,1
DA:4170,1
DA:4171,1
DA:4172,1
DA:4173,1
DA:4174,1
DA:4175,1
DA:4176,1
DA:4177,1
DA:4178,1
DA:4179,1
DA:4180,1
DA:4181,1
DA:4182,1
DA:4183,1
DA:4184,1
DA:4185,1
DA:4186,1
DA:4187,1
DA:4188,1
DA:4189,1
DA:4190,1
DA:4191,1
DA:4192,1
DA:4193,1
DA:4194,1
DA:4195,1
DA:4196,1
DA:4197,1
DA:4198,1
DA:4199,1
DA:4200,1
DA:4201,1
DA:4202,1
DA:4203,1
DA:4204,1
DA:4205,1
DA:4206,1
DA:4207,1
DA:4208,1
DA:4209,1
DA:4210,1
DA:4211,1
DA:4212,1
DA:4213,1
DA:4214,1
DA:4215,1
DA:4216,1
DA:4217,1
DA:4218,1
DA:4219,1
DA:4220,1
DA:4221,1
DA:4222,1
DA:4223,1
DA:4224,1
DA:4225,1
DA:4226,1
DA:4227,1
DA:4228,1
DA:4229,1
DA:4230,1
DA:4231,1
DA:4232,1
DA:4233,1
DA:4234,1
DA:4235,1
DA:4236,1
DA:4237,1
DA:4238,1
DA:4239,1
DA:4240,1
DA:4241,1
DA:4242,1
DA:4243,1
DA:4244,1
DA:4245,1
DA:4246,1
DA:4247,1
DA:4248,1
DA:4249,1
DA:4250,1
DA:4251,1
DA:4252,1
DA:4253,1
DA:4254,1
DA:4255,1
DA:4256,1
DA:4257,1
DA:4258,1
DA:4259,1
DA:4260,1
DA:4261,1
DA:4262,1
DA:4263,1
DA:4264,1
DA:4265,1
DA:4266,1
DA:4267,1
DA:4268,1
DA:4269,1
DA:4270,1
DA:4271,1
DA:4272,1
DA:4273,1
DA:4274,1
DA:4275,1
DA:4276,1
DA:4277,1
DA:4278,1
DA:4279,1
DA:4280,1
DA:4281,1
DA:4282,1
DA:4283,1
DA:4284,1
DA:4285,1
DA:4286,1
DA:4287,1
DA:4288,1
DA:4289,1
DA:4290,1
DA:4291,1
DA:4292,1
DA:4293,1
DA:4294,1
DA:4295,1
DA:4296,1
DA:4297,1
DA:4298,1
DA:4299,1
DA:4300,1
DA:4301,1
DA:4302,1
DA:4303,1
DA:4304,1
DA:4305,1
DA:4306,1
DA:4307,1
DA:4308,1
DA:4309,1
DA:4310,1
DA:4311,1
DA:4312,1
DA:4313,1
DA:4314,1
DA:4315,1
DA:4316,1
DA:4317,1
DA:4318,1
DA:4319,1
DA:4320,1
DA:4321,1
DA:4322,1
DA:4323,1
DA:4324,1
DA:4325,1
DA:4326,1
DA:4327,1
DA:4328,1
DA:4329,1
DA:4330,1
DA:4331,1
DA:4332,1
DA:4333,1
DA:4334,1
DA:4335,1
DA:4336,1
DA:4337,1
DA:4338,1
DA:4339,1
DA:4340,1
DA:4341,1
DA:4342,1
DA:4343,1
DA:4344,1
DA:4345,1
DA:4346,1
DA:4347,1
DA:4348,1
DA:4349,1
DA:4350,1
DA:4351,1
DA:4352,1
DA:4353,1
DA:4354,1
DA:4355,1
DA:4356,1
DA:4357,1
DA:4358,1
DA:4359,1
DA:4360,1
DA:4361,1
DA:4362,1
DA:4363,1
DA:4364,1
DA:4365,1
DA:4366,1
DA:4367,1
DA:4368,1
DA:4369,1
DA:4370,1
DA:4371,1
DA:4372,1
DA:4373,1
DA:4374,1
DA:4375,1
DA:4376,1
DA:4377,1
DA:4378,1
DA:4379,1
DA:4380,1
DA:4381,1
DA:4382,1
DA:4383,1
DA:4384,1
DA:4385,1
DA:4386,1
DA:4387,1
DA:4388,1
DA:4389,1
DA:4390,1
DA:4391,1
DA:4392,1
DA:4393,1
DA:4394,1
DA:4395,1
DA:4396,1
DA:4397,1
DA:4398,1
DA:4399,1
DA:4400,1
DA:4401,1
DA:4402,1
DA:4403,1
DA:4404,1
DA:4405,1
DA:4406,1
DA:4407,1
DA:4408,1
DA:4409,1
DA:4410,1
DA:4411,1
DA:4412,1
DA:4413,1
DA:4414,1
DA:4415,1
DA:4416,1
DA:4417,1
DA:4418,1
DA:4419,1
DA:4420,1
DA:4421,1
DA:4422,1
DA:4423,1
DA:4424,1
DA:4425,1
DA:4426,1
DA:4427,1
DA:4428,1
DA:4429,1
DA:4430,1
DA:4431,1
DA:4432,1
DA:4433,1
DA:4434,1
DA:4435,1
DA:4436,1
DA:4437,1
DA:4438,1
DA:4439,1
DA:4440,1
DA:4441,1
DA:4442,1
DA:4443,1
DA:4444,1
DA:4445,1
DA:4446,1
DA:4447,1
DA:4448,1
DA:4449,1
DA:4450,1
DA:4451,1
DA:4452,1
DA:4453,1
DA:4454,1
DA:4455,1
DA:4456,1
DA:4457,1
DA:4458,1
DA:4459,1
DA:4460,1
DA:4461,1
DA:4462,1
DA:4463,1
DA:4464,1
DA:4465,1
DA:4466,1
DA:4467,1
DA:4468,1
DA:4469,1
DA:4470,1
DA:4471,1
DA:4472,1
DA:4473,1
DA:4474,1
DA:4475,1
DA:4476,1
DA:4477,1
DA:4478,1
DA:4479,1
DA:4480,1
DA:4481,1
DA:4482,1
DA:4483,1
DA:4484,1
DA:4485,1
DA:4486,1
DA:4487,1
DA:4488,1
DA:4489,1
DA:4490,1
DA:4491,1
DA:4492,1
DA:4493,1
DA:4494,1
DA:4495,1
DA:4496,1
DA:4497,1
DA:4498,1
DA:4499,1
DA:4500,1
DA:4501,1
DA:4502,1
DA:4503,1
DA:4504,1
DA:4505,1
DA:4506,1
DA:4507,1
DA:4508,1
DA:4509,1
DA:4510,1
DA:4511,1
DA:4512,1
DA:4513,1
DA:4514,1
DA:4515,1
DA:4516,1
DA:4517,1
DA:4518,1
DA:4519,1
DA:4520,1
DA:4521,1
DA:4522,1
DA:4523,1
DA:4524,1
DA:4525,1
DA:4526,1
DA:4527,1
DA:4528,1
DA:4529,1
DA:4530,1
DA:4531,1
DA:4532,1
DA:4533,1
DA:4534,1
DA:4535,1
DA:4536,1
DA:4537,1
DA:4538,1
DA:4539,1
DA:4540,1
DA:4541,1
DA:4542,1
DA:4543,1
DA:4544,1
DA:4545,1
DA:4546,1
DA:4547,1
DA:4548,1
DA:4549,1
DA:4550,1
DA:4551,1
DA:4552,1
DA:4553,1
DA:4554,1
DA:4555,1
DA:4556,1
DA:4557,1
DA:4558,1
DA:4559,1
DA:4560,1
DA:4561,1
DA:4562,1
DA:4563,1
DA:4564,1
DA:4565,1
DA:4566,1
DA:4567,1
DA:4568,1
DA:4569,1
DA:4570,1
DA:4571,1
DA:4572,1
DA:4573,1
DA:4574,1
DA:4575,1
DA:4576,1
DA:4577,1
DA:4578,1
DA:4579,1
DA:4580,1
DA:4581,1
DA:4582,1
DA:4583,1
DA:4584,1
DA:4585,1
DA:4586,1
DA:4587,1
DA:4588,1
DA:4589,1
DA:4590,1
DA:4591,1
DA:4592,1
DA:4593,1
DA:4594,1
DA:4595,1
DA:4596,1
DA:4597,1
DA:4598,1
DA:4599,1
DA:4600,1
DA:4601,1
DA:4602,1
DA:4603,1
DA:4604,1
DA:4605,1
DA:4606,1
DA:4607,1
DA:4608,1
DA:4609,1
DA:4610,1
DA:4611,1
DA:4612,1
DA:4613,1
DA:4614,1
DA:4615,1
DA:4616,1
DA:4617,1
DA:4618,1
DA:4619,1
DA:4620,1
DA:4621,1
DA:4622,1
DA:4623,1
DA:4624,1
DA:4625,1
DA:4626,1
DA:4627,1
DA:4628,1
DA:4629,1
DA:4630,1
DA:4631,1
DA:4632,1
DA:4633,1
DA:4634,1
DA:4635,1
DA:4636,1
DA:4637,1
DA:4638,1
DA:4639,1
DA:4640,1
DA:4641,1
DA:4642,1
DA:4643,1
DA:4644,1
DA:4645,1
DA:4646,1
DA:4647,1
DA:4648,1
DA:4649,1
DA:4650,1
DA:4651,1
DA:4652,1
DA:4653,1
DA:4654,1
DA:4655,1
DA:4656,1
DA:4657,1
DA:4658,1
DA:4659,1
DA:4660,1
DA:4661,1
DA:4662,1
DA:4663,1
DA:4664,1
DA:4665,1
DA:4666,1
DA:4667,1
DA:4668,1
DA:4669,1
DA:4670,1
DA:4671,1
DA:4672,1
DA:4673,1
DA:4674,1
DA:4675,1
DA:4676,1
DA:4677,1
DA:4678,1
DA:4679,1
DA:4680,1
DA:4681,1
DA:4682,1
DA:4683,1
DA:4684,1
DA:4685,21
DA:4686,21
DA:4687,146
DA:4688,146
DA:4689,146
DA:4690,146
DA:4691,21
DA:4692,21
DA:4693,1
DA:4694,1
DA:4726,1
DA:4727,1
DA:4728,1
DA:4729,1
DA:4730,1
DA:4731,1
DA:4732,1
DA:4733,146
DA:4734,146
DA:4735,146
DA:4736,146
DA:4737,146
DA:4738,146
DA:4739,146
DA:4740,146
DA:4741,146
DA:4742,146
DA:4743,146
DA:4744,146
DA:4745,146
DA:4761,146
LH:4761
LF:4761
end_of_record
