TN:
SF:test/rational.module.js
FN:24,gcd
FN:37,Rational
FN:75,_validate
FN:99,_normalize
FN:127,getNumerator
FN:136,getDenominator
FN:147,assign
FN:178,selfAdd
FN:213,selfSub
FN:248,selfMul
FN:283,selfDiv
FN:341,selfPow
FN:371,add
FN:409,sub
FN:447,mul
FN:485,div
FN:546,pow
FN:573,preInc
FN:589,preDec
FN:605,postInc
FN:622,postDec
FN:639,selfAbs
FN:655,selfNeg
FN:671,abs
FN:687,neg
FN:703,not
FN:718,bool
FN:734,lessThan
FN:802,greaterThan
FN:826,equalTo
FN:850,notEqualTo
FN:873,valueOf
FN:880,toString
FNDA:633,gcd
FNDA:286,Rational
FNDA:457,_validate
FNDA:159,_normalize
FNDA:204,getNumerator
FNDA:198,getDenominator
FNDA:12,assign
FNDA:9,selfAdd
FNDA:9,selfSub
FNDA:27,selfMul
FNDA:17,selfDiv
FNDA:10,selfPow
FNDA:9,add
FNDA:9,sub
FNDA:9,mul
FNDA:11,div
FNDA:10,pow
FNDA:4,preInc
FNDA:4,preDec
FNDA:4,postInc
FNDA:4,postDec
FNDA:3,selfAbs
FNDA:3,selfNeg
FNDA:3,abs
FNDA:3,neg
FNDA:3,not
FNDA:3,bool
FNDA:18,lessThan
FNDA:12,greaterThan
FNDA:21,equalTo
FNDA:12,notEqualTo
FNDA:7,valueOf
FNDA:5,toString
FNF:33
FNH:33
BRDA:1,0,0,1
BRDA:24,1,0,633
BRDA:25,2,0,223
BRDA:25,3,0,410
BRDA:37,4,0,286
BRDA:39,5,0,85
BRDA:43,6,0,44
BRDA:44,7,0,10
BRDA:44,8,0,8
BRDA:47,9,0,36
BRDA:51,10,0,38
BRDA:53,11,0,155
BRDA:58,12,0,2
BRDA:60,13,0,277
BRDA:75,14,0,457
BRDA:76,15,0,380
BRDA:76,16,0,366
BRDA:78,17,0,91
BRDA:80,18,0,43
BRDA:80,19,0,43
BRDA:80,20,0,29
BRDA:82,21,0,62
BRDA:84,22,0,15
BRDA:86,23,0,47
BRDA:99,24,0,159
BRDA:100,25,0,2
BRDA:102,26,0,157
BRDA:104,27,0,2
BRDA:106,28,0,155
BRDA:113,29,0,5
BRDA:127,30,0,204
BRDA:136,31,0,198
BRDA:147,32,0,12
BRDA:149,33,0,3
BRDA:150,34,0,2
BRDA:150,35,0,1
BRDA:153,36,0,2
BRDA:159,37,0,7
BRDA:164,38,0,2
BRDA:178,39,0,9
BRDA:180,40,0,7
BRDA:181,41,0,2
BRDA:181,42,0,1
BRDA:193,43,0,6
BRDA:197,44,0,3
BRDA:199,45,0,2
BRDA:213,46,0,9
BRDA:215,47,0,7
BRDA:216,48,0,2
BRDA:216,49,0,1
BRDA:228,50,0,6
BRDA:232,51,0,3
BRDA:234,52,0,2
BRDA:248,53,0,27
BRDA:250,54,0,25
BRDA:251,55,0,20
BRDA:251,56,0,19
BRDA:260,57,0,6
BRDA:267,58,0,21
BRDA:269,59,0,2
BRDA:283,60,0,17
BRDA:285,61,0,15
BRDA:286,62,0,9
BRDA:286,63,0,8
BRDA:291,64,0,3
BRDA:293,65,0,5
BRDA:295,66,0,0
BRDA:295,67,0,5
BRDA:303,68,0,3
BRDA:307,69,0,7
BRDA:311,70,0,1
BRDA:313,71,0,2
BRDA:315,72,0,0
BRDA:315,73,0,2
BRDA:321,74,0,1
BRDA:325,75,0,7
BRDA:327,76,0,2
BRDA:341,77,0,10
BRDA:343,78,0,8
BRDA:347,79,0,9
BRDA:349,80,0,6
BRDA:350,81,0,3
BRDA:352,82,0,5
BRDA:357,83,0,2
BRDA:359,84,0,0
BRDA:371,85,0,9
BRDA:373,86,0,7
BRDA:377,87,0,2
BRDA:377,88,0,1
BRDA:389,89,0,6
BRDA:393,90,0,3
BRDA:395,91,0,2
BRDA:397,92,0,0
BRDA:409,93,0,9
BRDA:411,94,0,7
BRDA:415,95,0,2
BRDA:415,96,0,1
BRDA:427,97,0,6
BRDA:431,98,0,3
BRDA:433,99,0,2
BRDA:435,100,0,0
BRDA:447,101,0,9
BRDA:449,102,0,7
BRDA:453,103,0,2
BRDA:453,104,0,1
BRDA:462,105,0,6
BRDA:469,106,0,3
BRDA:471,107,0,2
BRDA:473,108,0,0
BRDA:485,109,0,11
BRDA:487,110,0,9
BRDA:491,111,0,3
BRDA:491,112,0,2
BRDA:496,113,0,1
BRDA:500,114,0,0
BRDA:500,115,0,1
BRDA:512,116,0,7
BRDA:516,117,0,1
BRDA:518,118,0,2
BRDA:520,119,0,0
BRDA:520,120,0,2
BRDA:526,121,0,1
BRDA:530,122,0,3
BRDA:532,123,0,2
BRDA:534,124,0,0
BRDA:546,125,0,10
BRDA:548,126,0,8
BRDA:552,127,0,9
BRDA:554,128,0,6
BRDA:555,129,0,3
BRDA:557,130,0,5
BRDA:560,131,0,2
BRDA:562,132,0,0
BRDA:573,133,0,4
BRDA:574,134,0,1
BRDA:576,135,0,3
BRDA:589,136,0,4
BRDA:590,137,0,1
BRDA:592,138,0,3
BRDA:605,139,0,4
BRDA:606,140,0,1
BRDA:608,141,0,3
BRDA:622,142,0,4
BRDA:623,143,0,1
BRDA:625,144,0,3
BRDA:639,145,0,3
BRDA:640,146,0,1
BRDA:642,147,0,2
BRDA:643,148,0,1
BRDA:643,149,0,2
BRDA:655,150,0,3
BRDA:656,151,0,1
BRDA:658,152,0,2
BRDA:671,153,0,3
BRDA:672,154,0,1
BRDA:674,155,0,2
BRDA:675,156,0,1
BRDA:687,157,0,3
BRDA:688,158,0,1
BRDA:690,159,0,2
BRDA:691,160,0,0
BRDA:703,161,0,3
BRDA:704,162,0,1
BRDA:706,163,0,2
BRDA:718,164,0,3
BRDA:719,165,0,1
BRDA:721,166,0,2
BRDA:734,167,0,18
BRDA:736,168,0,16
BRDA:737,169,0,9
BRDA:737,170,0,8
BRDA:753,171,0,6
BRDA:754,172,0,6
BRDA:760,173,0,0
BRDA:761,174,0,0
BRDA:765,175,0,0
BRDA:777,176,0,8
BRDA:784,177,0,2
BRDA:784,178,0,4
BRDA:788,179,0,2
BRDA:802,180,0,12
BRDA:804,181,0,10
BRDA:805,182,0,5
BRDA:805,183,0,4
BRDA:806,184,0,2
BRDA:807,185,0,6
BRDA:810,186,0,1
BRDA:812,187,0,2
BRDA:826,188,0,21
BRDA:828,189,0,19
BRDA:829,190,0,11
BRDA:829,191,0,10
BRDA:830,192,0,4
BRDA:831,193,0,9
BRDA:834,194,0,4
BRDA:836,195,0,2
BRDA:850,196,0,12
BRDA:852,197,0,10
BRDA:853,198,0,5
BRDA:853,199,0,4
BRDA:855,200,0,6
BRDA:860,201,0,2
BRDA:873,202,0,7
BRDA:874,203,0,1
BRDA:876,204,0,6
BRDA:880,205,0,5
BRDA:881,206,0,1
BRDA:883,207,0,4
BRDA:884,208,0,2
BRDA:884,209,0,2
BRF:210
BRH:196
DA:1,1
DA:2,1
DA:3,1
DA:4,1
DA:5,1
DA:6,1
DA:7,1
DA:8,1
DA:9,1
DA:10,1
DA:11,1
DA:12,1
DA:13,1
DA:14,1
DA:15,1
DA:16,1
DA:17,1
DA:18,1
DA:19,1
DA:20,1
DA:21,1
DA:22,1
DA:23,1
DA:24,1
DA:25,633
DA:26,633
DA:27,1
DA:28,1
DA:29,1
DA:30,1
DA:31,1
DA:32,1
DA:33,1
DA:34,1
DA:35,1
DA:36,1
DA:37,1
DA:38,286
DA:39,286
DA:40,85
DA:41,85
DA:42,85
DA:43,286
DA:44,44
DA:45,8
DA:46,8
DA:47,8
DA:48,36
DA:49,36
DA:50,36
DA:51,36
DA:52,38
DA:53,286
DA:54,155
DA:55,155
DA:56,155
DA:57,155
DA:58,286
DA:59,2
DA:60,286
DA:61,277
DA:62,277
DA:63,277
DA:64,286
DA:65,1
DA:66,1
DA:67,1
DA:68,1
DA:69,1
DA:70,1
DA:71,1
DA:72,1
DA:73,1
DA:74,1
DA:75,1
DA:76,457
DA:77,366
DA:78,366
DA:79,91
DA:80,91
DA:81,29
DA:82,29
DA:83,62
DA:84,62
DA:85,15
DA:86,15
DA:87,47
DA:88,47
DA:89,47
DA:90,457
DA:91,1
DA:92,1
DA:93,1
DA:94,1
DA:95,1
DA:96,1
DA:97,1
DA:98,1
DA:99,1
DA:100,159
DA:101,2
DA:102,2
DA:103,157
DA:104,157
DA:105,2
DA:106,2
DA:107,155
DA:108,155
DA:109,155
DA:110,155
DA:111,155
DA:112,155
DA:113,155
DA:114,5
DA:115,5
DA:116,5
DA:117,155
DA:118,159
DA:119,1
DA:120,1
DA:121,1
DA:122,1
DA:123,1
DA:124,1
DA:125,1
DA:126,1
DA:127,1
DA:128,1
DA:129,1
DA:130,1
DA:131,1
DA:132,1
DA:133,1
DA:134,1
DA:135,1
DA:136,1
DA:137,1
DA:138,1
DA:139,1
DA:140,1
DA:141,1
DA:142,1
DA:143,1
DA:144,1
DA:145,1
DA:146,1
DA:147,1
DA:148,12
DA:149,12
DA:150,3
DA:151,1
DA:152,1
DA:153,1
DA:154,2
DA:155,2
DA:156,2
DA:157,2
DA:158,2
DA:159,12
DA:160,7
DA:161,7
DA:162,7
DA:163,7
DA:164,12
DA:165,2
DA:166,12
DA:167,12
DA:168,1
DA:169,1
DA:170,1
DA:171,1
DA:172,1
DA:173,1
DA:174,1
DA:175,1
DA:176,1
DA:177,1
DA:178,1
DA:179,9
DA:180,9
DA:181,7
DA:182,1
DA:183,1
DA:184,1
DA:185,1
DA:186,1
DA:187,1
DA:188,1
DA:189,1
DA:190,1
DA:191,1
DA:192,1
DA:193,1
DA:194,6
DA:195,6
DA:196,6
DA:197,6
DA:198,3
DA:199,9
DA:200,2
DA:201,9
DA:202,9
DA:203,1
DA:204,1
DA:205,1
DA:206,1
DA:207,1
DA:208,1
DA:209,1
DA:210,1
DA:211,1
DA:212,1
DA:213,1
DA:214,9
DA:215,9
DA:216,7
DA:217,1
DA:218,1
DA:219,1
DA:220,1
DA:221,1
DA:222,1
DA:223,1
DA:224,1
DA:225,1
DA:226,1
DA:227,1
DA:228,1
DA:229,6
DA:230,6
DA:231,6
DA:232,6
DA:233,3
DA:234,9
DA:235,2
DA:236,9
DA:237,9
DA:238,1
DA:239,1
DA:240,1
DA:241,1
DA:242,1
DA:243,1
DA:244,1
DA:245,1
DA:246,1
DA:247,1
DA:248,1
DA:249,27
DA:250,27
DA:251,25
DA:252,19
DA:253,19
DA:254,19
DA:255,19
DA:256,19
DA:257,19
DA:258,19
DA:259,19
DA:260,19
DA:261,6
DA:262,6
DA:263,6
DA:264,6
DA:265,6
DA:266,6
DA:267,6
DA:268,21
DA:269,27
DA:270,2
DA:271,27
DA:272,27
DA:273,1
DA:274,1
DA:275,1
DA:276,1
DA:277,1
DA:278,1
DA:279,1
DA:280,1
DA:281,1
DA:282,1
DA:283,1
DA:284,17
DA:285,17
DA:286,15
DA:287,8
DA:288,8
DA:289,8
DA:290,8
DA:291,8
DA:292,3
DA:293,3
DA:294,5
DA:295,8
DA:296,5
DA:297,5
DA:298,5
DA:299,5
DA:300,5
DA:301,5
DA:302,5
DA:303,8
DA:304,3
DA:305,3
DA:306,3
DA:307,8
DA:308,7
DA:309,7
DA:310,7
DA:311,7
DA:312,1
DA:313,1
DA:314,2
DA:315,7
DA:316,2
DA:317,2
DA:318,2
DA:319,2
DA:320,2
DA:321,7
DA:322,1
DA:323,1
DA:324,1
DA:325,7
DA:326,7
DA:327,17
DA:328,2
DA:329,17
DA:330,17
DA:331,1
DA:332,1
DA:333,1
DA:334,1
DA:335,1
DA:336,1
DA:337,1
DA:338,1
DA:339,1
DA:340,1
DA:341,1
DA:342,10
DA:343,10
DA:344,8
DA:345,8
DA:346,8
DA:347,8
DA:348,9
DA:349,9
DA:350,8
DA:351,3
DA:352,3
DA:353,5
DA:354,5
DA:355,5
DA:356,5
DA:357,10
DA:358,2
DA:359,10
DA:360,10
DA:361,1
DA:362,1
DA:363,1
DA:364,1
DA:365,1
DA:366,1
DA:367,1
DA:368,1
DA:369,1
DA:370,1
DA:371,1
DA:372,9
DA:373,9
DA:374,7
DA:375,7
DA:376,7
DA:377,7
DA:378,1
DA:379,1
DA:380,1
DA:381,1
DA:382,1
DA:383,1
DA:384,1
DA:385,1
DA:386,1
DA:387,1
DA:388,1
DA:389,1
DA:390,6
DA:391,6
DA:392,6
DA:393,6
DA:394,3
DA:395,9
DA:396,2
DA:397,9
DA:398,9
DA:399,1
DA:400,1
DA:401,1
DA:402,1
DA:403,1
DA:404,1
DA:405,1
DA:406,1
DA:407,1
DA:408,1
DA:409,1
DA:410,9
DA:411,9
DA:412,7
DA:413,7
DA:414,7
DA:415,7
DA:416,1
DA:417,1
DA:418,1
DA:419,1
DA:420,1
DA:421,1
DA:422,1
DA:423,1
DA:424,1
DA:425,1
DA:426,1
DA:427,1
DA:428,6
DA:429,6
DA:430,6
DA:431,6
DA:432,3
DA:433,9
DA:434,2
DA:435,9
DA:436,9
DA:437,1
DA:438,1
DA:439,1
DA:440,1
DA:441,1
DA:442,1
DA:443,1
DA:444,1
DA:445,1
DA:446,1
DA:447,1
DA:448,9
DA:449,9
DA:450,7
DA:451,7
DA:452,7
DA:453,7
DA:454,1
DA:455,1
DA:456,1
DA:457,1
DA:458,1
DA:459,1
DA:460,1
DA:461,1
DA:462,1
DA:463,6
DA:464,6
DA:465,6
DA:466,6
DA:467,6
DA:468,6
DA:469,6
DA:470,3
DA:471,9
DA:472,2
DA:473,9
DA:474,9
DA:475,1
DA:476,1
DA:477,1
DA:478,1
DA:479,1
DA:480,1
DA:481,1
DA:482,1
DA:483,1
DA:484,1
DA:485,1
DA:486,11
DA:487,11
DA:488,9
DA:489,9
DA:490,9
DA:491,9
DA:492,2
DA:493,2
DA:494,2
DA:495,2
DA:496,2
DA:497,1
DA:498,1
DA:499,1
DA:500,2
DA:501,1
DA:502,1
DA:503,1
DA:504,1
DA:505,1
DA:506,1
DA:507,1
DA:508,1
DA:509,1
DA:510,1
DA:511,1
DA:512,2
DA:513,7
DA:514,7
DA:515,7
DA:516,7
DA:517,1
DA:518,1
DA:519,2
DA:520,7
DA:521,2
DA:522,2
DA:523,2
DA:524,2
DA:525,2
DA:526,7
DA:527,1
DA:528,1
DA:529,1
DA:530,7
DA:531,3
DA:532,11
DA:533,2
DA:534,11
DA:535,11
DA:536,1
DA:537,1
DA:538,1
DA:539,1
DA:540,1
DA:541,1
DA:542,1
DA:543,1
DA:544,1
DA:545,1
DA:546,1
DA:547,10
DA:548,10
DA:549,8
DA:550,8
DA:551,8
DA:552,8
DA:553,9
DA:554,9
DA:555,8
DA:556,3
DA:557,3
DA:558,5
DA:559,5
DA:560,10
DA:561,2
DA:562,10
DA:563,10
DA:564,1
DA:565,1
DA:566,1
DA:567,1
DA:568,1
DA:569,1
DA:570,1
DA:571,1
DA:572,1
DA:573,1
DA:574,4
DA:575,1
DA:576,1
DA:577,3
DA:578,3
DA:579,4
DA:580,1
DA:581,1
DA:582,1
DA:583,1
DA:584,1
DA:585,1
DA:586,1
DA:587,1
DA:588,1
DA:589,1
DA:590,4
DA:591,1
DA:592,1
DA:593,3
DA:594,3
DA:595,4
DA:596,1
DA:597,1
DA:598,1
DA:599,1
DA:600,1
DA:601,1
DA:602,1
DA:603,1
DA:604,1
DA:605,1
DA:606,4
DA:607,1
DA:608,1
DA:609,3
DA:610,3
DA:611,3
DA:612,4
DA:613,1
DA:614,1
DA:615,1
DA:616,1
DA:617,1
DA:618,1
DA:619,1
DA:620,1
DA:621,1
DA:622,1
DA:623,4
DA:624,1
DA:625,1
DA:626,3
DA:627,3
DA:628,3
DA:629,4
DA:630,1
DA:631,1
DA:632,1
DA:633,1
DA:634,1
DA:635,1
DA:636,1
DA:637,1
DA:638,1
DA:639,1
DA:640,3
DA:641,1
DA:642,1
DA:643,3
DA:644,2
DA:645,3
DA:646,1
DA:647,1
DA:648,1
DA:649,1
DA:650,1
DA:651,1
DA:652,1
DA:653,1
DA:654,1
DA:655,1
DA:656,3
DA:657,1
DA:658,1
DA:659,2
DA:660,2
DA:661,3
DA:662,1
DA:663,1
DA:664,1
DA:665,1
DA:666,1
DA:667,1
DA:668,1
DA:669,1
DA:670,1
DA:671,1
DA:672,3
DA:673,1
DA:674,1
DA:675,3
DA:676,1
DA:677,3
DA:678,1
DA:679,1
DA:680,1
DA:681,1
DA:682,1
DA:683,1
DA:684,1
DA:685,1
DA:686,1
DA:687,1
DA:688,3
DA:689,1
DA:690,1
DA:691,2
DA:692,0
DA:693,3
DA:694,1
DA:695,1
DA:696,1
DA:697,1
DA:698,1
DA:699,1
DA:700,1
DA:701,1
DA:702,1
DA:703,1
DA:704,3
DA:705,1
DA:706,1
DA:707,2
DA:708,3
DA:709,1
DA:710,1
DA:711,1
DA:712,1
DA:713,1
DA:714,1
DA:715,1
DA:716,1
DA:717,1
DA:718,1
DA:719,3
DA:720,1
DA:721,1
DA:722,2
DA:723,3
DA:724,1
DA:725,1
DA:726,1
DA:727,1
DA:728,1
DA:729,1
DA:730,1
DA:731,1
DA:732,1
DA:733,1
DA:734,1
DA:735,18
DA:736,18
DA:737,16
DA:738,8
DA:739,8
DA:740,8
DA:741,8
DA:742,8
DA:743,8
DA:744,8
DA:745,8
DA:746,8
DA:747,8
DA:748,8
DA:749,8
DA:750,8
DA:751,8
DA:752,8
DA:753,8
DA:754,8
DA:755,8
DA:756,8
DA:757,8
DA:758,8
DA:759,8
DA:760,8
DA:761,8
DA:762,0
DA:763,0
DA:764,0
DA:765,8
DA:766,0
DA:767,0
DA:768,0
DA:769,0
DA:770,0
DA:771,0
DA:772,0
DA:773,0
DA:774,0
DA:775,0
DA:776,0
DA:777,8
DA:778,8
DA:779,8
DA:780,8
DA:781,8
DA:782,8
DA:783,8
DA:784,8
DA:785,4
DA:786,4
DA:787,4
DA:788,18
DA:789,2
DA:790,18
DA:791,18
DA:792,1
DA:793,1
DA:794,1
DA:795,1
DA:796,1
DA:797,1
DA:798,1
DA:799,1
DA:800,1
DA:801,1
DA:802,1
DA:803,12
DA:804,12
DA:805,10
DA:806,4
DA:807,4
DA:808,6
DA:809,6
DA:810,6
DA:811,6
DA:812,12
DA:813,2
DA:814,12
DA:815,12
DA:816,1
DA:817,1
DA:818,1
DA:819,1
DA:820,1
DA:821,1
DA:822,1
DA:823,1
DA:824,1
DA:825,1
DA:826,1
DA:827,21
DA:828,21
DA:829,19
DA:830,10
DA:831,10
DA:832,9
DA:833,9
DA:834,9
DA:835,9
DA:836,21
DA:837,2
DA:838,21
DA:839,21
DA:840,1
DA:841,1
DA:842,1
DA:843,1
DA:844,1
DA:845,1
DA:846,1
DA:847,1
DA:848,1
DA:849,1
DA:850,1
DA:851,12
DA:852,12
DA:853,10
DA:854,4
DA:855,4
DA:856,6
DA:857,6
DA:858,6
DA:859,6
DA:860,12
DA:861,2
DA:862,12
DA:863,12
DA:864,1
DA:865,1
DA:866,1
DA:867,1
DA:868,1
DA:869,1
DA:870,1
DA:871,1
DA:872,1
DA:873,1
DA:874,7
DA:875,1
DA:876,1
DA:877,6
DA:878,7
DA:879,1
DA:880,1
DA:881,5
DA:882,1
DA:883,1
DA:884,5
DA:885,5
DA:886,1
DA:887,1
DA:888,1
LH:873
LF:888
end_of_record
SF:test/rational.test.js
FN:42,anonymous_0
FN:48,anonymous_1
FN:52,anonymous_2
FN:65,loadTestData
FN:76,testData.method
FN:90,testData.method
FN:104,testData.method
FN:118,testData.method
FN:134,testData.method
FN:137,anonymous_9
FN:140,anonymous_10
FN:150,anonymous_11
FN:153,anonymous_12
FN:170,testData.method
FN:173,anonymous_14
FN:176,anonymous_15
FN:186,anonymous_16
FN:189,anonymous_17
FN:206,testData.method
FN:209,anonymous_19
FN:212,anonymous_20
FN:222,anonymous_21
FN:225,anonymous_22
FN:242,testData.method
FN:245,anonymous_24
FN:246,anonymous_25
FN:248,anonymous_26
FN:258,anonymous_27
FN:259,anonymous_28
FN:261,anonymous_29
FN:278,testData.method
FN:281,anonymous_31
FN:284,anonymous_32
FN:294,anonymous_33
FN:297,anonymous_34
FN:314,testData.method
FN:317,anonymous_36
FN:320,anonymous_37
FN:330,anonymous_38
FN:333,anonymous_39
FN:350,testData.method
FN:364,testData.method
FN:378,testData.method
FN:392,testData.method
FN:406,testData.method
FN:420,testData.method
FN:423,anonymous_46
FN:426,anonymous_47
FN:436,anonymous_48
FN:439,anonymous_49
FN:456,testData.method
FN:459,anonymous_51
FN:462,anonymous_52
FN:472,anonymous_53
FN:475,anonymous_54
FN:492,testData.method
FN:495,anonymous_56
FN:498,anonymous_57
FN:508,anonymous_58
FN:511,anonymous_59
FN:532,testData.method
FN:552,testData.method
FN:572,testData.method
FN:592,testData.method
FN:612,testData.method
FN:632,testData.method
FN:635,anonymous_66
FN:638,anonymous_67
FN:650,anonymous_68
FN:653,anonymous_69
FN:670,testData.method
FN:673,anonymous_71
FN:676,anonymous_72
FN:688,anonymous_73
FN:691,anonymous_74
FN:708,testData.method
FN:711,anonymous_76
FN:714,anonymous_77
FN:726,anonymous_78
FN:729,anonymous_79
FN:746,testData.method
FN:749,anonymous_81
FN:752,anonymous_82
FN:764,anonymous_83
FN:767,anonymous_84
FN:784,testData.method
FN:787,anonymous_86
FN:790,anonymous_87
FN:802,anonymous_88
FN:805,anonymous_89
FN:822,testData.method
FN:825,anonymous_91
FN:828,anonymous_92
FN:840,anonymous_93
FN:843,anonymous_94
FN:860,testData.method
FN:863,anonymous_96
FN:866,anonymous_97
FN:878,anonymous_98
FN:881,anonymous_99
FN:902,testData.method
FN:924,testData.method
FN:946,testData.method
FN:968,testData.method
FN:971,anonymous_104
FN:974,anonymous_105
FN:986,anonymous_106
FN:989,anonymous_107
FN:1006,testData.method
FN:1009,anonymous_109
FN:1012,anonymous_110
FN:1024,anonymous_111
FN:1027,anonymous_112
FN:1044,testData.method
FN:1047,anonymous_114
FN:1050,anonymous_115
FN:1062,anonymous_116
FN:1065,anonymous_117
FN:1082,testData.method
FN:1085,anonymous_119
FN:1088,anonymous_120
FN:1100,anonymous_121
FN:1103,anonymous_122
FN:1120,testData.method
FN:1123,anonymous_124
FN:1126,anonymous_125
FN:1138,anonymous_126
FN:1141,anonymous_127
FN:1158,testData.method
FN:1161,anonymous_129
FN:1164,anonymous_130
FN:1176,anonymous_131
FN:1179,anonymous_132
FN:1200,testData.method
FN:1222,testData.method
FN:1244,testData.method
FN:1266,testData.method
FN:1269,anonymous_137
FN:1272,anonymous_138
FN:1284,anonymous_139
FN:1287,anonymous_140
FN:1304,testData.method
FN:1307,anonymous_142
FN:1310,anonymous_143
FN:1322,anonymous_144
FN:1325,anonymous_145
FN:1342,testData.method
FN:1345,anonymous_147
FN:1348,anonymous_148
FN:1360,anonymous_149
FN:1363,anonymous_150
FN:1380,testData.method
FN:1383,anonymous_152
FN:1386,anonymous_153
FN:1398,anonymous_154
FN:1401,anonymous_155
FN:1418,testData.method
FN:1421,anonymous_157
FN:1424,anonymous_158
FN:1436,anonymous_159
FN:1439,anonymous_160
FN:1456,testData.method
FN:1459,anonymous_162
FN:1462,anonymous_163
FN:1474,anonymous_164
FN:1477,anonymous_165
FN:1498,testData.method
FN:1520,testData.method
FN:1542,testData.method
FN:1564,testData.method
FN:1567,anonymous_170
FN:1570,anonymous_171
FN:1582,anonymous_172
FN:1585,anonymous_173
FN:1602,testData.method
FN:1605,anonymous_175
FN:1608,anonymous_176
FN:1620,anonymous_177
FN:1623,anonymous_178
FN:1640,testData.method
FN:1643,anonymous_180
FN:1646,anonymous_181
FN:1658,anonymous_182
FN:1661,anonymous_183
FN:1678,testData.method
FN:1681,anonymous_185
FN:1684,anonymous_186
FN:1696,anonymous_187
FN:1699,anonymous_188
FN:1716,testData.method
FN:1719,anonymous_190
FN:1722,anonymous_191
FN:1734,anonymous_192
FN:1737,anonymous_193
FN:1754,testData.method
FN:1757,anonymous_195
FN:1760,anonymous_196
FN:1772,anonymous_197
FN:1775,anonymous_198
FN:1796,testData.method
FN:1818,testData.method
FN:1840,testData.method
FN:1862,testData.method
FN:1865,anonymous_203
FN:1868,anonymous_204
FN:1880,anonymous_205
FN:1883,anonymous_206
FN:1900,testData.method
FN:1903,anonymous_208
FN:1906,anonymous_209
FN:1918,anonymous_210
FN:1921,anonymous_211
FN:1938,testData.method
FN:1941,anonymous_213
FN:1944,anonymous_214
FN:1956,anonymous_215
FN:1959,anonymous_216
FN:1976,testData.method
FN:1979,anonymous_218
FN:1982,anonymous_219
FN:1994,anonymous_220
FN:1997,anonymous_221
FN:2014,testData.method
FN:2017,anonymous_223
FN:2020,anonymous_224
FN:2032,anonymous_225
FN:2035,anonymous_226
FN:2052,testData.method
FN:2055,anonymous_228
FN:2058,anonymous_229
FN:2070,anonymous_230
FN:2073,anonymous_231
FN:2090,testData.method
FN:2093,anonymous_233
FN:2096,anonymous_234
FN:2108,anonymous_235
FN:2111,anonymous_236
FN:2128,testData.method
FN:2131,anonymous_238
FN:2134,anonymous_239
FN:2146,anonymous_240
FN:2149,anonymous_241
FN:2170,testData.method
FN:2192,testData.method
FN:2214,testData.method
FN:2236,testData.method
FN:2258,testData.method
FN:2280,testData.method
FN:2283,anonymous_248
FN:2286,anonymous_249
FN:2298,anonymous_250
FN:2301,anonymous_251
FN:2318,testData.method
FN:2321,anonymous_253
FN:2324,anonymous_254
FN:2336,anonymous_255
FN:2339,anonymous_256
FN:2356,testData.method
FN:2359,anonymous_258
FN:2362,anonymous_259
FN:2374,anonymous_260
FN:2377,anonymous_261
FN:2394,testData.method
FN:2397,anonymous_263
FN:2400,anonymous_264
FN:2412,anonymous_265
FN:2415,anonymous_266
FN:2432,testData.method
FN:2435,anonymous_268
FN:2438,anonymous_269
FN:2450,anonymous_270
FN:2453,anonymous_271
FN:2474,testData.method
FN:2504,testData.method
FN:2534,testData.method
FN:2564,testData.method
FN:2567,anonymous_276
FN:2570,anonymous_277
FN:2582,anonymous_278
FN:2585,anonymous_279
FN:2602,testData.method
FN:2605,anonymous_281
FN:2608,anonymous_282
FN:2620,anonymous_283
FN:2623,anonymous_284
FN:2640,testData.method
FN:2643,anonymous_286
FN:2646,anonymous_287
FN:2658,anonymous_288
FN:2661,anonymous_289
FN:2678,testData.method
FN:2681,anonymous_291
FN:2684,anonymous_292
FN:2696,anonymous_293
FN:2699,anonymous_294
FN:2716,testData.method
FN:2719,anonymous_296
FN:2722,anonymous_297
FN:2734,anonymous_298
FN:2737,anonymous_299
FN:2754,testData.method
FN:2757,anonymous_301
FN:2760,anonymous_302
FN:2772,anonymous_303
FN:2775,anonymous_304
FN:2796,testData.method
FN:2826,testData.method
FN:2856,testData.method
FN:2886,testData.method
FN:2889,anonymous_309
FN:2892,anonymous_310
FN:2904,anonymous_311
FN:2907,anonymous_312
FN:2924,testData.method
FN:2927,anonymous_314
FN:2930,anonymous_315
FN:2942,anonymous_316
FN:2945,anonymous_317
FN:2962,testData.method
FN:2965,anonymous_319
FN:2968,anonymous_320
FN:2980,anonymous_321
FN:2983,anonymous_322
FN:3000,testData.method
FN:3003,anonymous_324
FN:3006,anonymous_325
FN:3018,anonymous_326
FN:3021,anonymous_327
FN:3038,testData.method
FN:3041,anonymous_329
FN:3044,anonymous_330
FN:3056,anonymous_331
FN:3059,anonymous_332
FN:3076,testData.method
FN:3079,anonymous_334
FN:3082,anonymous_335
FN:3094,anonymous_336
FN:3097,anonymous_337
FN:3118,testData.method
FN:3148,testData.method
FN:3178,testData.method
FN:3208,testData.method
FN:3211,anonymous_342
FN:3214,anonymous_343
FN:3226,anonymous_344
FN:3229,anonymous_345
FN:3246,testData.method
FN:3249,anonymous_347
FN:3252,anonymous_348
FN:3264,anonymous_349
FN:3267,anonymous_350
FN:3284,testData.method
FN:3287,anonymous_352
FN:3290,anonymous_353
FN:3302,anonymous_354
FN:3305,anonymous_355
FN:3322,testData.method
FN:3325,anonymous_357
FN:3328,anonymous_358
FN:3340,anonymous_359
FN:3343,anonymous_360
FN:3360,testData.method
FN:3363,anonymous_362
FN:3366,anonymous_363
FN:3378,anonymous_364
FN:3381,anonymous_365
FN:3398,testData.method
FN:3401,anonymous_367
FN:3404,anonymous_368
FN:3416,anonymous_369
FN:3419,anonymous_370
FN:3440,testData.method
FN:3470,testData.method
FN:3500,testData.method
FN:3530,testData.method
FN:3533,anonymous_375
FN:3536,anonymous_376
FN:3548,anonymous_377
FN:3551,anonymous_378
FN:3568,testData.method
FN:3571,anonymous_380
FN:3574,anonymous_381
FN:3586,anonymous_382
FN:3589,anonymous_383
FN:3606,testData.method
FN:3609,anonymous_385
FN:3612,anonymous_386
FN:3624,anonymous_387
FN:3627,anonymous_388
FN:3644,testData.method
FN:3647,anonymous_390
FN:3650,anonymous_391
FN:3662,anonymous_392
FN:3665,anonymous_393
FN:3682,testData.method
FN:3685,anonymous_395
FN:3688,anonymous_396
FN:3700,anonymous_397
FN:3703,anonymous_398
FN:3720,testData.method
FN:3723,anonymous_400
FN:3726,anonymous_401
FN:3738,anonymous_402
FN:3741,anonymous_403
FN:3758,testData.method
FN:3761,anonymous_405
FN:3764,anonymous_406
FN:3776,anonymous_407
FN:3779,anonymous_408
FN:3796,testData.method
FN:3799,anonymous_410
FN:3802,anonymous_411
FN:3814,anonymous_412
FN:3817,anonymous_413
FN:3838,testData.method
FN:3868,testData.method
FN:3898,testData.method
FN:3928,testData.method
FN:3958,testData.method
FN:3988,testData.method
FN:3991,anonymous_420
FN:3994,anonymous_421
FN:4006,anonymous_422
FN:4009,anonymous_423
FN:4026,testData.method
FN:4029,anonymous_425
FN:4032,anonymous_426
FN:4044,anonymous_427
FN:4047,anonymous_428
FN:4064,testData.method
FN:4067,anonymous_430
FN:4070,anonymous_431
FN:4082,anonymous_432
FN:4085,anonymous_433
FN:4102,testData.method
FN:4105,anonymous_435
FN:4108,anonymous_436
FN:4120,anonymous_437
FN:4123,anonymous_438
FN:4140,testData.method
FN:4143,anonymous_440
FN:4146,anonymous_441
FN:4158,anonymous_442
FN:4161,anonymous_443
FN:4182,testData.method
FN:4210,testData.method
FN:4238,testData.method
FN:4266,testData.method
FN:4269,anonymous_448
FN:4272,anonymous_449
FN:4284,anonymous_450
FN:4287,anonymous_451
FN:4308,testData.method
FN:4336,testData.method
FN:4364,testData.method
FN:4392,testData.method
FN:4395,anonymous_456
FN:4398,anonymous_457
FN:4410,anonymous_458
FN:4413,anonymous_459
FN:4434,testData.method
FN:4462,testData.method
FN:4490,testData.method
FN:4518,testData.method
FN:4521,anonymous_464
FN:4524,anonymous_465
FN:4536,anonymous_466
FN:4539,anonymous_467
FN:4560,testData.method
FN:4588,testData.method
FN:4616,testData.method
FN:4644,testData.method
FN:4647,anonymous_472
FN:4650,anonymous_473
FN:4662,anonymous_474
FN:4665,anonymous_475
FN:4686,testData.method
FN:4708,testData.method
FN:4730,testData.method
FN:4733,anonymous_479
FN:4736,anonymous_480
FN:4748,anonymous_481
FN:4751,anonymous_482
FN:4772,testData.method
FN:4802,testData.method
FN:4832,testData.method
FN:4835,anonymous_486
FN:4838,anonymous_487
FN:4850,anonymous_488
FN:4853,anonymous_489
FN:4874,testData.method
FN:4896,testData.method
FN:4918,testData.method
FN:4921,anonymous_493
FN:4924,anonymous_494
FN:4936,anonymous_495
FN:4939,anonymous_496
FN:4960,testData.method
FN:4990,testData.method
FN:5020,testData.method
FN:5023,anonymous_500
FN:5026,anonymous_501
FN:5038,anonymous_502
FN:5041,anonymous_503
FN:5062,testData.method
FN:5082,testData.method
FN:5102,testData.method
FN:5105,anonymous_507
FN:5108,anonymous_508
FN:5120,anonymous_509
FN:5123,anonymous_510
FN:5144,testData.method
FN:5164,testData.method
FN:5184,testData.method
FN:5187,anonymous_514
FN:5190,anonymous_515
FN:5202,anonymous_516
FN:5205,anonymous_517
FN:5226,testData.method
FN:5252,testData.method
FN:5278,testData.method
FN:5304,testData.method
FN:5307,anonymous_522
FN:5310,anonymous_523
FN:5322,anonymous_524
FN:5325,anonymous_525
FN:5342,testData.method
FN:5345,anonymous_527
FN:5348,anonymous_528
FN:5360,anonymous_529
FN:5363,anonymous_530
FN:5380,testData.method
FN:5383,anonymous_532
FN:5386,anonymous_533
FN:5398,anonymous_534
FN:5401,anonymous_535
FN:5418,testData.method
FN:5421,anonymous_537
FN:5424,anonymous_538
FN:5436,anonymous_539
FN:5439,anonymous_540
FN:5456,testData.method
FN:5459,anonymous_542
FN:5462,anonymous_543
FN:5474,anonymous_544
FN:5477,anonymous_545
FN:5494,testData.method
FN:5497,anonymous_547
FN:5500,anonymous_548
FN:5512,anonymous_549
FN:5515,anonymous_550
FN:5536,testData.method
FN:5562,testData.method
FN:5588,testData.method
FN:5614,testData.method
FN:5617,anonymous_555
FN:5620,anonymous_556
FN:5632,anonymous_557
FN:5635,anonymous_558
FN:5652,testData.method
FN:5655,anonymous_560
FN:5658,anonymous_561
FN:5670,anonymous_562
FN:5673,anonymous_563
FN:5690,testData.method
FN:5693,anonymous_565
FN:5696,anonymous_566
FN:5708,anonymous_567
FN:5711,anonymous_568
FN:5728,testData.method
FN:5731,anonymous_570
FN:5734,anonymous_571
FN:5746,anonymous_572
FN:5749,anonymous_573
FN:5766,testData.method
FN:5769,anonymous_575
FN:5772,anonymous_576
FN:5784,anonymous_577
FN:5787,anonymous_578
FN:5804,testData.method
FN:5807,anonymous_580
FN:5810,anonymous_581
FN:5822,anonymous_582
FN:5825,anonymous_583
FN:5846,testData.method
FN:5872,testData.method
FN:5898,testData.method
FN:5924,testData.method
FN:5927,anonymous_588
FN:5930,anonymous_589
FN:5942,anonymous_590
FN:5945,anonymous_591
FN:5962,testData.method
FN:5965,anonymous_593
FN:5968,anonymous_594
FN:5980,anonymous_595
FN:5983,anonymous_596
FN:6000,testData.method
FN:6003,anonymous_598
FN:6006,anonymous_599
FN:6018,anonymous_600
FN:6021,anonymous_601
FN:6038,testData.method
FN:6041,anonymous_603
FN:6044,anonymous_604
FN:6056,anonymous_605
FN:6059,anonymous_606
FN:6076,testData.method
FN:6079,anonymous_608
FN:6082,anonymous_609
FN:6094,anonymous_610
FN:6097,anonymous_611
FN:6114,testData.method
FN:6117,anonymous_613
FN:6120,anonymous_614
FN:6132,anonymous_615
FN:6135,anonymous_616
FN:6156,testData.method
FN:6182,testData.method
FN:6208,testData.method
FN:6234,testData.method
FN:6237,anonymous_621
FN:6240,anonymous_622
FN:6252,anonymous_623
FN:6255,anonymous_624
FN:6272,testData.method
FN:6275,anonymous_626
FN:6278,anonymous_627
FN:6290,anonymous_628
FN:6293,anonymous_629
FN:6310,testData.method
FN:6313,anonymous_631
FN:6316,anonymous_632
FN:6328,anonymous_633
FN:6331,anonymous_634
FN:6348,testData.method
FN:6351,anonymous_636
FN:6354,anonymous_637
FN:6366,anonymous_638
FN:6369,anonymous_639
FN:6386,testData.method
FN:6389,anonymous_641
FN:6392,anonymous_642
FN:6404,anonymous_643
FN:6407,anonymous_644
FN:6424,testData.method
FN:6427,anonymous_646
FN:6430,anonymous_647
FN:6442,anonymous_648
FN:6445,anonymous_649
FN:6466,testData.method
FN:6490,testData.method
FN:6493,anonymous_652
FN:6496,anonymous_653
FN:6508,anonymous_654
FN:6511,anonymous_655
FN:6532,testData.method
FN:6551,testData.method
FN:6554,anonymous_658
FN:6557,anonymous_659
FN:6569,anonymous_660
FN:6572,anonymous_661
FN:6593,nodeRunner
FN:6596,anonymous_663
FN:6598,anonymous_664
FN:6611,defRunner
FN:6644,makeTest
FNDA:1,anonymous_0
FNDA:1,anonymous_1
FNDA:0,anonymous_2
FNDA:1,loadTestData
FNDA:1,testData.method
FNDA:1,testData.method
FNDA:1,testData.method
FNDA:1,testData.method
FNDA:1,testData.method
FNDA:1,anonymous_9
FNDA:1,anonymous_10
FNDA:1,anonymous_11
FNDA:1,anonymous_12
FNDA:1,testData.method
FNDA:1,anonymous_14
FNDA:1,anonymous_15
FNDA:1,anonymous_16
FNDA:1,anonymous_17
FNDA:1,testData.method
FNDA:1,anonymous_19
FNDA:1,anonymous_20
FNDA:1,anonymous_21
FNDA:1,anonymous_22
FNDA:1,testData.method
FNDA:1,anonymous_24
FNDA:0,anonymous_25
FNDA:1,anonymous_26
FNDA:1,anonymous_27
FNDA:0,anonymous_28
FNDA:1,anonymous_29
FNDA:1,testData.method
FNDA:1,anonymous_31
FNDA:1,anonymous_32
FNDA:1,anonymous_33
FNDA:1,anonymous_34
FNDA:1,testData.method
FNDA:1,anonymous_36
FNDA:1,anonymous_37
FNDA:1,anonymous_38
FNDA:1,anonymous_39
FNDA:1,testData.method
FNDA:1,testData.method
FNDA:1,testData.method
FNDA:1,testData.method
FNDA:1,testData.method
FNDA:1,testData.method
FNDA:1,anonymous_46
FNDA:1,anonymous_47
FNDA:1,anonymous_48
FNDA:1,anonymous_49
FNDA:1,testData.method
FNDA:1,anonymous_51
FNDA:1,anonymous_52
FNDA:1,anonymous_53
FNDA:1,anonymous_54
FNDA:1,testData.method
FNDA:1,anonymous_56
FNDA:1,anonymous_57
FNDA:1,anonymous_58
FNDA:1,anonymous_59
FNDA:1,testData.method
FNDA:1,testData.method
FNDA:1,testData.method
FNDA:1,testData.method
FNDA:1,testData.method
FNDA:1,testData.method
FNDA:1,anonymous_66
FNDA:1,anonymous_67
FNDA:1,anonymous_68
FNDA:1,anonymous_69
FNDA:1,testData.method
FNDA:1,anonymous_71
FNDA:1,anonymous_72
FNDA:1,anonymous_73
FNDA:1,anonymous_74
FNDA:1,testData.method
FNDA:1,anonymous_76
FNDA:1,anonymous_77
FNDA:1,anonymous_78
FNDA:1,anonymous_79
FNDA:1,testData.method
FNDA:1,anonymous_81
FNDA:1,anonymous_82
FNDA:1,anonymous_83
FNDA:1,anonymous_84
FNDA:1,testData.method
FNDA:1,anonymous_86
FNDA:1,anonymous_87
FNDA:1,anonymous_88
FNDA:1,anonymous_89
FNDA:1,testData.method
FNDA:1,anonymous_91
FNDA:1,anonymous_92
FNDA:1,anonymous_93
FNDA:1,anonymous_94
FNDA:1,testData.method
FNDA:1,anonymous_96
FNDA:1,anonymous_97
FNDA:1,anonymous_98
FNDA:1,anonymous_99
FNDA:1,testData.method
FNDA:1,testData.method
FNDA:1,testData.method
FNDA:1,testData.method
FNDA:1,anonymous_104
FNDA:1,anonymous_105
FNDA:1,anonymous_106
FNDA:1,anonymous_107
FNDA:1,testData.method
FNDA:1,anonymous_109
FNDA:1,anonymous_110
FNDA:1,anonymous_111
FNDA:1,anonymous_112
FNDA:1,testData.method
FNDA:1,anonymous_114
FNDA:1,anonymous_115
FNDA:1,anonymous_116
FNDA:1,anonymous_117
FNDA:1,testData.method
FNDA:1,anonymous_119
FNDA:1,anonymous_120
FNDA:1,anonymous_121
FNDA:1,anonymous_122
FNDA:1,testData.method
FNDA:1,anonymous_124
FNDA:1,anonymous_125
FNDA:1,anonymous_126
FNDA:1,anonymous_127
FNDA:1,testData.method
FNDA:1,anonymous_129
FNDA:1,anonymous_130
FNDA:1,anonymous_131
FNDA:1,anonymous_132
FNDA:1,testData.method
FNDA:1,testData.method
FNDA:1,testData.method
FNDA:1,testData.method
FNDA:1,anonymous_137
FNDA:1,anonymous_138
FNDA:1,anonymous_139
FNDA:1,anonymous_140
FNDA:1,testData.method
FNDA:1,anonymous_142
FNDA:1,anonymous_143
FNDA:1,anonymous_144
FNDA:1,anonymous_145
FNDA:1,testData.method
FNDA:1,anonymous_147
FNDA:1,anonymous_148
FNDA:1,anonymous_149
FNDA:1,anonymous_150
FNDA:1,testData.method
FNDA:1,anonymous_152
FNDA:1,anonymous_153
FNDA:1,anonymous_154
FNDA:1,anonymous_155
FNDA:1,testData.method
FNDA:1,anonymous_157
FNDA:1,anonymous_158
FNDA:1,anonymous_159
FNDA:1,anonymous_160
FNDA:1,testData.method
FNDA:1,anonymous_162
FNDA:1,anonymous_163
FNDA:1,anonymous_164
FNDA:1,anonymous_165
FNDA:1,testData.method
FNDA:1,testData.method
FNDA:1,testData.method
FNDA:1,testData.method
FNDA:1,anonymous_170
FNDA:1,anonymous_171
FNDA:1,anonymous_172
FNDA:1,anonymous_173
FNDA:1,testData.method
FNDA:1,anonymous_175
FNDA:1,anonymous_176
FNDA:1,anonymous_177
FNDA:1,anonymous_178
FNDA:1,testData.method
FNDA:1,anonymous_180
FNDA:1,anonymous_181
FNDA:1,anonymous_182
FNDA:1,anonymous_183
FNDA:1,testData.method
FNDA:1,anonymous_185
FNDA:1,anonymous_186
FNDA:1,anonymous_187
FNDA:1,anonymous_188
FNDA:1,testData.method
FNDA:1,anonymous_190
FNDA:1,anonymous_191
FNDA:1,anonymous_192
FNDA:1,anonymous_193
FNDA:1,testData.method
FNDA:1,anonymous_195
FNDA:1,anonymous_196
FNDA:1,anonymous_197
FNDA:1,anonymous_198
FNDA:1,testData.method
FNDA:1,testData.method
FNDA:1,testData.method
FNDA:1,testData.method
FNDA:1,anonymous_203
FNDA:1,anonymous_204
FNDA:1,anonymous_205
FNDA:1,anonymous_206
FNDA:1,testData.method
FNDA:1,anonymous_208
FNDA:1,anonymous_209
FNDA:1,anonymous_210
FNDA:1,anonymous_211
FNDA:1,testData.method
FNDA:1,anonymous_213
FNDA:1,anonymous_214
FNDA:1,anonymous_215
FNDA:1,anonymous_216
FNDA:1,testData.method
FNDA:1,anonymous_218
FNDA:1,anonymous_219
FNDA:1,anonymous_220
FNDA:1,anonymous_221
FNDA:1,testData.method
FNDA:1,anonymous_223
FNDA:1,anonymous_224
FNDA:1,anonymous_225
FNDA:1,anonymous_226
FNDA:1,testData.method
FNDA:1,anonymous_228
FNDA:1,anonymous_229
FNDA:1,anonymous_230
FNDA:1,anonymous_231
FNDA:1,testData.method
FNDA:1,anonymous_233
FNDA:1,anonymous_234
FNDA:1,anonymous_235
FNDA:1,anonymous_236
FNDA:1,testData.method
FNDA:1,anonymous_238
FNDA:1,anonymous_239
FNDA:1,anonymous_240
FNDA:1,anonymous_241
FNDA:1,testData.method
FNDA:1,testData.method
FNDA:1,testData.method
FNDA:1,testData.method
FNDA:1,testData.method
FNDA:1,testData.method
FNDA:1,anonymous_248
FNDA:1,anonymous_249
FNDA:1,anonymous_250
FNDA:1,anonymous_251
FNDA:1,testData.method
FNDA:1,anonymous_253
FNDA:1,anonymous_254
FNDA:1,anonymous_255
FNDA:1,anonymous_256
FNDA:1,testData.method
FNDA:1,anonymous_258
FNDA:1,anonymous_259
FNDA:1,anonymous_260
FNDA:1,anonymous_261
FNDA:1,testData.method
FNDA:1,anonymous_263
FNDA:1,anonymous_264
FNDA:1,anonymous_265
FNDA:1,anonymous_266
FNDA:1,testData.method
FNDA:1,anonymous_268
FNDA:1,anonymous_269
FNDA:1,anonymous_270
FNDA:1,anonymous_271
FNDA:1,testData.method
FNDA:1,testData.method
FNDA:1,testData.method
FNDA:1,testData.method
FNDA:1,anonymous_276
FNDA:1,anonymous_277
FNDA:1,anonymous_278
FNDA:1,anonymous_279
FNDA:1,testData.method
FNDA:1,anonymous_281
FNDA:1,anonymous_282
FNDA:1,anonymous_283
FNDA:1,anonymous_284
FNDA:1,testData.method
FNDA:1,anonymous_286
FNDA:1,anonymous_287
FNDA:1,anonymous_288
FNDA:1,anonymous_289
FNDA:1,testData.method
FNDA:1,anonymous_291
FNDA:1,anonymous_292
FNDA:1,anonymous_293
FNDA:1,anonymous_294
FNDA:1,testData.method
FNDA:1,anonymous_296
FNDA:1,anonymous_297
FNDA:1,anonymous_298
FNDA:1,anonymous_299
FNDA:1,testData.method
FNDA:1,anonymous_301
FNDA:1,anonymous_302
FNDA:1,anonymous_303
FNDA:1,anonymous_304
FNDA:1,testData.method
FNDA:1,testData.method
FNDA:1,testData.method
FNDA:1,testData.method
FNDA:1,anonymous_309
FNDA:1,anonymous_310
FNDA:1,anonymous_311
FNDA:1,anonymous_312
FNDA:1,testData.method
FNDA:1,anonymous_314
FNDA:1,anonymous_315
FNDA:1,anonymous_316
FNDA:1,anonymous_317
FNDA:1,testData.method
FNDA:1,anonymous_319
FNDA:1,anonymous_320
FNDA:1,anonymous_321
FNDA:1,anonymous_322
FNDA:1,testData.method
FNDA:1,anonymous_324
FNDA:1,anonymous_325
FNDA:1,anonymous_326
FNDA:1,anonymous_327
FNDA:1,testData.method
FNDA:1,anonymous_329
FNDA:1,anonymous_330
FNDA:1,anonymous_331
FNDA:1,anonymous_332
FNDA:1,testData.method
FNDA:1,anonymous_334
FNDA:1,anonymous_335
FNDA:1,anonymous_336
FNDA:1,anonymous_337
FNDA:1,testData.method
FNDA:1,testData.method
FNDA:1,testData.method
FNDA:1,testData.method
FNDA:1,anonymous_342
FNDA:1,anonymous_343
FNDA:1,anonymous_344
FNDA:1,anonymous_345
FNDA:1,testData.method
FNDA:1,anonymous_347
FNDA:1,anonymous_348
FNDA:1,anonymous_349
FNDA:1,anonymous_350
FNDA:1,testData.method
FNDA:1,anonymous_352
FNDA:1,anonymous_353
FNDA:1,anonymous_354
FNDA:1,anonymous_355
FNDA:1,testData.method
FNDA:1,anonymous_357
FNDA:1,anonymous_358
FNDA:1,anonymous_359
FNDA:1,anonymous_360
FNDA:1,testData.method
FNDA:1,anonymous_362
FNDA:1,anonymous_363
FNDA:1,anonymous_364
FNDA:1,anonymous_365
FNDA:1,testData.method
FNDA:1,anonymous_367
FNDA:1,anonymous_368
FNDA:1,anonymous_369
FNDA:1,anonymous_370
FNDA:1,testData.method
FNDA:1,testData.method
FNDA:1,testData.method
FNDA:1,testData.method
FNDA:1,anonymous_375
FNDA:1,anonymous_376
FNDA:1,anonymous_377
FNDA:1,anonymous_378
FNDA:1,testData.method
FNDA:1,anonymous_380
FNDA:1,anonymous_381
FNDA:1,anonymous_382
FNDA:1,anonymous_383
FNDA:1,testData.method
FNDA:1,anonymous_385
FNDA:1,anonymous_386
FNDA:1,anonymous_387
FNDA:1,anonymous_388
FNDA:1,testData.method
FNDA:1,anonymous_390
FNDA:1,anonymous_391
FNDA:1,anonymous_392
FNDA:1,anonymous_393
FNDA:1,testData.method
FNDA:1,anonymous_395
FNDA:1,anonymous_396
FNDA:1,anonymous_397
FNDA:1,anonymous_398
FNDA:1,testData.method
FNDA:1,anonymous_400
FNDA:1,anonymous_401
FNDA:1,anonymous_402
FNDA:1,anonymous_403
FNDA:1,testData.method
FNDA:1,anonymous_405
FNDA:1,anonymous_406
FNDA:1,anonymous_407
FNDA:1,anonymous_408
FNDA:1,testData.method
FNDA:1,anonymous_410
FNDA:1,anonymous_411
FNDA:1,anonymous_412
FNDA:1,anonymous_413
FNDA:1,testData.method
FNDA:1,testData.method
FNDA:1,testData.method
FNDA:1,testData.method
FNDA:1,testData.method
FNDA:1,testData.method
FNDA:1,anonymous_420
FNDA:1,anonymous_421
FNDA:1,anonymous_422
FNDA:1,anonymous_423
FNDA:1,testData.method
FNDA:1,anonymous_425
FNDA:1,anonymous_426
FNDA:1,anonymous_427
FNDA:1,anonymous_428
FNDA:1,testData.method
FNDA:1,anonymous_430
FNDA:1,anonymous_431
FNDA:1,anonymous_432
FNDA:1,anonymous_433
FNDA:1,testData.method
FNDA:1,anonymous_435
FNDA:1,anonymous_436
FNDA:1,anonymous_437
FNDA:1,anonymous_438
FNDA:1,testData.method
FNDA:1,anonymous_440
FNDA:1,anonymous_441
FNDA:1,anonymous_442
FNDA:1,anonymous_443
FNDA:1,testData.method
FNDA:1,testData.method
FNDA:1,testData.method
FNDA:1,testData.method
FNDA:1,anonymous_448
FNDA:1,anonymous_449
FNDA:1,anonymous_450
FNDA:1,anonymous_451
FNDA:1,testData.method
FNDA:1,testData.method
FNDA:1,testData.method
FNDA:1,testData.method
FNDA:1,anonymous_456
FNDA:1,anonymous_457
FNDA:1,anonymous_458
FNDA:1,anonymous_459
FNDA:1,testData.method
FNDA:1,testData.method
FNDA:1,testData.method
FNDA:1,testData.method
FNDA:1,anonymous_464
FNDA:1,anonymous_465
FNDA:1,anonymous_466
FNDA:1,anonymous_467
FNDA:1,testData.method
FNDA:1,testData.method
FNDA:1,testData.method
FNDA:1,testData.method
FNDA:1,anonymous_472
FNDA:1,anonymous_473
FNDA:1,anonymous_474
FNDA:1,anonymous_475
FNDA:1,testData.method
FNDA:1,testData.method
FNDA:1,testData.method
FNDA:1,anonymous_479
FNDA:1,anonymous_480
FNDA:1,anonymous_481
FNDA:1,anonymous_482
FNDA:1,testData.method
FNDA:1,testData.method
FNDA:1,testData.method
FNDA:1,anonymous_486
FNDA:1,anonymous_487
FNDA:1,anonymous_488
FNDA:1,anonymous_489
FNDA:1,testData.method
FNDA:1,testData.method
FNDA:1,testData.method
FNDA:1,anonymous_493
FNDA:1,anonymous_494
FNDA:1,anonymous_495
FNDA:1,anonymous_496
FNDA:1,testData.method
FNDA:1,testData.method
FNDA:1,testData.method
FNDA:1,anonymous_500
FNDA:1,anonymous_501
FNDA:1,anonymous_502
FNDA:1,anonymous_503
FNDA:1,testData.method
FNDA:1,testData.method
FNDA:1,testData.method
FNDA:1,anonymous_507
FNDA:1,anonymous_508
FNDA:1,anonymous_509
FNDA:1,anonymous_510
FNDA:1,testData.method
FNDA:1,testData.method
FNDA:1,testData.method
FNDA:1,anonymous_514
FNDA:1,anonymous_515
FNDA:1,anonymous_516
FNDA:1,anonymous_517
FNDA:1,testData.method
FNDA:1,testData.method
FNDA:1,testData.method
FNDA:1,testData.method
FNDA:1,anonymous_522
FNDA:1,anonymous_523
FNDA:1,anonymous_524
FNDA:1,anonymous_525
FNDA:1,testData.method
FNDA:1,anonymous_527
FNDA:1,anonymous_528
FNDA:1,anonymous_529
FNDA:1,anonymous_530
FNDA:1,testData.method
FNDA:1,anonymous_532
FNDA:1,anonymous_533
FNDA:1,anonymous_534
FNDA:1,anonymous_535
FNDA:1,testData.method
FNDA:1,anonymous_537
FNDA:1,anonymous_538
FNDA:1,anonymous_539
FNDA:1,anonymous_540
FNDA:1,testData.method
FNDA:1,anonymous_542
FNDA:1,anonymous_543
FNDA:1,anonymous_544
FNDA:1,anonymous_545
FNDA:1,testData.method
FNDA:1,anonymous_547
FNDA:1,anonymous_548
FNDA:1,anonymous_549
FNDA:1,anonymous_550
FNDA:1,testData.method
FNDA:1,testData.method
FNDA:1,testData.method
FNDA:1,testData.method
FNDA:1,anonymous_555
FNDA:1,anonymous_556
FNDA:1,anonymous_557
FNDA:1,anonymous_558
FNDA:1,testData.method
FNDA:1,anonymous_560
FNDA:1,anonymous_561
FNDA:1,anonymous_562
FNDA:1,anonymous_563
FNDA:1,testData.method
FNDA:1,anonymous_565
FNDA:1,anonymous_566
FNDA:1,anonymous_567
FNDA:1,anonymous_568
FNDA:1,testData.method
FNDA:1,anonymous_570
FNDA:1,anonymous_571
FNDA:1,anonymous_572
FNDA:1,anonymous_573
FNDA:1,testData.method
FNDA:1,anonymous_575
FNDA:1,anonymous_576
FNDA:1,anonymous_577
FNDA:1,anonymous_578
FNDA:1,testData.method
FNDA:1,anonymous_580
FNDA:1,anonymous_581
FNDA:1,anonymous_582
FNDA:1,anonymous_583
FNDA:1,testData.method
FNDA:1,testData.method
FNDA:1,testData.method
FNDA:1,testData.method
FNDA:1,anonymous_588
FNDA:1,anonymous_589
FNDA:1,anonymous_590
FNDA:1,anonymous_591
FNDA:1,testData.method
FNDA:1,anonymous_593
FNDA:1,anonymous_594
FNDA:1,anonymous_595
FNDA:1,anonymous_596
FNDA:1,testData.method
FNDA:1,anonymous_598
FNDA:1,anonymous_599
FNDA:1,anonymous_600
FNDA:1,anonymous_601
FNDA:1,testData.method
FNDA:1,anonymous_603
FNDA:1,anonymous_604
FNDA:1,anonymous_605
FNDA:1,anonymous_606
FNDA:1,testData.method
FNDA:1,anonymous_608
FNDA:1,anonymous_609
FNDA:1,anonymous_610
FNDA:1,anonymous_611
FNDA:1,testData.method
FNDA:1,anonymous_613
FNDA:1,anonymous_614
FNDA:1,anonymous_615
FNDA:1,anonymous_616
FNDA:1,testData.method
FNDA:1,testData.method
FNDA:1,testData.method
FNDA:1,testData.method
FNDA:1,anonymous_621
FNDA:1,anonymous_622
FNDA:1,anonymous_623
FNDA:1,anonymous_624
FNDA:1,testData.method
FNDA:1,anonymous_626
FNDA:1,anonymous_627
FNDA:1,anonymous_628
FNDA:1,anonymous_629
FNDA:1,testData.method
FNDA:1,anonymous_631
FNDA:1,anonymous_632
FNDA:1,anonymous_633
FNDA:1,anonymous_634
FNDA:1,testData.method
FNDA:1,anonymous_636
FNDA:1,anonymous_637
FNDA:1,anonymous_638
FNDA:1,anonymous_639
FNDA:1,testData.method
FNDA:1,anonymous_641
FNDA:1,anonymous_642
FNDA:1,anonymous_643
FNDA:1,anonymous_644
FNDA:1,testData.method
FNDA:1,anonymous_646
FNDA:1,anonymous_647
FNDA:1,anonymous_648
FNDA:1,anonymous_649
FNDA:1,testData.method
FNDA:1,testData.method
FNDA:1,anonymous_652
FNDA:1,anonymous_653
FNDA:1,anonymous_654
FNDA:1,anonymous_655
FNDA:1,testData.method
FNDA:1,testData.method
FNDA:1,anonymous_658
FNDA:1,anonymous_659
FNDA:1,anonymous_660
FNDA:1,anonymous_661
FNDA:28,nodeRunner
FNDA:200,anonymous_663
FNDA:200,anonymous_664
FNDA:0,defRunner
FNDA:200,makeTest
FNF:667
FNH:665
BRDA:1,0,0,1
BRDA:42,1,0,1
BRDA:55,2,0,0
BRDA:48,3,0,1
BRDA:65,4,0,1
BRDA:76,5,0,1
BRDA:90,6,0,1
BRDA:104,7,0,1
BRDA:118,8,0,1
BRDA:134,9,0,1
BRDA:137,10,0,1
BRDA:140,11,0,1
BRDA:150,12,0,1
BRDA:153,13,0,1
BRDA:170,14,0,1
BRDA:173,15,0,1
BRDA:176,16,0,1
BRDA:186,17,0,1
BRDA:189,18,0,1
BRDA:206,19,0,1
BRDA:209,20,0,1
BRDA:212,21,0,1
BRDA:222,22,0,1
BRDA:225,23,0,1
BRDA:242,24,0,1
BRDA:245,25,0,1
BRDA:248,26,0,1
BRDA:258,27,0,1
BRDA:261,28,0,1
BRDA:278,29,0,1
BRDA:281,30,0,1
BRDA:284,31,0,1
BRDA:294,32,0,1
BRDA:297,33,0,1
BRDA:314,34,0,1
BRDA:317,35,0,1
BRDA:320,36,0,1
BRDA:330,37,0,1
BRDA:333,38,0,1
BRDA:350,39,0,1
BRDA:364,40,0,1
BRDA:378,41,0,1
BRDA:392,42,0,1
BRDA:406,43,0,1
BRDA:420,44,0,1
BRDA:423,45,0,1
BRDA:426,46,0,1
BRDA:436,47,0,1
BRDA:439,48,0,1
BRDA:456,49,0,1
BRDA:459,50,0,1
BRDA:462,51,0,1
BRDA:472,52,0,1
BRDA:475,53,0,1
BRDA:492,54,0,1
BRDA:495,55,0,1
BRDA:498,56,0,1
BRDA:508,57,0,1
BRDA:511,58,0,1
BRDA:532,59,0,1
BRDA:552,60,0,1
BRDA:572,61,0,1
BRDA:592,62,0,1
BRDA:612,63,0,1
BRDA:632,64,0,1
BRDA:635,65,0,1
BRDA:638,66,0,1
BRDA:650,67,0,1
BRDA:653,68,0,1
BRDA:670,69,0,1
BRDA:673,70,0,1
BRDA:676,71,0,1
BRDA:688,72,0,1
BRDA:691,73,0,1
BRDA:708,74,0,1
BRDA:711,75,0,1
BRDA:714,76,0,1
BRDA:726,77,0,1
BRDA:729,78,0,1
BRDA:746,79,0,1
BRDA:749,80,0,1
BRDA:752,81,0,1
BRDA:764,82,0,1
BRDA:767,83,0,1
BRDA:784,84,0,1
BRDA:787,85,0,1
BRDA:790,86,0,1
BRDA:802,87,0,1
BRDA:805,88,0,1
BRDA:822,89,0,1
BRDA:825,90,0,1
BRDA:828,91,0,1
BRDA:840,92,0,1
BRDA:843,93,0,1
BRDA:860,94,0,1
BRDA:863,95,0,1
BRDA:866,96,0,1
BRDA:878,97,0,1
BRDA:881,98,0,1
BRDA:902,99,0,1
BRDA:924,100,0,1
BRDA:946,101,0,1
BRDA:968,102,0,1
BRDA:971,103,0,1
BRDA:974,104,0,1
BRDA:986,105,0,1
BRDA:989,106,0,1
BRDA:1006,107,0,1
BRDA:1009,108,0,1
BRDA:1012,109,0,1
BRDA:1024,110,0,1
BRDA:1027,111,0,1
BRDA:1044,112,0,1
BRDA:1047,113,0,1
BRDA:1050,114,0,1
BRDA:1062,115,0,1
BRDA:1065,116,0,1
BRDA:1082,117,0,1
BRDA:1085,118,0,1
BRDA:1088,119,0,1
BRDA:1100,120,0,1
BRDA:1103,121,0,1
BRDA:1120,122,0,1
BRDA:1123,123,0,1
BRDA:1126,124,0,1
BRDA:1138,125,0,1
BRDA:1141,126,0,1
BRDA:1158,127,0,1
BRDA:1161,128,0,1
BRDA:1164,129,0,1
BRDA:1176,130,0,1
BRDA:1179,131,0,1
BRDA:1200,132,0,1
BRDA:1222,133,0,1
BRDA:1244,134,0,1
BRDA:1266,135,0,1
BRDA:1269,136,0,1
BRDA:1272,137,0,1
BRDA:1284,138,0,1
BRDA:1287,139,0,1
BRDA:1304,140,0,1
BRDA:1307,141,0,1
BRDA:1310,142,0,1
BRDA:1322,143,0,1
BRDA:1325,144,0,1
BRDA:1342,145,0,1
BRDA:1345,146,0,1
BRDA:1348,147,0,1
BRDA:1360,148,0,1
BRDA:1363,149,0,1
BRDA:1380,150,0,1
BRDA:1383,151,0,1
BRDA:1386,152,0,1
BRDA:1398,153,0,1
BRDA:1401,154,0,1
BRDA:1418,155,0,1
BRDA:1421,156,0,1
BRDA:1424,157,0,1
BRDA:1436,158,0,1
BRDA:1439,159,0,1
BRDA:1456,160,0,1
BRDA:1459,161,0,1
BRDA:1462,162,0,1
BRDA:1474,163,0,1
BRDA:1477,164,0,1
BRDA:1498,165,0,1
BRDA:1520,166,0,1
BRDA:1542,167,0,1
BRDA:1564,168,0,1
BRDA:1567,169,0,1
BRDA:1570,170,0,1
BRDA:1582,171,0,1
BRDA:1585,172,0,1
BRDA:1602,173,0,1
BRDA:1605,174,0,1
BRDA:1608,175,0,1
BRDA:1620,176,0,1
BRDA:1623,177,0,1
BRDA:1640,178,0,1
BRDA:1643,179,0,1
BRDA:1646,180,0,1
BRDA:1658,181,0,1
BRDA:1661,182,0,1
BRDA:1678,183,0,1
BRDA:1681,184,0,1
BRDA:1684,185,0,1
BRDA:1696,186,0,1
BRDA:1699,187,0,1
BRDA:1716,188,0,1
BRDA:1719,189,0,1
BRDA:1722,190,0,1
BRDA:1734,191,0,1
BRDA:1737,192,0,1
BRDA:1754,193,0,1
BRDA:1757,194,0,1
BRDA:1760,195,0,1
BRDA:1772,196,0,1
BRDA:1775,197,0,1
BRDA:1796,198,0,1
BRDA:1818,199,0,1
BRDA:1840,200,0,1
BRDA:1862,201,0,1
BRDA:1865,202,0,1
BRDA:1868,203,0,1
BRDA:1880,204,0,1
BRDA:1883,205,0,1
BRDA:1900,206,0,1
BRDA:1903,207,0,1
BRDA:1906,208,0,1
BRDA:1918,209,0,1
BRDA:1921,210,0,1
BRDA:1938,211,0,1
BRDA:1941,212,0,1
BRDA:1944,213,0,1
BRDA:1956,214,0,1
BRDA:1959,215,0,1
BRDA:1976,216,0,1
BRDA:1979,217,0,1
BRDA:1982,218,0,1
BRDA:1994,219,0,1
BRDA:1997,220,0,1
BRDA:2014,221,0,1
BRDA:2017,222,0,1
BRDA:2020,223,0,1
BRDA:2032,224,0,1
BRDA:2035,225,0,1
BRDA:2052,226,0,1
BRDA:2055,227,0,1
BRDA:2058,228,0,1
BRDA:2070,229,0,1
BRDA:2073,230,0,1
BRDA:2090,231,0,1
BRDA:2093,232,0,1
BRDA:2096,233,0,1
BRDA:2108,234,0,1
BRDA:2111,235,0,1
BRDA:2128,236,0,1
BRDA:2131,237,0,1
BRDA:2134,238,0,1
BRDA:2146,239,0,1
BRDA:2149,240,0,1
BRDA:2170,241,0,1
BRDA:2192,242,0,1
BRDA:2214,243,0,1
BRDA:2236,244,0,1
BRDA:2258,245,0,1
BRDA:2280,246,0,1
BRDA:2283,247,0,1
BRDA:2286,248,0,1
BRDA:2298,249,0,1
BRDA:2301,250,0,1
BRDA:2318,251,0,1
BRDA:2321,252,0,1
BRDA:2324,253,0,1
BRDA:2336,254,0,1
BRDA:2339,255,0,1
BRDA:2356,256,0,1
BRDA:2359,257,0,1
BRDA:2362,258,0,1
BRDA:2374,259,0,1
BRDA:2377,260,0,1
BRDA:2394,261,0,1
BRDA:2397,262,0,1
BRDA:2400,263,0,1
BRDA:2412,264,0,1
BRDA:2415,265,0,1
BRDA:2432,266,0,1
BRDA:2435,267,0,1
BRDA:2438,268,0,1
BRDA:2450,269,0,1
BRDA:2453,270,0,1
BRDA:2474,271,0,1
BRDA:2504,272,0,1
BRDA:2534,273,0,1
BRDA:2564,274,0,1
BRDA:2567,275,0,1
BRDA:2570,276,0,1
BRDA:2582,277,0,1
BRDA:2585,278,0,1
BRDA:2602,279,0,1
BRDA:2605,280,0,1
BRDA:2608,281,0,1
BRDA:2620,282,0,1
BRDA:2623,283,0,1
BRDA:2640,284,0,1
BRDA:2643,285,0,1
BRDA:2646,286,0,1
BRDA:2658,287,0,1
BRDA:2661,288,0,1
BRDA:2678,289,0,1
BRDA:2681,290,0,1
BRDA:2684,291,0,1
BRDA:2696,292,0,1
BRDA:2699,293,0,1
BRDA:2716,294,0,1
BRDA:2719,295,0,1
BRDA:2722,296,0,1
BRDA:2734,297,0,1
BRDA:2737,298,0,1
BRDA:2754,299,0,1
BRDA:2757,300,0,1
BRDA:2760,301,0,1
BRDA:2772,302,0,1
BRDA:2775,303,0,1
BRDA:2796,304,0,1
BRDA:2826,305,0,1
BRDA:2856,306,0,1
BRDA:2886,307,0,1
BRDA:2889,308,0,1
BRDA:2892,309,0,1
BRDA:2904,310,0,1
BRDA:2907,311,0,1
BRDA:2924,312,0,1
BRDA:2927,313,0,1
BRDA:2930,314,0,1
BRDA:2942,315,0,1
BRDA:2945,316,0,1
BRDA:2962,317,0,1
BRDA:2965,318,0,1
BRDA:2968,319,0,1
BRDA:2980,320,0,1
BRDA:2983,321,0,1
BRDA:3000,322,0,1
BRDA:3003,323,0,1
BRDA:3006,324,0,1
BRDA:3018,325,0,1
BRDA:3021,326,0,1
BRDA:3038,327,0,1
BRDA:3041,328,0,1
BRDA:3044,329,0,1
BRDA:3056,330,0,1
BRDA:3059,331,0,1
BRDA:3076,332,0,1
BRDA:3079,333,0,1
BRDA:3082,334,0,1
BRDA:3094,335,0,1
BRDA:3097,336,0,1
BRDA:3118,337,0,1
BRDA:3148,338,0,1
BRDA:3178,339,0,1
BRDA:3208,340,0,1
BRDA:3211,341,0,1
BRDA:3214,342,0,1
BRDA:3226,343,0,1
BRDA:3229,344,0,1
BRDA:3246,345,0,1
BRDA:3249,346,0,1
BRDA:3252,347,0,1
BRDA:3264,348,0,1
BRDA:3267,349,0,1
BRDA:3284,350,0,1
BRDA:3287,351,0,1
BRDA:3290,352,0,1
BRDA:3302,353,0,1
BRDA:3305,354,0,1
BRDA:3322,355,0,1
BRDA:3325,356,0,1
BRDA:3328,357,0,1
BRDA:3340,358,0,1
BRDA:3343,359,0,1
BRDA:3360,360,0,1
BRDA:3363,361,0,1
BRDA:3366,362,0,1
BRDA:3378,363,0,1
BRDA:3381,364,0,1
BRDA:3398,365,0,1
BRDA:3401,366,0,1
BRDA:3404,367,0,1
BRDA:3416,368,0,1
BRDA:3419,369,0,1
BRDA:3440,370,0,1
BRDA:3470,371,0,1
BRDA:3500,372,0,1
BRDA:3530,373,0,1
BRDA:3533,374,0,1
BRDA:3536,375,0,1
BRDA:3548,376,0,1
BRDA:3551,377,0,1
BRDA:3568,378,0,1
BRDA:3571,379,0,1
BRDA:3574,380,0,1
BRDA:3586,381,0,1
BRDA:3589,382,0,1
BRDA:3606,383,0,1
BRDA:3609,384,0,1
BRDA:3612,385,0,1
BRDA:3624,386,0,1
BRDA:3627,387,0,1
BRDA:3644,388,0,1
BRDA:3647,389,0,1
BRDA:3650,390,0,1
BRDA:3662,391,0,1
BRDA:3665,392,0,1
BRDA:3682,393,0,1
BRDA:3685,394,0,1
BRDA:3688,395,0,1
BRDA:3700,396,0,1
BRDA:3703,397,0,1
BRDA:3720,398,0,1
BRDA:3723,399,0,1
BRDA:3726,400,0,1
BRDA:3738,401,0,1
BRDA:3741,402,0,1
BRDA:3758,403,0,1
BRDA:3761,404,0,1
BRDA:3764,405,0,1
BRDA:3776,406,0,1
BRDA:3779,407,0,1
BRDA:3796,408,0,1
BRDA:3799,409,0,1
BRDA:3802,410,0,1
BRDA:3814,411,0,1
BRDA:3817,412,0,1
BRDA:3838,413,0,1
BRDA:3868,414,0,1
BRDA:3898,415,0,1
BRDA:3928,416,0,1
BRDA:3958,417,0,1
BRDA:3988,418,0,1
BRDA:3991,419,0,1
BRDA:3994,420,0,1
BRDA:4006,421,0,1
BRDA:4009,422,0,1
BRDA:4026,423,0,1
BRDA:4029,424,0,1
BRDA:4032,425,0,1
BRDA:4044,426,0,1
BRDA:4047,427,0,1
BRDA:4064,428,0,1
BRDA:4067,429,0,1
BRDA:4070,430,0,1
BRDA:4082,431,0,1
BRDA:4085,432,0,1
BRDA:4102,433,0,1
BRDA:4105,434,0,1
BRDA:4108,435,0,1
BRDA:4120,436,0,1
BRDA:4123,437,0,1
BRDA:4140,438,0,1
BRDA:4143,439,0,1
BRDA:4146,440,0,1
BRDA:4158,441,0,1
BRDA:4161,442,0,1
BRDA:4182,443,0,1
BRDA:4210,444,0,1
BRDA:4238,445,0,1
BRDA:4266,446,0,1
BRDA:4269,447,0,1
BRDA:4272,448,0,1
BRDA:4284,449,0,1
BRDA:4287,450,0,1
BRDA:4308,451,0,1
BRDA:4336,452,0,1
BRDA:4364,453,0,1
BRDA:4392,454,0,1
BRDA:4395,455,0,1
BRDA:4398,456,0,1
BRDA:4410,457,0,1
BRDA:4413,458,0,1
BRDA:4434,459,0,1
BRDA:4462,460,0,1
BRDA:4490,461,0,1
BRDA:4518,462,0,1
BRDA:4521,463,0,1
BRDA:4524,464,0,1
BRDA:4536,465,0,1
BRDA:4539,466,0,1
BRDA:4560,467,0,1
BRDA:4588,468,0,1
BRDA:4616,469,0,1
BRDA:4644,470,0,1
BRDA:4647,471,0,1
BRDA:4650,472,0,1
BRDA:4662,473,0,1
BRDA:4665,474,0,1
BRDA:4686,475,0,1
BRDA:4708,476,0,1
BRDA:4730,477,0,1
BRDA:4733,478,0,1
BRDA:4736,479,0,1
BRDA:4748,480,0,1
BRDA:4751,481,0,1
BRDA:4772,482,0,1
BRDA:4802,483,0,1
BRDA:4832,484,0,1
BRDA:4835,485,0,1
BRDA:4838,486,0,1
BRDA:4850,487,0,1
BRDA:4853,488,0,1
BRDA:4874,489,0,1
BRDA:4896,490,0,1
BRDA:4918,491,0,1
BRDA:4921,492,0,1
BRDA:4924,493,0,1
BRDA:4936,494,0,1
BRDA:4939,495,0,1
BRDA:4960,496,0,1
BRDA:4990,497,0,1
BRDA:5020,498,0,1
BRDA:5023,499,0,1
BRDA:5026,500,0,1
BRDA:5038,501,0,1
BRDA:5041,502,0,1
BRDA:5062,503,0,1
BRDA:5082,504,0,1
BRDA:5102,505,0,1
BRDA:5105,506,0,1
BRDA:5108,507,0,1
BRDA:5120,508,0,1
BRDA:5123,509,0,1
BRDA:5144,510,0,1
BRDA:5164,511,0,1
BRDA:5184,512,0,1
BRDA:5187,513,0,1
BRDA:5190,514,0,1
BRDA:5202,515,0,1
BRDA:5205,516,0,1
BRDA:5226,517,0,1
BRDA:5252,518,0,1
BRDA:5278,519,0,1
BRDA:5304,520,0,1
BRDA:5307,521,0,1
BRDA:5310,522,0,1
BRDA:5322,523,0,1
BRDA:5325,524,0,1
BRDA:5342,525,0,1
BRDA:5345,526,0,1
BRDA:5348,527,0,1
BRDA:5360,528,0,1
BRDA:5363,529,0,1
BRDA:5380,530,0,1
BRDA:5383,531,0,1
BRDA:5386,532,0,1
BRDA:5398,533,0,1
BRDA:5401,534,0,1
BRDA:5418,535,0,1
BRDA:5421,536,0,1
BRDA:5424,537,0,1
BRDA:5436,538,0,1
BRDA:5439,539,0,1
BRDA:5456,540,0,1
BRDA:5459,541,0,1
BRDA:5462,542,0,1
BRDA:5474,543,0,1
BRDA:5477,544,0,1
BRDA:5494,545,0,1
BRDA:5497,546,0,1
BRDA:5500,547,0,1
BRDA:5512,548,0,1
BRDA:5515,549,0,1
BRDA:5536,550,0,1
BRDA:5562,551,0,1
BRDA:5588,552,0,1
BRDA:5614,553,0,1
BRDA:5617,554,0,1
BRDA:5620,555,0,1
BRDA:5632,556,0,1
BRDA:5635,557,0,1
BRDA:5652,558,0,1
BRDA:5655,559,0,1
BRDA:5658,560,0,1
BRDA:5670,561,0,1
BRDA:5673,562,0,1
BRDA:5690,563,0,1
BRDA:5693,564,0,1
BRDA:5696,565,0,1
BRDA:5708,566,0,1
BRDA:5711,567,0,1
BRDA:5728,568,0,1
BRDA:5731,569,0,1
BRDA:5734,570,0,1
BRDA:5746,571,0,1
BRDA:5749,572,0,1
BRDA:5766,573,0,1
BRDA:5769,574,0,1
BRDA:5772,575,0,1
BRDA:5784,576,0,1
BRDA:5787,577,0,1
BRDA:5804,578,0,1
BRDA:5807,579,0,1
BRDA:5810,580,0,1
BRDA:5822,581,0,1
BRDA:5825,582,0,1
BRDA:5846,583,0,1
BRDA:5872,584,0,1
BRDA:5898,585,0,1
BRDA:5924,586,0,1
BRDA:5927,587,0,1
BRDA:5930,588,0,1
BRDA:5942,589,0,1
BRDA:5945,590,0,1
BRDA:5962,591,0,1
BRDA:5965,592,0,1
BRDA:5968,593,0,1
BRDA:5980,594,0,1
BRDA:5983,595,0,1
BRDA:6000,596,0,1
BRDA:6003,597,0,1
BRDA:6006,598,0,1
BRDA:6018,599,0,1
BRDA:6021,600,0,1
BRDA:6038,601,0,1
BRDA:6041,602,0,1
BRDA:6044,603,0,1
BRDA:6056,604,0,1
BRDA:6059,605,0,1
BRDA:6076,606,0,1
BRDA:6079,607,0,1
BRDA:6082,608,0,1
BRDA:6094,609,0,1
BRDA:6097,610,0,1
BRDA:6114,611,0,1
BRDA:6117,612,0,1
BRDA:6120,613,0,1
BRDA:6132,614,0,1
BRDA:6135,615,0,1
BRDA:6156,616,0,1
BRDA:6182,617,0,1
BRDA:6208,618,0,1
BRDA:6234,619,0,1
BRDA:6237,620,0,1
BRDA:6240,621,0,1
BRDA:6252,622,0,1
BRDA:6255,623,0,1
BRDA:6272,624,0,1
BRDA:6275,625,0,1
BRDA:6278,626,0,1
BRDA:6290,627,0,1
BRDA:6293,628,0,1
BRDA:6310,629,0,1
BRDA:6313,630,0,1
BRDA:6316,631,0,1
BRDA:6328,632,0,1
BRDA:6331,633,0,1
BRDA:6348,634,0,1
BRDA:6351,635,0,1
BRDA:6354,636,0,1
BRDA:6366,637,0,1
BRDA:6369,638,0,1
BRDA:6386,639,0,1
BRDA:6389,640,0,1
BRDA:6392,641,0,1
BRDA:6404,642,0,1
BRDA:6407,643,0,1
BRDA:6424,644,0,1
BRDA:6427,645,0,1
BRDA:6430,646,0,1
BRDA:6442,647,0,1
BRDA:6445,648,0,1
BRDA:6466,649,0,1
BRDA:6490,650,0,1
BRDA:6493,651,0,1
BRDA:6496,652,0,1
BRDA:6508,653,0,1
BRDA:6511,654,0,1
BRDA:6532,655,0,1
BRDA:6551,656,0,1
BRDA:6554,657,0,1
BRDA:6557,658,0,1
BRDA:6569,659,0,1
BRDA:6572,660,0,1
BRDA:6593,661,0,1
BRDA:6595,662,0,28
BRDA:6596,663,0,28
BRDA:6597,664,0,200
BRDA:6598,665,0,200
BRDA:6644,666,0,200
BRDA:6652,667,0,0
BRDA:6656,668,0,0
BRF:669
BRH:667
DA:1,1
DA:2,1
DA:3,1
DA:4,1
DA:5,1
DA:6,1
DA:7,1
DA:8,1
DA:9,1
DA:10,1
DA:11,1
DA:12,1
DA:13,1
DA:14,1
DA:15,1
DA:16,1
DA:17,1
DA:18,1
DA:19,1
DA:20,1
DA:21,1
DA:22,1
DA:23,1
DA:24,1
DA:25,1
DA:26,1
DA:27,1
DA:28,1
DA:29,1
DA:30,1
DA:31,1
DA:32,1
DA:33,1
DA:34,1
DA:35,1
DA:36,1
DA:37,1
DA:38,1
DA:39,1
DA:40,1
DA:41,1
DA:42,1
DA:43,1
DA:44,1
DA:45,1
DA:46,1
DA:47,1
DA:48,1
DA:49,1
DA:50,1
DA:51,1
DA:59,1
DA:60,1
DA:61,1
DA:62,1
DA:63,1
DA:64,1
DA:65,1
DA:66,1
DA:67,1
DA:68,1
DA:69,1
DA:70,1
DA:71,1
DA:72,1
DA:73,1
DA:74,1
DA:75,1
DA:76,1
DA:77,1
DA:78,1
DA:79,1
DA:80,1
DA:81,1
DA:82,1
DA:83,1
DA:84,1
DA:85,1
DA:86,1
DA:87,1
DA:88,1
DA:89,1
DA:90,1
DA:91,1
DA:92,1
DA:93,1
DA:94,1
DA:95,1
DA:96,1
DA:97,1
DA:98,1
DA:99,1
DA:100,1
DA:101,1
DA:102,1
DA:103,1
DA:104,1
DA:105,1
DA:106,1
DA:107,1
DA:108,1
DA:109,1
DA:110,1
DA:111,1
DA:112,1
DA:113,1
DA:114,1
DA:115,1
DA:116,1
DA:117,1
DA:118,1
DA:119,1
DA:120,1
DA:121,1
DA:122,1
DA:123,1
DA:124,1
DA:125,1
DA:126,1
DA:127,1
DA:128,1
DA:129,1
DA:130,1
DA:131,1
DA:132,1
DA:133,1
DA:134,1
DA:135,1
DA:136,1
DA:137,1
DA:138,1
DA:139,1
DA:140,1
DA:141,1
DA:142,1
DA:143,1
DA:144,1
DA:145,1
DA:146,1
DA:147,1
DA:148,1
DA:149,1
DA:150,1
DA:151,1
DA:152,1
DA:153,1
DA:154,1
DA:155,1
DA:156,1
DA:157,1
DA:158,1
DA:159,1
DA:160,1
DA:161,1
DA:162,1
DA:163,1
DA:164,1
DA:165,1
DA:166,1
DA:167,1
DA:168,1
DA:169,1
DA:170,1
DA:171,1
DA:172,1
DA:173,1
DA:174,1
DA:175,1
DA:176,1
DA:177,1
DA:178,1
DA:179,1
DA:180,1
DA:181,1
DA:182,1
DA:183,1
DA:184,1
DA:185,1
DA:186,1
DA:187,1
DA:188,1
DA:189,1
DA:190,1
DA:191,1
DA:192,1
DA:193,1
DA:194,1
DA:195,1
DA:196,1
DA:197,1
DA:198,1
DA:199,1
DA:200,1
DA:201,1
DA:202,1
DA:203,1
DA:204,1
DA:205,1
DA:206,1
DA:207,1
DA:208,1
DA:209,1
DA:210,1
DA:211,1
DA:212,1
DA:213,1
DA:214,1
DA:215,1
DA:216,1
DA:217,1
DA:218,1
DA:219,1
DA:220,1
DA:221,1
DA:222,1
DA:223,1
DA:224,1
DA:225,1
DA:226,1
DA:227,1
DA:228,1
DA:229,1
DA:230,1
DA:231,1
DA:232,1
DA:233,1
DA:234,1
DA:235,1
DA:236,1
DA:237,1
DA:238,1
DA:239,1
DA:240,1
DA:241,1
DA:242,1
DA:243,1
DA:244,1
DA:245,1
DA:246,1
DA:247,1
DA:248,1
DA:249,1
DA:250,1
DA:251,1
DA:252,1
DA:253,1
DA:254,1
DA:255,1
DA:256,1
DA:257,1
DA:258,1
DA:259,1
DA:260,1
DA:261,1
DA:262,1
DA:263,1
DA:264,1
DA:265,1
DA:266,1
DA:267,1
DA:268,1
DA:269,1
DA:270,1
DA:271,1
DA:272,1
DA:273,1
DA:274,1
DA:275,1
DA:276,1
DA:277,1
DA:278,1
DA:279,1
DA:280,1
DA:281,1
DA:282,1
DA:283,1
DA:284,1
DA:285,1
DA:286,1
DA:287,1
DA:288,1
DA:289,1
DA:290,1
DA:291,1
DA:292,1
DA:293,1
DA:294,1
DA:295,1
DA:296,1
DA:297,1
DA:298,1
DA:299,1
DA:300,1
DA:301,1
DA:302,1
DA:303,1
DA:304,1
DA:305,1
DA:306,1
DA:307,1
DA:308,1
DA:309,1
DA:310,1
DA:311,1
DA:312,1
DA:313,1
DA:314,1
DA:315,1
DA:316,1
DA:317,1
DA:318,1
DA:319,1
DA:320,1
DA:321,1
DA:322,1
DA:323,1
DA:324,1
DA:325,1
DA:326,1
DA:327,1
DA:328,1
DA:329,1
DA:330,1
DA:331,1
DA:332,1
DA:333,1
DA:334,1
DA:335,1
DA:336,1
DA:337,1
DA:338,1
DA:339,1
DA:340,1
DA:341,1
DA:342,1
DA:343,1
DA:344,1
DA:345,1
DA:346,1
DA:347,1
DA:348,1
DA:349,1
DA:350,1
DA:351,1
DA:352,1
DA:353,1
DA:354,1
DA:355,1
DA:356,1
DA:357,1
DA:358,1
DA:359,1
DA:360,1
DA:361,1
DA:362,1
DA:363,1
DA:364,1
DA:365,1
DA:366,1
DA:367,1
DA:368,1
DA:369,1
DA:370,1
DA:371,1
DA:372,1
DA:373,1
DA:374,1
DA:375,1
DA:376,1
DA:377,1
DA:378,1
DA:379,1
DA:380,1
DA:381,1
DA:382,1
DA:383,1
DA:384,1
DA:385,1
DA:386,1
DA:387,1
DA:388,1
DA:389,1
DA:390,1
DA:391,1
DA:392,1
DA:393,1
DA:394,1
DA:395,1
DA:396,1
DA:397,1
DA:398,1
DA:399,1
DA:400,1
DA:401,1
DA:402,1
DA:403,1
DA:404,1
DA:405,1
DA:406,1
DA:407,1
DA:408,1
DA:409,1
DA:410,1
DA:411,1
DA:412,1
DA:413,1
DA:414,1
DA:415,1
DA:416,1
DA:417,1
DA:418,1
DA:419,1
DA:420,1
DA:421,1
DA:422,1
DA:423,1
DA:424,1
DA:425,1
DA:426,1
DA:427,1
DA:428,1
DA:429,1
DA:430,1
DA:431,1
DA:432,1
DA:433,1
DA:434,1
DA:435,1
DA:436,1
DA:437,1
DA:438,1
DA:439,1
DA:440,1
DA:441,1
DA:442,1
DA:443,1
DA:444,1
DA:445,1
DA:446,1
DA:447,1
DA:448,1
DA:449,1
DA:450,1
DA:451,1
DA:452,1
DA:453,1
DA:454,1
DA:455,1
DA:456,1
DA:457,1
DA:458,1
DA:459,1
DA:460,1
DA:461,1
DA:462,1
DA:463,1
DA:464,1
DA:465,1
DA:466,1
DA:467,1
DA:468,1
DA:469,1
DA:470,1
DA:471,1
DA:472,1
DA:473,1
DA:474,1
DA:475,1
DA:476,1
DA:477,1
DA:478,1
DA:479,1
DA:480,1
DA:481,1
DA:482,1
DA:483,1
DA:484,1
DA:485,1
DA:486,1
DA:487,1
DA:488,1
DA:489,1
DA:490,1
DA:491,1
DA:492,1
DA:493,1
DA:494,1
DA:495,1
DA:496,1
DA:497,1
DA:498,1
DA:499,1
DA:500,1
DA:501,1
DA:502,1
DA:503,1
DA:504,1
DA:505,1
DA:506,1
DA:507,1
DA:508,1
DA:509,1
DA:510,1
DA:511,1
DA:512,1
DA:513,1
DA:514,1
DA:515,1
DA:516,1
DA:517,1
DA:518,1
DA:519,1
DA:520,1
DA:521,1
DA:522,1
DA:523,1
DA:524,1
DA:525,1
DA:526,1
DA:527,1
DA:528,1
DA:529,1
DA:530,1
DA:531,1
DA:532,1
DA:533,1
DA:534,1
DA:535,1
DA:536,1
DA:537,1
DA:538,1
DA:539,1
DA:540,1
DA:541,1
DA:542,1
DA:543,1
DA:544,1
DA:545,1
DA:546,1
DA:547,1
DA:548,1
DA:549,1
DA:550,1
DA:551,1
DA:552,1
DA:553,1
DA:554,1
DA:555,1
DA:556,1
DA:557,1
DA:558,1
DA:559,1
DA:560,1
DA:561,1
DA:562,1
DA:563,1
DA:564,1
DA:565,1
DA:566,1
DA:567,1
DA:568,1
DA:569,1
DA:570,1
DA:571,1
DA:572,1
DA:573,1
DA:574,1
DA:575,1
DA:576,1
DA:577,1
DA:578,1
DA:579,1
DA:580,1
DA:581,1
DA:582,1
DA:583,1
DA:584,1
DA:585,1
DA:586,1
DA:587,1
DA:588,1
DA:589,1
DA:590,1
DA:591,1
DA:592,1
DA:593,1
DA:594,1
DA:595,1
DA:596,1
DA:597,1
DA:598,1
DA:599,1
DA:600,1
DA:601,1
DA:602,1
DA:603,1
DA:604,1
DA:605,1
DA:606,1
DA:607,1
DA:608,1
DA:609,1
DA:610,1
DA:611,1
DA:612,1
DA:613,1
DA:614,1
DA:615,1
DA:616,1
DA:617,1
DA:618,1
DA:619,1
DA:620,1
DA:621,1
DA:622,1
DA:623,1
DA:624,1
DA:625,1
DA:626,1
DA:627,1
DA:628,1
DA:629,1
DA:630,1
DA:631,1
DA:632,1
DA:633,1
DA:634,1
DA:635,1
DA:636,1
DA:637,1
DA:638,1
DA:639,1
DA:640,1
DA:641,1
DA:642,1
DA:643,1
DA:644,1
DA:645,1
DA:646,1
DA:647,1
DA:648,1
DA:649,1
DA:650,1
DA:651,1
DA:652,1
DA:653,1
DA:654,1
DA:655,1
DA:656,1
DA:657,1
DA:658,1
DA:659,1
DA:660,1
DA:661,1
DA:662,1
DA:663,1
DA:664,1
DA:665,1
DA:666,1
DA:667,1
DA:668,1
DA:669,1
DA:670,1
DA:671,1
DA:672,1
DA:673,1
DA:674,1
DA:675,1
DA:676,1
DA:677,1
DA:678,1
DA:679,1
DA:680,1
DA:681,1
DA:682,1
DA:683,1
DA:684,1
DA:685,1
DA:686,1
DA:687,1
DA:688,1
DA:689,1
DA:690,1
DA:691,1
DA:692,1
DA:693,1
DA:694,1
DA:695,1
DA:696,1
DA:697,1
DA:698,1
DA:699,1
DA:700,1
DA:701,1
DA:702,1
DA:703,1
DA:704,1
DA:705,1
DA:706,1
DA:707,1
DA:708,1
DA:709,1
DA:710,1
DA:711,1
DA:712,1
DA:713,1
DA:714,1
DA:715,1
DA:716,1
DA:717,1
DA:718,1
DA:719,1
DA:720,1
DA:721,1
DA:722,1
DA:723,1
DA:724,1
DA:725,1
DA:726,1
DA:727,1
DA:728,1
DA:729,1
DA:730,1
DA:731,1
DA:732,1
DA:733,1
DA:734,1
DA:735,1
DA:736,1
DA:737,1
DA:738,1
DA:739,1
DA:740,1
DA:741,1
DA:742,1
DA:743,1
DA:744,1
DA:745,1
DA:746,1
DA:747,1
DA:748,1
DA:749,1
DA:750,1
DA:751,1
DA:752,1
DA:753,1
DA:754,1
DA:755,1
DA:756,1
DA:757,1
DA:758,1
DA:759,1
DA:760,1
DA:761,1
DA:762,1
DA:763,1
DA:764,1
DA:765,1
DA:766,1
DA:767,1
DA:768,1
DA:769,1
DA:770,1
DA:771,1
DA:772,1
DA:773,1
DA:774,1
DA:775,1
DA:776,1
DA:777,1
DA:778,1
DA:779,1
DA:780,1
DA:781,1
DA:782,1
DA:783,1
DA:784,1
DA:785,1
DA:786,1
DA:787,1
DA:788,1
DA:789,1
DA:790,1
DA:791,1
DA:792,1
DA:793,1
DA:794,1
DA:795,1
DA:796,1
DA:797,1
DA:798,1
DA:799,1
DA:800,1
DA:801,1
DA:802,1
DA:803,1
DA:804,1
DA:805,1
DA:806,1
DA:807,1
DA:808,1
DA:809,1
DA:810,1
DA:811,1
DA:812,1
DA:813,1
DA:814,1
DA:815,1
DA:816,1
DA:817,1
DA:818,1
DA:819,1
DA:820,1
DA:821,1
DA:822,1
DA:823,1
DA:824,1
DA:825,1
DA:826,1
DA:827,1
DA:828,1
DA:829,1
DA:830,1
DA:831,1
DA:832,1
DA:833,1
DA:834,1
DA:835,1
DA:836,1
DA:837,1
DA:838,1
DA:839,1
DA:840,1
DA:841,1
DA:842,1
DA:843,1
DA:844,1
DA:845,1
DA:846,1
DA:847,1
DA:848,1
DA:849,1
DA:850,1
DA:851,1
DA:852,1
DA:853,1
DA:854,1
DA:855,1
DA:856,1
DA:857,1
DA:858,1
DA:859,1
DA:860,1
DA:861,1
DA:862,1
DA:863,1
DA:864,1
DA:865,1
DA:866,1
DA:867,1
DA:868,1
DA:869,1
DA:870,1
DA:871,1
DA:872,1
DA:873,1
DA:874,1
DA:875,1
DA:876,1
DA:877,1
DA:878,1
DA:879,1
DA:880,1
DA:881,1
DA:882,1
DA:883,1
DA:884,1
DA:885,1
DA:886,1
DA:887,1
DA:888,1
DA:889,1
DA:890,1
DA:891,1
DA:892,1
DA:893,1
DA:894,1
DA:895,1
DA:896,1
DA:897,1
DA:898,1
DA:899,1
DA:900,1
DA:901,1
DA:902,1
DA:903,1
DA:904,1
DA:905,1
DA:906,1
DA:907,1
DA:908,1
DA:909,1
DA:910,1
DA:911,1
DA:912,1
DA:913,1
DA:914,1
DA:915,1
DA:916,1
DA:917,1
DA:918,1
DA:919,1
DA:920,1
DA:921,1
DA:922,1
DA:923,1
DA:924,1
DA:925,1
DA:926,1
DA:927,1
DA:928,1
DA:929,1
DA:930,1
DA:931,1
DA:932,1
DA:933,1
DA:934,1
DA:935,1
DA:936,1
DA:937,1
DA:938,1
DA:939,1
DA:940,1
DA:941,1
DA:942,1
DA:943,1
DA:944,1
DA:945,1
DA:946,1
DA:947,1
DA:948,1
DA:949,1
DA:950,1
DA:951,1
DA:952,1
DA:953,1
DA:954,1
DA:955,1
DA:956,1
DA:957,1
DA:958,1
DA:959,1
DA:960,1
DA:961,1
DA:962,1
DA:963,1
DA:964,1
DA:965,1
DA:966,1
DA:967,1
DA:968,1
DA:969,1
DA:970,1
DA:971,1
DA:972,1
DA:973,1
DA:974,1
DA:975,1
DA:976,1
DA:977,1
DA:978,1
DA:979,1
DA:980,1
DA:981,1
DA:982,1
DA:983,1
DA:984,1
DA:985,1
DA:986,1
DA:987,1
DA:988,1
DA:989,1
DA:990,1
DA:991,1
DA:992,1
DA:993,1
DA:994,1
DA:995,1
DA:996,1
DA:997,1
DA:998,1
DA:999,1
DA:1000,1
DA:1001,1
DA:1002,1
DA:1003,1
DA:1004,1
DA:1005,1
DA:1006,1
DA:1007,1
DA:1008,1
DA:1009,1
DA:1010,1
DA:1011,1
DA:1012,1
DA:1013,1
DA:1014,1
DA:1015,1
DA:1016,1
DA:1017,1
DA:1018,1
DA:1019,1
DA:1020,1
DA:1021,1
DA:1022,1
DA:1023,1
DA:1024,1
DA:1025,1
DA:1026,1
DA:1027,1
DA:1028,1
DA:1029,1
DA:1030,1
DA:1031,1
DA:1032,1
DA:1033,1
DA:1034,1
DA:1035,1
DA:1036,1
DA:1037,1
DA:1038,1
DA:1039,1
DA:1040,1
DA:1041,1
DA:1042,1
DA:1043,1
DA:1044,1
DA:1045,1
DA:1046,1
DA:1047,1
DA:1048,1
DA:1049,1
DA:1050,1
DA:1051,1
DA:1052,1
DA:1053,1
DA:1054,1
DA:1055,1
DA:1056,1
DA:1057,1
DA:1058,1
DA:1059,1
DA:1060,1
DA:1061,1
DA:1062,1
DA:1063,1
DA:1064,1
DA:1065,1
DA:1066,1
DA:1067,1
DA:1068,1
DA:1069,1
DA:1070,1
DA:1071,1
DA:1072,1
DA:1073,1
DA:1074,1
DA:1075,1
DA:1076,1
DA:1077,1
DA:1078,1
DA:1079,1
DA:1080,1
DA:1081,1
DA:1082,1
DA:1083,1
DA:1084,1
DA:1085,1
DA:1086,1
DA:1087,1
DA:1088,1
DA:1089,1
DA:1090,1
DA:1091,1
DA:1092,1
DA:1093,1
DA:1094,1
DA:1095,1
DA:1096,1
DA:1097,1
DA:1098,1
DA:1099,1
DA:1100,1
DA:1101,1
DA:1102,1
DA:1103,1
DA:1104,1
DA:1105,1
DA:1106,1
DA:1107,1
DA:1108,1
DA:1109,1
DA:1110,1
DA:1111,1
DA:1112,1
DA:1113,1
DA:1114,1
DA:1115,1
DA:1116,1
DA:1117,1
DA:1118,1
DA:1119,1
DA:1120,1
DA:1121,1
DA:1122,1
DA:1123,1
DA:1124,1
DA:1125,1
DA:1126,1
DA:1127,1
DA:1128,1
DA:1129,1
DA:1130,1
DA:1131,1
DA:1132,1
DA:1133,1
DA:1134,1
DA:1135,1
DA:1136,1
DA:1137,1
DA:1138,1
DA:1139,1
DA:1140,1
DA:1141,1
DA:1142,1
DA:1143,1
DA:1144,1
DA:1145,1
DA:1146,1
DA:1147,1
DA:1148,1
DA:1149,1
DA:1150,1
DA:1151,1
DA:1152,1
DA:1153,1
DA:1154,1
DA:1155,1
DA:1156,1
DA:1157,1
DA:1158,1
DA:1159,1
DA:1160,1
DA:1161,1
DA:1162,1
DA:1163,1
DA:1164,1
DA:1165,1
DA:1166,1
DA:1167,1
DA:1168,1
DA:1169,1
DA:1170,1
DA:1171,1
DA:1172,1
DA:1173,1
DA:1174,1
DA:1175,1
DA:1176,1
DA:1177,1
DA:1178,1
DA:1179,1
DA:1180,1
DA:1181,1
DA:1182,1
DA:1183,1
DA:1184,1
DA:1185,1
DA:1186,1
DA:1187,1
DA:1188,1
DA:1189,1
DA:1190,1
DA:1191,1
DA:1192,1
DA:1193,1
DA:1194,1
DA:1195,1
DA:1196,1
DA:1197,1
DA:1198,1
DA:1199,1
DA:1200,1
DA:1201,1
DA:1202,1
DA:1203,1
DA:1204,1
DA:1205,1
DA:1206,1
DA:1207,1
DA:1208,1
DA:1209,1
DA:1210,1
DA:1211,1
DA:1212,1
DA:1213,1
DA:1214,1
DA:1215,1
DA:1216,1
DA:1217,1
DA:1218,1
DA:1219,1
DA:1220,1
DA:1221,1
DA:1222,1
DA:1223,1
DA:1224,1
DA:1225,1
DA:1226,1
DA:1227,1
DA:1228,1
DA:1229,1
DA:1230,1
DA:1231,1
DA:1232,1
DA:1233,1
DA:1234,1
DA:1235,1
DA:1236,1
DA:1237,1
DA:1238,1
DA:1239,1
DA:1240,1
DA:1241,1
DA:1242,1
DA:1243,1
DA:1244,1
DA:1245,1
DA:1246,1
DA:1247,1
DA:1248,1
DA:1249,1
DA:1250,1
DA:1251,1
DA:1252,1
DA:1253,1
DA:1254,1
DA:1255,1
DA:1256,1
DA:1257,1
DA:1258,1
DA:1259,1
DA:1260,1
DA:1261,1
DA:1262,1
DA:1263,1
DA:1264,1
DA:1265,1
DA:1266,1
DA:1267,1
DA:1268,1
DA:1269,1
DA:1270,1
DA:1271,1
DA:1272,1
DA:1273,1
DA:1274,1
DA:1275,1
DA:1276,1
DA:1277,1
DA:1278,1
DA:1279,1
DA:1280,1
DA:1281,1
DA:1282,1
DA:1283,1
DA:1284,1
DA:1285,1
DA:1286,1
DA:1287,1
DA:1288,1
DA:1289,1
DA:1290,1
DA:1291,1
DA:1292,1
DA:1293,1
DA:1294,1
DA:1295,1
DA:1296,1
DA:1297,1
DA:1298,1
DA:1299,1
DA:1300,1
DA:1301,1
DA:1302,1
DA:1303,1
DA:1304,1
DA:1305,1
DA:1306,1
DA:1307,1
DA:1308,1
DA:1309,1
DA:1310,1
DA:1311,1
DA:1312,1
DA:1313,1
DA:1314,1
DA:1315,1
DA:1316,1
DA:1317,1
DA:1318,1
DA:1319,1
DA:1320,1
DA:1321,1
DA:1322,1
DA:1323,1
DA:1324,1
DA:1325,1
DA:1326,1
DA:1327,1
DA:1328,1
DA:1329,1
DA:1330,1
DA:1331,1
DA:1332,1
DA:1333,1
DA:1334,1
DA:1335,1
DA:1336,1
DA:1337,1
DA:1338,1
DA:1339,1
DA:1340,1
DA:1341,1
DA:1342,1
DA:1343,1
DA:1344,1
DA:1345,1
DA:1346,1
DA:1347,1
DA:1348,1
DA:1349,1
DA:1350,1
DA:1351,1
DA:1352,1
DA:1353,1
DA:1354,1
DA:1355,1
DA:1356,1
DA:1357,1
DA:1358,1
DA:1359,1
DA:1360,1
DA:1361,1
DA:1362,1
DA:1363,1
DA:1364,1
DA:1365,1
DA:1366,1
DA:1367,1
DA:1368,1
DA:1369,1
DA:1370,1
DA:1371,1
DA:1372,1
DA:1373,1
DA:1374,1
DA:1375,1
DA:1376,1
DA:1377,1
DA:1378,1
DA:1379,1
DA:1380,1
DA:1381,1
DA:1382,1
DA:1383,1
DA:1384,1
DA:1385,1
DA:1386,1
DA:1387,1
DA:1388,1
DA:1389,1
DA:1390,1
DA:1391,1
DA:1392,1
DA:1393,1
DA:1394,1
DA:1395,1
DA:1396,1
DA:1397,1
DA:1398,1
DA:1399,1
DA:1400,1
DA:1401,1
DA:1402,1
DA:1403,1
DA:1404,1
DA:1405,1
DA:1406,1
DA:1407,1
DA:1408,1
DA:1409,1
DA:1410,1
DA:1411,1
DA:1412,1
DA:1413,1
DA:1414,1
DA:1415,1
DA:1416,1
DA:1417,1
DA:1418,1
DA:1419,1
DA:1420,1
DA:1421,1
DA:1422,1
DA:1423,1
DA:1424,1
DA:1425,1
DA:1426,1
DA:1427,1
DA:1428,1
DA:1429,1
DA:1430,1
DA:1431,1
DA:1432,1
DA:1433,1
DA:1434,1
DA:1435,1
DA:1436,1
DA:1437,1
DA:1438,1
DA:1439,1
DA:1440,1
DA:1441,1
DA:1442,1
DA:1443,1
DA:1444,1
DA:1445,1
DA:1446,1
DA:1447,1
DA:1448,1
DA:1449,1
DA:1450,1
DA:1451,1
DA:1452,1
DA:1453,1
DA:1454,1
DA:1455,1
DA:1456,1
DA:1457,1
DA:1458,1
DA:1459,1
DA:1460,1
DA:1461,1
DA:1462,1
DA:1463,1
DA:1464,1
DA:1465,1
DA:1466,1
DA:1467,1
DA:1468,1
DA:1469,1
DA:1470,1
DA:1471,1
DA:1472,1
DA:1473,1
DA:1474,1
DA:1475,1
DA:1476,1
DA:1477,1
DA:1478,1
DA:1479,1
DA:1480,1
DA:1481,1
DA:1482,1
DA:1483,1
DA:1484,1
DA:1485,1
DA:1486,1
DA:1487,1
DA:1488,1
DA:1489,1
DA:1490,1
DA:1491,1
DA:1492,1
DA:1493,1
DA:1494,1
DA:1495,1
DA:1496,1
DA:1497,1
DA:1498,1
DA:1499,1
DA:1500,1
DA:1501,1
DA:1502,1
DA:1503,1
DA:1504,1
DA:1505,1
DA:1506,1
DA:1507,1
DA:1508,1
DA:1509,1
DA:1510,1
DA:1511,1
DA:1512,1
DA:1513,1
DA:1514,1
DA:1515,1
DA:1516,1
DA:1517,1
DA:1518,1
DA:1519,1
DA:1520,1
DA:1521,1
DA:1522,1
DA:1523,1
DA:1524,1
DA:1525,1
DA:1526,1
DA:1527,1
DA:1528,1
DA:1529,1
DA:1530,1
DA:1531,1
DA:1532,1
DA:1533,1
DA:1534,1
DA:1535,1
DA:1536,1
DA:1537,1
DA:1538,1
DA:1539,1
DA:1540,1
DA:1541,1
DA:1542,1
DA:1543,1
DA:1544,1
DA:1545,1
DA:1546,1
DA:1547,1
DA:1548,1
DA:1549,1
DA:1550,1
DA:1551,1
DA:1552,1
DA:1553,1
DA:1554,1
DA:1555,1
DA:1556,1
DA:1557,1
DA:1558,1
DA:1559,1
DA:1560,1
DA:1561,1
DA:1562,1
DA:1563,1
DA:1564,1
DA:1565,1
DA:1566,1
DA:1567,1
DA:1568,1
DA:1569,1
DA:1570,1
DA:1571,1
DA:1572,1
DA:1573,1
DA:1574,1
DA:1575,1
DA:1576,1
DA:1577,1
DA:1578,1
DA:1579,1
DA:1580,1
DA:1581,1
DA:1582,1
DA:1583,1
DA:1584,1
DA:1585,1
DA:1586,1
DA:1587,1
DA:1588,1
DA:1589,1
DA:1590,1
DA:1591,1
DA:1592,1
DA:1593,1
DA:1594,1
DA:1595,1
DA:1596,1
DA:1597,1
DA:1598,1
DA:1599,1
DA:1600,1
DA:1601,1
DA:1602,1
DA:1603,1
DA:1604,1
DA:1605,1
DA:1606,1
DA:1607,1
DA:1608,1
DA:1609,1
DA:1610,1
DA:1611,1
DA:1612,1
DA:1613,1
DA:1614,1
DA:1615,1
DA:1616,1
DA:1617,1
DA:1618,1
DA:1619,1
DA:1620,1
DA:1621,1
DA:1622,1
DA:1623,1
DA:1624,1
DA:1625,1
DA:1626,1
DA:1627,1
DA:1628,1
DA:1629,1
DA:1630,1
DA:1631,1
DA:1632,1
DA:1633,1
DA:1634,1
DA:1635,1
DA:1636,1
DA:1637,1
DA:1638,1
DA:1639,1
DA:1640,1
DA:1641,1
DA:1642,1
DA:1643,1
DA:1644,1
DA:1645,1
DA:1646,1
DA:1647,1
DA:1648,1
DA:1649,1
DA:1650,1
DA:1651,1
DA:1652,1
DA:1653,1
DA:1654,1
DA:1655,1
DA:1656,1
DA:1657,1
DA:1658,1
DA:1659,1
DA:1660,1
DA:1661,1
DA:1662,1
DA:1663,1
DA:1664,1
DA:1665,1
DA:1666,1
DA:1667,1
DA:1668,1
DA:1669,1
DA:1670,1
DA:1671,1
DA:1672,1
DA:1673,1
DA:1674,1
DA:1675,1
DA:1676,1
DA:1677,1
DA:1678,1
DA:1679,1
DA:1680,1
DA:1681,1
DA:1682,1
DA:1683,1
DA:1684,1
DA:1685,1
DA:1686,1
DA:1687,1
DA:1688,1
DA:1689,1
DA:1690,1
DA:1691,1
DA:1692,1
DA:1693,1
DA:1694,1
DA:1695,1
DA:1696,1
DA:1697,1
DA:1698,1
DA:1699,1
DA:1700,1
DA:1701,1
DA:1702,1
DA:1703,1
DA:1704,1
DA:1705,1
DA:1706,1
DA:1707,1
DA:1708,1
DA:1709,1
DA:1710,1
DA:1711,1
DA:1712,1
DA:1713,1
DA:1714,1
DA:1715,1
DA:1716,1
DA:1717,1
DA:1718,1
DA:1719,1
DA:1720,1
DA:1721,1
DA:1722,1
DA:1723,1
DA:1724,1
DA:1725,1
DA:1726,1
DA:1727,1
DA:1728,1
DA:1729,1
DA:1730,1
DA:1731,1
DA:1732,1
DA:1733,1
DA:1734,1
DA:1735,1
DA:1736,1
DA:1737,1
DA:1738,1
DA:1739,1
DA:1740,1
DA:1741,1
DA:1742,1
DA:1743,1
DA:1744,1
DA:1745,1
DA:1746,1
DA:1747,1
DA:1748,1
DA:1749,1
DA:1750,1
DA:1751,1
DA:1752,1
DA:1753,1
DA:1754,1
DA:1755,1
DA:1756,1
DA:1757,1
DA:1758,1
DA:1759,1
DA:1760,1
DA:1761,1
DA:1762,1
DA:1763,1
DA:1764,1
DA:1765,1
DA:1766,1
DA:1767,1
DA:1768,1
DA:1769,1
DA:1770,1
DA:1771,1
DA:1772,1
DA:1773,1
DA:1774,1
DA:1775,1
DA:1776,1
DA:1777,1
DA:1778,1
DA:1779,1
DA:1780,1
DA:1781,1
DA:1782,1
DA:1783,1
DA:1784,1
DA:1785,1
DA:1786,1
DA:1787,1
DA:1788,1
DA:1789,1
DA:1790,1
DA:1791,1
DA:1792,1
DA:1793,1
DA:1794,1
DA:1795,1
DA:1796,1
DA:1797,1
DA:1798,1
DA:1799,1
DA:1800,1
DA:1801,1
DA:1802,1
DA:1803,1
DA:1804,1
DA:1805,1
DA:1806,1
DA:1807,1
DA:1808,1
DA:1809,1
DA:1810,1
DA:1811,1
DA:1812,1
DA:1813,1
DA:1814,1
DA:1815,1
DA:1816,1
DA:1817,1
DA:1818,1
DA:1819,1
DA:1820,1
DA:1821,1
DA:1822,1
DA:1823,1
DA:1824,1
DA:1825,1
DA:1826,1
DA:1827,1
DA:1828,1
DA:1829,1
DA:1830,1
DA:1831,1
DA:1832,1
DA:1833,1
DA:1834,1
DA:1835,1
DA:1836,1
DA:1837,1
DA:1838,1
DA:1839,1
DA:1840,1
DA:1841,1
DA:1842,1
DA:1843,1
DA:1844,1
DA:1845,1
DA:1846,1
DA:1847,1
DA:1848,1
DA:1849,1
DA:1850,1
DA:1851,1
DA:1852,1
DA:1853,1
DA:1854,1
DA:1855,1
DA:1856,1
DA:1857,1
DA:1858,1
DA:1859,1
DA:1860,1
DA:1861,1
DA:1862,1
DA:1863,1
DA:1864,1
DA:1865,1
DA:1866,1
DA:1867,1
DA:1868,1
DA:1869,1
DA:1870,1
DA:1871,1
DA:1872,1
DA:1873,1
DA:1874,1
DA:1875,1
DA:1876,1
DA:1877,1
DA:1878,1
DA:1879,1
DA:1880,1
DA:1881,1
DA:1882,1
DA:1883,1
DA:1884,1
DA:1885,1
DA:1886,1
DA:1887,1
DA:1888,1
DA:1889,1
DA:1890,1
DA:1891,1
DA:1892,1
DA:1893,1
DA:1894,1
DA:1895,1
DA:1896,1
DA:1897,1
DA:1898,1
DA:1899,1
DA:1900,1
DA:1901,1
DA:1902,1
DA:1903,1
DA:1904,1
DA:1905,1
DA:1906,1
DA:1907,1
DA:1908,1
DA:1909,1
DA:1910,1
DA:1911,1
DA:1912,1
DA:1913,1
DA:1914,1
DA:1915,1
DA:1916,1
DA:1917,1
DA:1918,1
DA:1919,1
DA:1920,1
DA:1921,1
DA:1922,1
DA:1923,1
DA:1924,1
DA:1925,1
DA:1926,1
DA:1927,1
DA:1928,1
DA:1929,1
DA:1930,1
DA:1931,1
DA:1932,1
DA:1933,1
DA:1934,1
DA:1935,1
DA:1936,1
DA:1937,1
DA:1938,1
DA:1939,1
DA:1940,1
DA:1941,1
DA:1942,1
DA:1943,1
DA:1944,1
DA:1945,1
DA:1946,1
DA:1947,1
DA:1948,1
DA:1949,1
DA:1950,1
DA:1951,1
DA:1952,1
DA:1953,1
DA:1954,1
DA:1955,1
DA:1956,1
DA:1957,1
DA:1958,1
DA:1959,1
DA:1960,1
DA:1961,1
DA:1962,1
DA:1963,1
DA:1964,1
DA:1965,1
DA:1966,1
DA:1967,1
DA:1968,1
DA:1969,1
DA:1970,1
DA:1971,1
DA:1972,1
DA:1973,1
DA:1974,1
DA:1975,1
DA:1976,1
DA:1977,1
DA:1978,1
DA:1979,1
DA:1980,1
DA:1981,1
DA:1982,1
DA:1983,1
DA:1984,1
DA:1985,1
DA:1986,1
DA:1987,1
DA:1988,1
DA:1989,1
DA:1990,1
DA:1991,1
DA:1992,1
DA:1993,1
DA:1994,1
DA:1995,1
DA:1996,1
DA:1997,1
DA:1998,1
DA:1999,1
DA:2000,1
DA:2001,1
DA:2002,1
DA:2003,1
DA:2004,1
DA:2005,1
DA:2006,1
DA:2007,1
DA:2008,1
DA:2009,1
DA:2010,1
DA:2011,1
DA:2012,1
DA:2013,1
DA:2014,1
DA:2015,1
DA:2016,1
DA:2017,1
DA:2018,1
DA:2019,1
DA:2020,1
DA:2021,1
DA:2022,1
DA:2023,1
DA:2024,1
DA:2025,1
DA:2026,1
DA:2027,1
DA:2028,1
DA:2029,1
DA:2030,1
DA:2031,1
DA:2032,1
DA:2033,1
DA:2034,1
DA:2035,1
DA:2036,1
DA:2037,1
DA:2038,1
DA:2039,1
DA:2040,1
DA:2041,1
DA:2042,1
DA:2043,1
DA:2044,1
DA:2045,1
DA:2046,1
DA:2047,1
DA:2048,1
DA:2049,1
DA:2050,1
DA:2051,1
DA:2052,1
DA:2053,1
DA:2054,1
DA:2055,1
DA:2056,1
DA:2057,1
DA:2058,1
DA:2059,1
DA:2060,1
DA:2061,1
DA:2062,1
DA:2063,1
DA:2064,1
DA:2065,1
DA:2066,1
DA:2067,1
DA:2068,1
DA:2069,1
DA:2070,1
DA:2071,1
DA:2072,1
DA:2073,1
DA:2074,1
DA:2075,1
DA:2076,1
DA:2077,1
DA:2078,1
DA:2079,1
DA:2080,1
DA:2081,1
DA:2082,1
DA:2083,1
DA:2084,1
DA:2085,1
DA:2086,1
DA:2087,1
DA:2088,1
DA:2089,1
DA:2090,1
DA:2091,1
DA:2092,1
DA:2093,1
DA:2094,1
DA:2095,1
DA:2096,1
DA:2097,1
DA:2098,1
DA:2099,1
DA:2100,1
DA:2101,1
DA:2102,1
DA:2103,1
DA:2104,1
DA:2105,1
DA:2106,1
DA:2107,1
DA:2108,1
DA:2109,1
DA:2110,1
DA:2111,1
DA:2112,1
DA:2113,1
DA:2114,1
DA:2115,1
DA:2116,1
DA:2117,1
DA:2118,1
DA:2119,1
DA:2120,1
DA:2121,1
DA:2122,1
DA:2123,1
DA:2124,1
DA:2125,1
DA:2126,1
DA:2127,1
DA:2128,1
DA:2129,1
DA:2130,1
DA:2131,1
DA:2132,1
DA:2133,1
DA:2134,1
DA:2135,1
DA:2136,1
DA:2137,1
DA:2138,1
DA:2139,1
DA:2140,1
DA:2141,1
DA:2142,1
DA:2143,1
DA:2144,1
DA:2145,1
DA:2146,1
DA:2147,1
DA:2148,1
DA:2149,1
DA:2150,1
DA:2151,1
DA:2152,1
DA:2153,1
DA:2154,1
DA:2155,1
DA:2156,1
DA:2157,1
DA:2158,1
DA:2159,1
DA:2160,1
DA:2161,1
DA:2162,1
DA:2163,1
DA:2164,1
DA:2165,1
DA:2166,1
DA:2167,1
DA:2168,1
DA:2169,1
DA:2170,1
DA:2171,1
DA:2172,1
DA:2173,1
DA:2174,1
DA:2175,1
DA:2176,1
DA:2177,1
DA:2178,1
DA:2179,1
DA:2180,1
DA:2181,1
DA:2182,1
DA:2183,1
DA:2184,1
DA:2185,1
DA:2186,1
DA:2187,1
DA:2188,1
DA:2189,1
DA:2190,1
DA:2191,1
DA:2192,1
DA:2193,1
DA:2194,1
DA:2195,1
DA:2196,1
DA:2197,1
DA:2198,1
DA:2199,1
DA:2200,1
DA:2201,1
DA:2202,1
DA:2203,1
DA:2204,1
DA:2205,1
DA:2206,1
DA:2207,1
DA:2208,1
DA:2209,1
DA:2210,1
DA:2211,1
DA:2212,1
DA:2213,1
DA:2214,1
DA:2215,1
DA:2216,1
DA:2217,1
DA:2218,1
DA:2219,1
DA:2220,1
DA:2221,1
DA:2222,1
DA:2223,1
DA:2224,1
DA:2225,1
DA:2226,1
DA:2227,1
DA:2228,1
DA:2229,1
DA:2230,1
DA:2231,1
DA:2232,1
DA:2233,1
DA:2234,1
DA:2235,1
DA:2236,1
DA:2237,1
DA:2238,1
DA:2239,1
DA:2240,1
DA:2241,1
DA:2242,1
DA:2243,1
DA:2244,1
DA:2245,1
DA:2246,1
DA:2247,1
DA:2248,1
DA:2249,1
DA:2250,1
DA:2251,1
DA:2252,1
DA:2253,1
DA:2254,1
DA:2255,1
DA:2256,1
DA:2257,1
DA:2258,1
DA:2259,1
DA:2260,1
DA:2261,1
DA:2262,1
DA:2263,1
DA:2264,1
DA:2265,1
DA:2266,1
DA:2267,1
DA:2268,1
DA:2269,1
DA:2270,1
DA:2271,1
DA:2272,1
DA:2273,1
DA:2274,1
DA:2275,1
DA:2276,1
DA:2277,1
DA:2278,1
DA:2279,1
DA:2280,1
DA:2281,1
DA:2282,1
DA:2283,1
DA:2284,1
DA:2285,1
DA:2286,1
DA:2287,1
DA:2288,1
DA:2289,1
DA:2290,1
DA:2291,1
DA:2292,1
DA:2293,1
DA:2294,1
DA:2295,1
DA:2296,1
DA:2297,1
DA:2298,1
DA:2299,1
DA:2300,1
DA:2301,1
DA:2302,1
DA:2303,1
DA:2304,1
DA:2305,1
DA:2306,1
DA:2307,1
DA:2308,1
DA:2309,1
DA:2310,1
DA:2311,1
DA:2312,1
DA:2313,1
DA:2314,1
DA:2315,1
DA:2316,1
DA:2317,1
DA:2318,1
DA:2319,1
DA:2320,1
DA:2321,1
DA:2322,1
DA:2323,1
DA:2324,1
DA:2325,1
DA:2326,1
DA:2327,1
DA:2328,1
DA:2329,1
DA:2330,1
DA:2331,1
DA:2332,1
DA:2333,1
DA:2334,1
DA:2335,1
DA:2336,1
DA:2337,1
DA:2338,1
DA:2339,1
DA:2340,1
DA:2341,1
DA:2342,1
DA:2343,1
DA:2344,1
DA:2345,1
DA:2346,1
DA:2347,1
DA:2348,1
DA:2349,1
DA:2350,1
DA:2351,1
DA:2352,1
DA:2353,1
DA:2354,1
DA:2355,1
DA:2356,1
DA:2357,1
DA:2358,1
DA:2359,1
DA:2360,1
DA:2361,1
DA:2362,1
DA:2363,1
DA:2364,1
DA:2365,1
DA:2366,1
DA:2367,1
DA:2368,1
DA:2369,1
DA:2370,1
DA:2371,1
DA:2372,1
DA:2373,1
DA:2374,1
DA:2375,1
DA:2376,1
DA:2377,1
DA:2378,1
DA:2379,1
DA:2380,1
DA:2381,1
DA:2382,1
DA:2383,1
DA:2384,1
DA:2385,1
DA:2386,1
DA:2387,1
DA:2388,1
DA:2389,1
DA:2390,1
DA:2391,1
DA:2392,1
DA:2393,1
DA:2394,1
DA:2395,1
DA:2396,1
DA:2397,1
DA:2398,1
DA:2399,1
DA:2400,1
DA:2401,1
DA:2402,1
DA:2403,1
DA:2404,1
DA:2405,1
DA:2406,1
DA:2407,1
DA:2408,1
DA:2409,1
DA:2410,1
DA:2411,1
DA:2412,1
DA:2413,1
DA:2414,1
DA:2415,1
DA:2416,1
DA:2417,1
DA:2418,1
DA:2419,1
DA:2420,1
DA:2421,1
DA:2422,1
DA:2423,1
DA:2424,1
DA:2425,1
DA:2426,1
DA:2427,1
DA:2428,1
DA:2429,1
DA:2430,1
DA:2431,1
DA:2432,1
DA:2433,1
DA:2434,1
DA:2435,1
DA:2436,1
DA:2437,1
DA:2438,1
DA:2439,1
DA:2440,1
DA:2441,1
DA:2442,1
DA:2443,1
DA:2444,1
DA:2445,1
DA:2446,1
DA:2447,1
DA:2448,1
DA:2449,1
DA:2450,1
DA:2451,1
DA:2452,1
DA:2453,1
DA:2454,1
DA:2455,1
DA:2456,1
DA:2457,1
DA:2458,1
DA:2459,1
DA:2460,1
DA:2461,1
DA:2462,1
DA:2463,1
DA:2464,1
DA:2465,1
DA:2466,1
DA:2467,1
DA:2468,1
DA:2469,1
DA:2470,1
DA:2471,1
DA:2472,1
DA:2473,1
DA:2474,1
DA:2475,1
DA:2476,1
DA:2477,1
DA:2478,1
DA:2479,1
DA:2480,1
DA:2481,1
DA:2482,1
DA:2483,1
DA:2484,1
DA:2485,1
DA:2486,1
DA:2487,1
DA:2488,1
DA:2489,1
DA:2490,1
DA:2491,1
DA:2492,1
DA:2493,1
DA:2494,1
DA:2495,1
DA:2496,1
DA:2497,1
DA:2498,1
DA:2499,1
DA:2500,1
DA:2501,1
DA:2502,1
DA:2503,1
DA:2504,1
DA:2505,1
DA:2506,1
DA:2507,1
DA:2508,1
DA:2509,1
DA:2510,1
DA:2511,1
DA:2512,1
DA:2513,1
DA:2514,1
DA:2515,1
DA:2516,1
DA:2517,1
DA:2518,1
DA:2519,1
DA:2520,1
DA:2521,1
DA:2522,1
DA:2523,1
DA:2524,1
DA:2525,1
DA:2526,1
DA:2527,1
DA:2528,1
DA:2529,1
DA:2530,1
DA:2531,1
DA:2532,1
DA:2533,1
DA:2534,1
DA:2535,1
DA:2536,1
DA:2537,1
DA:2538,1
DA:2539,1
DA:2540,1
DA:2541,1
DA:2542,1
DA:2543,1
DA:2544,1
DA:2545,1
DA:2546,1
DA:2547,1
DA:2548,1
DA:2549,1
DA:2550,1
DA:2551,1
DA:2552,1
DA:2553,1
DA:2554,1
DA:2555,1
DA:2556,1
DA:2557,1
DA:2558,1
DA:2559,1
DA:2560,1
DA:2561,1
DA:2562,1
DA:2563,1
DA:2564,1
DA:2565,1
DA:2566,1
DA:2567,1
DA:2568,1
DA:2569,1
DA:2570,1
DA:2571,1
DA:2572,1
DA:2573,1
DA:2574,1
DA:2575,1
DA:2576,1
DA:2577,1
DA:2578,1
DA:2579,1
DA:2580,1
DA:2581,1
DA:2582,1
DA:2583,1
DA:2584,1
DA:2585,1
DA:2586,1
DA:2587,1
DA:2588,1
DA:2589,1
DA:2590,1
DA:2591,1
DA:2592,1
DA:2593,1
DA:2594,1
DA:2595,1
DA:2596,1
DA:2597,1
DA:2598,1
DA:2599,1
DA:2600,1
DA:2601,1
DA:2602,1
DA:2603,1
DA:2604,1
DA:2605,1
DA:2606,1
DA:2607,1
DA:2608,1
DA:2609,1
DA:2610,1
DA:2611,1
DA:2612,1
DA:2613,1
DA:2614,1
DA:2615,1
DA:2616,1
DA:2617,1
DA:2618,1
DA:2619,1
DA:2620,1
DA:2621,1
DA:2622,1
DA:2623,1
DA:2624,1
DA:2625,1
DA:2626,1
DA:2627,1
DA:2628,1
DA:2629,1
DA:2630,1
DA:2631,1
DA:2632,1
DA:2633,1
DA:2634,1
DA:2635,1
DA:2636,1
DA:2637,1
DA:2638,1
DA:2639,1
DA:2640,1
DA:2641,1
DA:2642,1
DA:2643,1
DA:2644,1
DA:2645,1
DA:2646,1
DA:2647,1
DA:2648,1
DA:2649,1
DA:2650,1
DA:2651,1
DA:2652,1
DA:2653,1
DA:2654,1
DA:2655,1
DA:2656,1
DA:2657,1
DA:2658,1
DA:2659,1
DA:2660,1
DA:2661,1
DA:2662,1
DA:2663,1
DA:2664,1
DA:2665,1
DA:2666,1
DA:2667,1
DA:2668,1
DA:2669,1
DA:2670,1
DA:2671,1
DA:2672,1
DA:2673,1
DA:2674,1
DA:2675,1
DA:2676,1
DA:2677,1
DA:2678,1
DA:2679,1
DA:2680,1
DA:2681,1
DA:2682,1
DA:2683,1
DA:2684,1
DA:2685,1
DA:2686,1
DA:2687,1
DA:2688,1
DA:2689,1
DA:2690,1
DA:2691,1
DA:2692,1
DA:2693,1
DA:2694,1
DA:2695,1
DA:2696,1
DA:2697,1
DA:2698,1
DA:2699,1
DA:2700,1
DA:2701,1
DA:2702,1
DA:2703,1
DA:2704,1
DA:2705,1
DA:2706,1
DA:2707,1
DA:2708,1
DA:2709,1
DA:2710,1
DA:2711,1
DA:2712,1
DA:2713,1
DA:2714,1
DA:2715,1
DA:2716,1
DA:2717,1
DA:2718,1
DA:2719,1
DA:2720,1
DA:2721,1
DA:2722,1
DA:2723,1
DA:2724,1
DA:2725,1
DA:2726,1
DA:2727,1
DA:2728,1
DA:2729,1
DA:2730,1
DA:2731,1
DA:2732,1
DA:2733,1
DA:2734,1
DA:2735,1
DA:2736,1
DA:2737,1
DA:2738,1
DA:2739,1
DA:2740,1
DA:2741,1
DA:2742,1
DA:2743,1
DA:2744,1
DA:2745,1
DA:2746,1
DA:2747,1
DA:2748,1
[...]
DA:4635,1
DA:4636,1
DA:4637,1
DA:4638,1
DA:4639,1
DA:4640,1
DA:4641,1
DA:4642,1
DA:4643,1
DA:4644,1
DA:4645,1
DA:4646,1
DA:4647,1
DA:4648,1
DA:4649,1
DA:4650,1
DA:4651,1
DA:4652,1
DA:4653,1
DA:4654,1
DA:4655,1
DA:4656,1
DA:4657,1
DA:4658,1
DA:4659,1
DA:4660,1
DA:4661,1
DA:4662,1
DA:4663,1
DA:4664,1
DA:4665,1
DA:4666,1
DA:4667,1
DA:4668,1
DA:4669,1
DA:4670,1
DA:4671,1
DA:4672,1
DA:4673,1
DA:4674,1
DA:4675,1
DA:4676,1
DA:4677,1
DA:4678,1
DA:4679,1
DA:4680,1
DA:4681,1
DA:4682,1
DA:4683,1
DA:4684,1
DA:4685,1
DA:4686,1
DA:4687,1
DA:4688,1
DA:4689,1
DA:4690,1
DA:4691,1
DA:4692,1
DA:4693,1
DA:4694,1
DA:4695,1
DA:4696,1
DA:4697,1
DA:4698,1
DA:4699,1
DA:4700,1
DA:4701,1
DA:4702,1
DA:4703,1
DA:4704,1
DA:4705,1
DA:4706,1
DA:4707,1
DA:4708,1
DA:4709,1
DA:4710,1
DA:4711,1
DA:4712,1
DA:4713,1
DA:4714,1
DA:4715,1
DA:4716,1
DA:4717,1
DA:4718,1
DA:4719,1
DA:4720,1
DA:4721,1
DA:4722,1
DA:4723,1
DA:4724,1
DA:4725,1
DA:4726,1
DA:4727,1
DA:4728,1
DA:4729,1
DA:4730,1
DA:4731,1
DA:4732,1
DA:4733,1
DA:4734,1
DA:4735,1
DA:4736,1
DA:4737,1
DA:4738,1
DA:4739,1
DA:4740,1
DA:4741,1
DA:4742,1
DA:4743,1
DA:4744,1
DA:4745,1
DA:4746,1
DA:4747,1
DA:4748,1
DA:4749,1
DA:4750,1
DA:4751,1
DA:4752,1
DA:4753,1
DA:4754,1
DA:4755,1
DA:4756,1
DA:4757,1
DA:4758,1
DA:4759,1
DA:4760,1
DA:4761,1
DA:4762,1
DA:4763,1
DA:4764,1
DA:4765,1
DA:4766,1
DA:4767,1
DA:4768,1
DA:4769,1
DA:4770,1
DA:4771,1
DA:4772,1
DA:4773,1
DA:4774,1
DA:4775,1
DA:4776,1
DA:4777,1
DA:4778,1
DA:4779,1
DA:4780,1
DA:4781,1
DA:4782,1
DA:4783,1
DA:4784,1
DA:4785,1
DA:4786,1
DA:4787,1
DA:4788,1
DA:4789,1
DA:4790,1
DA:4791,1
DA:4792,1
DA:4793,1
DA:4794,1
DA:4795,1
DA:4796,1
DA:4797,1
DA:4798,1
DA:4799,1
DA:4800,1
DA:4801,1
DA:4802,1
DA:4803,1
DA:4804,1
DA:4805,1
DA:4806,1
DA:4807,1
DA:4808,1
DA:4809,1
DA:4810,1
DA:4811,1
DA:4812,1
DA:4813,1
DA:4814,1
DA:4815,1
DA:4816,1
DA:4817,1
DA:4818,1
DA:4819,1
DA:4820,1
DA:4821,1
DA:4822,1
DA:4823,1
DA:4824,1
DA:4825,1
DA:4826,1
DA:4827,1
DA:4828,1
DA:4829,1
DA:4830,1
DA:4831,1
DA:4832,1
DA:4833,1
DA:4834,1
DA:4835,1
DA:4836,1
DA:4837,1
DA:4838,1
DA:4839,1
DA:4840,1
DA:4841,1
DA:4842,1
DA:4843,1
DA:4844,1
DA:4845,1
DA:4846,1
DA:4847,1
DA:4848,1
DA:4849,1
DA:4850,1
DA:4851,1
DA:4852,1
DA:4853,1
DA:4854,1
DA:4855,1
DA:4856,1
DA:4857,1
DA:4858,1
DA:4859,1
DA:4860,1
DA:4861,1
DA:4862,1
DA:4863,1
DA:4864,1
DA:4865,1
DA:4866,1
DA:4867,1
DA:4868,1
DA:4869,1
DA:4870,1
DA:4871,1
DA:4872,1
DA:4873,1
DA:4874,1
DA:4875,1
DA:4876,1
DA:4877,1
DA:4878,1
DA:4879,1
DA:4880,1
DA:4881,1
DA:4882,1
DA:4883,1
DA:4884,1
DA:4885,1
DA:4886,1
DA:4887,1
DA:4888,1
DA:4889,1
DA:4890,1
DA:4891,1
DA:4892,1
DA:4893,1
DA:4894,1
DA:4895,1
DA:4896,1
DA:4897,1
DA:4898,1
DA:4899,1
DA:4900,1
DA:4901,1
DA:4902,1
DA:4903,1
DA:4904,1
DA:4905,1
DA:4906,1
DA:4907,1
DA:4908,1
DA:4909,1
DA:4910,1
DA:4911,1
DA:4912,1
DA:4913,1
DA:4914,1
DA:4915,1
DA:4916,1
DA:4917,1
DA:4918,1
DA:4919,1
DA:4920,1
DA:4921,1
DA:4922,1
DA:4923,1
DA:4924,1
DA:4925,1
DA:4926,1
DA:4927,1
DA:4928,1
DA:4929,1
DA:4930,1
DA:4931,1
DA:4932,1
DA:4933,1
DA:4934,1
DA:4935,1
DA:4936,1
DA:4937,1
DA:4938,1
DA:4939,1
DA:4940,1
DA:4941,1
DA:4942,1
DA:4943,1
DA:4944,1
DA:4945,1
DA:4946,1
DA:4947,1
DA:4948,1
DA:4949,1
DA:4950,1
DA:4951,1
DA:4952,1
DA:4953,1
DA:4954,1
DA:4955,1
DA:4956,1
DA:4957,1
DA:4958,1
DA:4959,1
DA:4960,1
DA:4961,1
DA:4962,1
DA:4963,1
DA:4964,1
DA:4965,1
DA:4966,1
DA:4967,1
DA:4968,1
DA:4969,1
DA:4970,1
DA:4971,1
DA:4972,1
DA:4973,1
DA:4974,1
DA:4975,1
DA:4976,1
DA:4977,1
DA:4978,1
DA:4979,1
DA:4980,1
DA:4981,1
DA:4982,1
DA:4983,1
DA:4984,1
DA:4985,1
DA:4986,1
DA:4987,1
DA:4988,1
DA:4989,1
DA:4990,1
DA:4991,1
DA:4992,1
DA:4993,1
DA:4994,1
DA:4995,1
DA:4996,1
DA:4997,1
DA:4998,1
DA:4999,1
DA:5000,1
DA:5001,1
DA:5002,1
DA:5003,1
DA:5004,1
DA:5005,1
DA:5006,1
DA:5007,1
DA:5008,1
DA:5009,1
DA:5010,1
DA:5011,1
DA:5012,1
DA:5013,1
DA:5014,1
DA:5015,1
DA:5016,1
DA:5017,1
DA:5018,1
DA:5019,1
DA:5020,1
DA:5021,1
DA:5022,1
DA:5023,1
DA:5024,1
DA:5025,1
DA:5026,1
DA:5027,1
DA:5028,1
DA:5029,1
DA:5030,1
DA:5031,1
DA:5032,1
DA:5033,1
DA:5034,1
DA:5035,1
DA:5036,1
DA:5037,1
DA:5038,1
DA:5039,1
DA:5040,1
DA:5041,1
DA:5042,1
DA:5043,1
DA:5044,1
DA:5045,1
DA:5046,1
DA:5047,1
DA:5048,1
DA:5049,1
DA:5050,1
DA:5051,1
DA:5052,1
DA:5053,1
DA:5054,1
DA:5055,1
DA:5056,1
DA:5057,1
DA:5058,1
DA:5059,1
DA:5060,1
DA:5061,1
DA:5062,1
DA:5063,1
DA:5064,1
DA:5065,1
DA:5066,1
DA:5067,1
DA:5068,1
DA:5069,1
DA:5070,1
DA:5071,1
DA:5072,1
DA:5073,1
DA:5074,1
DA:5075,1
DA:5076,1
DA:5077,1
DA:5078,1
DA:5079,1
DA:5080,1
DA:5081,1
DA:5082,1
DA:5083,1
DA:5084,1
DA:5085,1
DA:5086,1
DA:5087,1
DA:5088,1
DA:5089,1
DA:5090,1
DA:5091,1
DA:5092,1
DA:5093,1
DA:5094,1
DA:5095,1
DA:5096,1
DA:5097,1
DA:5098,1
DA:5099,1
DA:5100,1
DA:5101,1
DA:5102,1
DA:5103,1
DA:5104,1
DA:5105,1
DA:5106,1
DA:5107,1
DA:5108,1
DA:5109,1
DA:5110,1
DA:5111,1
DA:5112,1
DA:5113,1
DA:5114,1
DA:5115,1
DA:5116,1
DA:5117,1
DA:5118,1
DA:5119,1
DA:5120,1
DA:5121,1
DA:5122,1
DA:5123,1
DA:5124,1
DA:5125,1
DA:5126,1
DA:5127,1
DA:5128,1
DA:5129,1
DA:5130,1
DA:5131,1
DA:5132,1
DA:5133,1
DA:5134,1
DA:5135,1
DA:5136,1
DA:5137,1
DA:5138,1
DA:5139,1
DA:5140,1
DA:5141,1
DA:5142,1
DA:5143,1
DA:5144,1
DA:5145,1
DA:5146,1
DA:5147,1
DA:5148,1
DA:5149,1
DA:5150,1
DA:5151,1
DA:5152,1
DA:5153,1
DA:5154,1
DA:5155,1
DA:5156,1
DA:5157,1
DA:5158,1
DA:5159,1
DA:5160,1
DA:5161,1
DA:5162,1
DA:5163,1
DA:5164,1
DA:5165,1
DA:5166,1
DA:5167,1
DA:5168,1
DA:5169,1
DA:5170,1
DA:5171,1
DA:5172,1
DA:5173,1
DA:5174,1
DA:5175,1
DA:5176,1
DA:5177,1
DA:5178,1
DA:5179,1
DA:5180,1
DA:5181,1
DA:5182,1
DA:5183,1
DA:5184,1
DA:5185,1
DA:5186,1
DA:5187,1
DA:5188,1
DA:5189,1
DA:5190,1
DA:5191,1
DA:5192,1
DA:5193,1
DA:5194,1
DA:5195,1
DA:5196,1
DA:5197,1
DA:5198,1
DA:5199,1
DA:5200,1
DA:5201,1
DA:5202,1
DA:5203,1
DA:5204,1
DA:5205,1
DA:5206,1
DA:5207,1
DA:5208,1
DA:5209,1
DA:5210,1
DA:5211,1
DA:5212,1
DA:5213,1
DA:5214,1
DA:5215,1
DA:5216,1
DA:5217,1
DA:5218,1
DA:5219,1
DA:5220,1
DA:5221,1
DA:5222,1
DA:5223,1
DA:5224,1
DA:5225,1
DA:5226,1
DA:5227,1
DA:5228,1
DA:5229,1
DA:5230,1
DA:5231,1
DA:5232,1
DA:5233,1
DA:5234,1
DA:5235,1
DA:5236,1
DA:5237,1
DA:5238,1
DA:5239,1
DA:5240,1
DA:5241,1
DA:5242,1
DA:5243,1
DA:5244,1
DA:5245,1
DA:5246,1
DA:5247,1
DA:5248,1
DA:5249,1
DA:5250,1
DA:5251,1
DA:5252,1
DA:5253,1
DA:5254,1
DA:5255,1
DA:5256,1
DA:5257,1
DA:5258,1
DA:5259,1
DA:5260,1
DA:5261,1
DA:5262,1
DA:5263,1
DA:5264,1
DA:5265,1
DA:5266,1
DA:5267,1
DA:5268,1
DA:5269,1
DA:5270,1
DA:5271,1
DA:5272,1
DA:5273,1
DA:5274,1
DA:5275,1
DA:5276,1
DA:5277,1
DA:5278,1
DA:5279,1
DA:5280,1
DA:5281,1
DA:5282,1
DA:5283,1
DA:5284,1
DA:5285,1
DA:5286,1
DA:5287,1
DA:5288,1
DA:5289,1
DA:5290,1
DA:5291,1
DA:5292,1
DA:5293,1
DA:5294,1
DA:5295,1
DA:5296,1
DA:5297,1
DA:5298,1
DA:5299,1
DA:5300,1
DA:5301,1
DA:5302,1
DA:5303,1
DA:5304,1
DA:5305,1
DA:5306,1
DA:5307,1
DA:5308,1
DA:5309,1
DA:5310,1
DA:5311,1
DA:5312,1
DA:5313,1
DA:5314,1
DA:5315,1
DA:5316,1
DA:5317,1
DA:5318,1
DA:5319,1
DA:5320,1
DA:5321,1
DA:5322,1
DA:5323,1
DA:5324,1
DA:5325,1
DA:5326,1
DA:5327,1
DA:5328,1
DA:5329,1
DA:5330,1
DA:5331,1
DA:5332,1
DA:5333,1
DA:5334,1
DA:5335,1
DA:5336,1
DA:5337,1
DA:5338,1
DA:5339,1
DA:5340,1
DA:5341,1
DA:5342,1
DA:5343,1
DA:5344,1
DA:5345,1
DA:5346,1
DA:5347,1
DA:5348,1
DA:5349,1
DA:5350,1
DA:5351,1
DA:5352,1
DA:5353,1
DA:5354,1
DA:5355,1
DA:5356,1
DA:5357,1
DA:5358,1
DA:5359,1
DA:5360,1
DA:5361,1
DA:5362,1
DA:5363,1
DA:5364,1
DA:5365,1
DA:5366,1
DA:5367,1
DA:5368,1
DA:5369,1
DA:5370,1
DA:5371,1
DA:5372,1
DA:5373,1
DA:5374,1
DA:5375,1
DA:5376,1
DA:5377,1
DA:5378,1
DA:5379,1
DA:5380,1
DA:5381,1
DA:5382,1
DA:5383,1
DA:5384,1
DA:5385,1
DA:5386,1
DA:5387,1
DA:5388,1
DA:5389,1
DA:5390,1
DA:5391,1
DA:5392,1
DA:5393,1
DA:5394,1
DA:5395,1
DA:5396,1
DA:5397,1
DA:5398,1
DA:5399,1
DA:5400,1
DA:5401,1
DA:5402,1
DA:5403,1
DA:5404,1
DA:5405,1
DA:5406,1
DA:5407,1
DA:5408,1
DA:5409,1
DA:5410,1
DA:5411,1
DA:5412,1
DA:5413,1
DA:5414,1
DA:5415,1
DA:5416,1
DA:5417,1
DA:5418,1
DA:5419,1
DA:5420,1
DA:5421,1
DA:5422,1
DA:5423,1
DA:5424,1
DA:5425,1
DA:5426,1
DA:5427,1
DA:5428,1
DA:5429,1
DA:5430,1
DA:5431,1
DA:5432,1
DA:5433,1
DA:5434,1
DA:5435,1
DA:5436,1
DA:5437,1
DA:5438,1
DA:5439,1
DA:5440,1
DA:5441,1
DA:5442,1
DA:5443,1
DA:5444,1
DA:5445,1
DA:5446,1
DA:5447,1
DA:5448,1
DA:5449,1
DA:5450,1
DA:5451,1
DA:5452,1
DA:5453,1
DA:5454,1
DA:5455,1
DA:5456,1
DA:5457,1
DA:5458,1
DA:5459,1
DA:5460,1
DA:5461,1
DA:5462,1
DA:5463,1
DA:5464,1
DA:5465,1
DA:5466,1
DA:5467,1
DA:5468,1
DA:5469,1
DA:5470,1
DA:5471,1
DA:5472,1
DA:5473,1
DA:5474,1
DA:5475,1
DA:5476,1
DA:5477,1
DA:5478,1
DA:5479,1
DA:5480,1
DA:5481,1
DA:5482,1
DA:5483,1
DA:5484,1
DA:5485,1
DA:5486,1
DA:5487,1
DA:5488,1
DA:5489,1
DA:5490,1
DA:5491,1
DA:5492,1
DA:5493,1
DA:5494,1
DA:5495,1
DA:5496,1
DA:5497,1
DA:5498,1
DA:5499,1
DA:5500,1
DA:5501,1
DA:5502,1
DA:5503,1
DA:5504,1
DA:5505,1
DA:5506,1
DA:5507,1
DA:5508,1
DA:5509,1
DA:5510,1
DA:5511,1
DA:5512,1
DA:5513,1
DA:5514,1
DA:5515,1
DA:5516,1
DA:5517,1
DA:5518,1
DA:5519,1
DA:5520,1
DA:5521,1
DA:5522,1
DA:5523,1
DA:5524,1
DA:5525,1
DA:5526,1
DA:5527,1
DA:5528,1
DA:5529,1
DA:5530,1
DA:5531,1
DA:5532,1
DA:5533,1
DA:5534,1
DA:5535,1
DA:5536,1
DA:5537,1
DA:5538,1
DA:5539,1
DA:5540,1
DA:5541,1
DA:5542,1
DA:5543,1
DA:5544,1
DA:5545,1
DA:5546,1
DA:5547,1
DA:5548,1
DA:5549,1
DA:5550,1
DA:5551,1
DA:5552,1
DA:5553,1
DA:5554,1
DA:5555,1
DA:5556,1
DA:5557,1
DA:5558,1
DA:5559,1
DA:5560,1
DA:5561,1
DA:5562,1
DA:5563,1
DA:5564,1
DA:5565,1
DA:5566,1
DA:5567,1
DA:5568,1
DA:5569,1
DA:5570,1
DA:5571,1
DA:5572,1
DA:5573,1
DA:5574,1
DA:5575,1
DA:5576,1
DA:5577,1
DA:5578,1
DA:5579,1
DA:5580,1
DA:5581,1
DA:5582,1
DA:5583,1
DA:5584,1
DA:5585,1
DA:5586,1
DA:5587,1
DA:5588,1
DA:5589,1
DA:5590,1
DA:5591,1
DA:5592,1
DA:5593,1
DA:5594,1
DA:5595,1
DA:5596,1
DA:5597,1
DA:5598,1
DA:5599,1
DA:5600,1
DA:5601,1
DA:5602,1
DA:5603,1
DA:5604,1
DA:5605,1
DA:5606,1
DA:5607,1
DA:5608,1
DA:5609,1
DA:5610,1
DA:5611,1
DA:5612,1
DA:5613,1
DA:5614,1
DA:5615,1
DA:5616,1
DA:5617,1
DA:5618,1
DA:5619,1
DA:5620,1
DA:5621,1
DA:5622,1
DA:5623,1
DA:5624,1
DA:5625,1
DA:5626,1
DA:5627,1
DA:5628,1
DA:5629,1
DA:5630,1
DA:5631,1
DA:5632,1
DA:5633,1
DA:5634,1
DA:5635,1
DA:5636,1
DA:5637,1
DA:5638,1
DA:5639,1
DA:5640,1
DA:5641,1
DA:5642,1
DA:5643,1
DA:5644,1
DA:5645,1
DA:5646,1
DA:5647,1
DA:5648,1
DA:5649,1
DA:5650,1
DA:5651,1
DA:5652,1
DA:5653,1
DA:5654,1
DA:5655,1
DA:5656,1
DA:5657,1
DA:5658,1
DA:5659,1
DA:5660,1
DA:5661,1
DA:5662,1
DA:5663,1
DA:5664,1
DA:5665,1
DA:5666,1
DA:5667,1
DA:5668,1
DA:5669,1
DA:5670,1
DA:5671,1
DA:5672,1
DA:5673,1
DA:5674,1
DA:5675,1
DA:5676,1
DA:5677,1
DA:5678,1
DA:5679,1
DA:5680,1
DA:5681,1
DA:5682,1
DA:5683,1
DA:5684,1
DA:5685,1
DA:5686,1
DA:5687,1
DA:5688,1
DA:5689,1
DA:5690,1
DA:5691,1
DA:5692,1
DA:5693,1
DA:5694,1
DA:5695,1
DA:5696,1
DA:5697,1
DA:5698,1
DA:5699,1
DA:5700,1
DA:5701,1
DA:5702,1
DA:5703,1
DA:5704,1
DA:5705,1
DA:5706,1
DA:5707,1
DA:5708,1
DA:5709,1
DA:5710,1
DA:5711,1
DA:5712,1
DA:5713,1
DA:5714,1
DA:5715,1
DA:5716,1
DA:5717,1
DA:5718,1
DA:5719,1
DA:5720,1
DA:5721,1
DA:5722,1
DA:5723,1
DA:5724,1
DA:5725,1
DA:5726,1
DA:5727,1
DA:5728,1
DA:5729,1
DA:5730,1
DA:5731,1
DA:5732,1
DA:5733,1
DA:5734,1
DA:5735,1
DA:5736,1
DA:5737,1
DA:5738,1
DA:5739,1
DA:5740,1
DA:5741,1
DA:5742,1
DA:5743,1
DA:5744,1
DA:5745,1
DA:5746,1
DA:5747,1
DA:5748,1
DA:5749,1
DA:5750,1
DA:5751,1
DA:5752,1
DA:5753,1
DA:5754,1
DA:5755,1
DA:5756,1
DA:5757,1
DA:5758,1
DA:5759,1
DA:5760,1
DA:5761,1
DA:5762,1
DA:5763,1
DA:5764,1
DA:5765,1
DA:5766,1
DA:5767,1
DA:5768,1
DA:5769,1
DA:5770,1
DA:5771,1
DA:5772,1
DA:5773,1
DA:5774,1
DA:5775,1
DA:5776,1
DA:5777,1
DA:5778,1
DA:5779,1
DA:5780,1
DA:5781,1
DA:5782,1
DA:5783,1
DA:5784,1
DA:5785,1
DA:5786,1
DA:5787,1
DA:5788,1
DA:5789,1
DA:5790,1
DA:5791,1
DA:5792,1
DA:5793,1
DA:5794,1
DA:5795,1
DA:5796,1
DA:5797,1
DA:5798,1
DA:5799,1
DA:5800,1
DA:5801,1
DA:5802,1
DA:5803,1
DA:5804,1
DA:5805,1
DA:5806,1
DA:5807,1
DA:5808,1
DA:5809,1
DA:5810,1
DA:5811,1
DA:5812,1
DA:5813,1
DA:5814,1
DA:5815,1
DA:5816,1
DA:5817,1
DA:5818,1
DA:5819,1
DA:5820,1
DA:5821,1
DA:5822,1
DA:5823,1
DA:5824,1
DA:5825,1
DA:5826,1
DA:5827,1
DA:5828,1
DA:5829,1
DA:5830,1
DA:5831,1
DA:5832,1
DA:5833,1
DA:5834,1
DA:5835,1
DA:5836,1
DA:5837,1
DA:5838,1
DA:5839,1
DA:5840,1
DA:5841,1
DA:5842,1
DA:5843,1
DA:5844,1
DA:5845,1
DA:5846,1
DA:5847,1
DA:5848,1
DA:5849,1
DA:5850,1
DA:5851,1
DA:5852,1
DA:5853,1
DA:5854,1
DA:5855,1
DA:5856,1
DA:5857,1
DA:5858,1
DA:5859,1
DA:5860,1
DA:5861,1
DA:5862,1
DA:5863,1
DA:5864,1
DA:5865,1
DA:5866,1
DA:5867,1
DA:5868,1
DA:5869,1
DA:5870,1
DA:5871,1
DA:5872,1
DA:5873,1
DA:5874,1
DA:5875,1
DA:5876,1
DA:5877,1
DA:5878,1
DA:5879,1
DA:5880,1
DA:5881,1
DA:5882,1
DA:5883,1
DA:5884,1
DA:5885,1
DA:5886,1
DA:5887,1
DA:5888,1
DA:5889,1
DA:5890,1
DA:5891,1
DA:5892,1
DA:5893,1
DA:5894,1
DA:5895,1
DA:5896,1
DA:5897,1
DA:5898,1
DA:5899,1
DA:5900,1
DA:5901,1
DA:5902,1
DA:5903,1
DA:5904,1
DA:5905,1
DA:5906,1
DA:5907,1
DA:5908,1
DA:5909,1
DA:5910,1
DA:5911,1
DA:5912,1
DA:5913,1
DA:5914,1
DA:5915,1
DA:5916,1
DA:5917,1
DA:5918,1
DA:5919,1
DA:5920,1
DA:5921,1
DA:5922,1
DA:5923,1
DA:5924,1
DA:5925,1
DA:5926,1
DA:5927,1
DA:5928,1
DA:5929,1
DA:5930,1
DA:5931,1
DA:5932,1
DA:5933,1
DA:5934,1
DA:5935,1
DA:5936,1
DA:5937,1
DA:5938,1
DA:5939,1
DA:5940,1
DA:5941,1
DA:5942,1
DA:5943,1
DA:5944,1
DA:5945,1
DA:5946,1
DA:5947,1
DA:5948,1
DA:5949,1
DA:5950,1
DA:5951,1
DA:5952,1
DA:5953,1
DA:5954,1
DA:5955,1
DA:5956,1
DA:5957,1
DA:5958,1
DA:5959,1
DA:5960,1
DA:5961,1
DA:5962,1
DA:5963,1
DA:5964,1
DA:5965,1
DA:5966,1
DA:5967,1
DA:5968,1
DA:5969,1
DA:5970,1
DA:5971,1
DA:5972,1
DA:5973,1
DA:5974,1
DA:5975,1
DA:5976,1
DA:5977,1
DA:5978,1
DA:5979,1
DA:5980,1
DA:5981,1
DA:5982,1
DA:5983,1
DA:5984,1
DA:5985,1
DA:5986,1
DA:5987,1
DA:5988,1
DA:5989,1
DA:5990,1
DA:5991,1
DA:5992,1
DA:5993,1
DA:5994,1
DA:5995,1
DA:5996,1
DA:5997,1
DA:5998,1
DA:5999,1
DA:6000,1
DA:6001,1
DA:6002,1
DA:6003,1
DA:6004,1
DA:6005,1
DA:6006,1
DA:6007,1
DA:6008,1
DA:6009,1
DA:6010,1
DA:6011,1
DA:6012,1
DA:6013,1
DA:6014,1
DA:6015,1
DA:6016,1
DA:6017,1
DA:6018,1
DA:6019,1
DA:6020,1
DA:6021,1
DA:6022,1
DA:6023,1
DA:6024,1
DA:6025,1
DA:6026,1
DA:6027,1
DA:6028,1
DA:6029,1
DA:6030,1
DA:6031,1
DA:6032,1
DA:6033,1
DA:6034,1
DA:6035,1
DA:6036,1
DA:6037,1
DA:6038,1
DA:6039,1
DA:6040,1
DA:6041,1
DA:6042,1
DA:6043,1
DA:6044,1
DA:6045,1
DA:6046,1
DA:6047,1
DA:6048,1
DA:6049,1
DA:6050,1
DA:6051,1
DA:6052,1
DA:6053,1
DA:6054,1
DA:6055,1
DA:6056,1
DA:6057,1
DA:6058,1
DA:6059,1
DA:6060,1
DA:6061,1
DA:6062,1
DA:6063,1
DA:6064,1
DA:6065,1
DA:6066,1
DA:6067,1
DA:6068,1
DA:6069,1
DA:6070,1
DA:6071,1
DA:6072,1
DA:6073,1
DA:6074,1
DA:6075,1
DA:6076,1
DA:6077,1
DA:6078,1
DA:6079,1
DA:6080,1
DA:6081,1
DA:6082,1
DA:6083,1
DA:6084,1
DA:6085,1
DA:6086,1
DA:6087,1
DA:6088,1
DA:6089,1
DA:6090,1
DA:6091,1
DA:6092,1
DA:6093,1
DA:6094,1
DA:6095,1
DA:6096,1
DA:6097,1
DA:6098,1
DA:6099,1
DA:6100,1
DA:6101,1
DA:6102,1
DA:6103,1
DA:6104,1
DA:6105,1
DA:6106,1
DA:6107,1
DA:6108,1
DA:6109,1
DA:6110,1
DA:6111,1
DA:6112,1
DA:6113,1
DA:6114,1
DA:6115,1
DA:6116,1
DA:6117,1
DA:6118,1
DA:6119,1
DA:6120,1
DA:6121,1
DA:6122,1
DA:6123,1
DA:6124,1
DA:6125,1
DA:6126,1
DA:6127,1
DA:6128,1
DA:6129,1
DA:6130,1
DA:6131,1
DA:6132,1
DA:6133,1
DA:6134,1
DA:6135,1
DA:6136,1
DA:6137,1
DA:6138,1
DA:6139,1
DA:6140,1
DA:6141,1
DA:6142,1
DA:6143,1
DA:6144,1
DA:6145,1
DA:6146,1
DA:6147,1
DA:6148,1
DA:6149,1
DA:6150,1
DA:6151,1
DA:6152,1
DA:6153,1
DA:6154,1
DA:6155,1
DA:6156,1
DA:6157,1
DA:6158,1
DA:6159,1
DA:6160,1
DA:6161,1
DA:6162,1
DA:6163,1
DA:6164,1
DA:6165,1
DA:6166,1
DA:6167,1
DA:6168,1
DA:6169,1
DA:6170,1
DA:6171,1
DA:6172,1
DA:6173,1
DA:6174,1
DA:6175,1
DA:6176,1
DA:6177,1
DA:6178,1
DA:6179,1
DA:6180,1
DA:6181,1
DA:6182,1
DA:6183,1
DA:6184,1
DA:6185,1
DA:6186,1
DA:6187,1
DA:6188,1
DA:6189,1
DA:6190,1
DA:6191,1
DA:6192,1
DA:6193,1
DA:6194,1
DA:6195,1
DA:6196,1
DA:6197,1
DA:6198,1
DA:6199,1
DA:6200,1
DA:6201,1
DA:6202,1
DA:6203,1
DA:6204,1
DA:6205,1
DA:6206,1
DA:6207,1
DA:6208,1
DA:6209,1
DA:6210,1
DA:6211,1
DA:6212,1
DA:6213,1
DA:6214,1
DA:6215,1
DA:6216,1
DA:6217,1
DA:6218,1
DA:6219,1
DA:6220,1
DA:6221,1
DA:6222,1
DA:6223,1
DA:6224,1
DA:6225,1
DA:6226,1
DA:6227,1
DA:6228,1
DA:6229,1
DA:6230,1
DA:6231,1
DA:6232,1
DA:6233,1
DA:6234,1
DA:6235,1
DA:6236,1
DA:6237,1
DA:6238,1
DA:6239,1
DA:6240,1
DA:6241,1
DA:6242,1
DA:6243,1
DA:6244,1
DA:6245,1
DA:6246,1
DA:6247,1
DA:6248,1
DA:6249,1
DA:6250,1
DA:6251,1
DA:6252,1
DA:6253,1
DA:6254,1
DA:6255,1
DA:6256,1
DA:6257,1
DA:6258,1
DA:6259,1
DA:6260,1
DA:6261,1
DA:6262,1
DA:6263,1
DA:6264,1
DA:6265,1
DA:6266,1
DA:6267,1
DA:6268,1
DA:6269,1
DA:6270,1
DA:6271,1
DA:6272,1
DA:6273,1
DA:6274,1
DA:6275,1
DA:6276,1
DA:6277,1
DA:6278,1
DA:6279,1
DA:6280,1
DA:6281,1
DA:6282,1
DA:6283,1
DA:6284,1
DA:6285,1
DA:6286,1
DA:6287,1
DA:6288,1
DA:6289,1
DA:6290,1
DA:6291,1
DA:6292,1
DA:6293,1
DA:6294,1
DA:6295,1
DA:6296,1
DA:6297,1
DA:6298,1
DA:6299,1
DA:6300,1
DA:6301,1
DA:6302,1
DA:6303,1
DA:6304,1
DA:6305,1
DA:6306,1
DA:6307,1
DA:6308,1
DA:6309,1
DA:6310,1
DA:6311,1
DA:6312,1
DA:6313,1
DA:6314,1
DA:6315,1
DA:6316,1
DA:6317,1
DA:6318,1
DA:6319,1
DA:6320,1
DA:6321,1
DA:6322,1
DA:6323,1
DA:6324,1
DA:6325,1
DA:6326,1
DA:6327,1
DA:6328,1
DA:6329,1
DA:6330,1
DA:6331,1
DA:6332,1
DA:6333,1
DA:6334,1
DA:6335,1
DA:6336,1
DA:6337,1
DA:6338,1
DA:6339,1
DA:6340,1
DA:6341,1
DA:6342,1
DA:6343,1
DA:6344,1
DA:6345,1
DA:6346,1
DA:6347,1
DA:6348,1
DA:6349,1
DA:6350,1
DA:6351,1
DA:6352,1
DA:6353,1
DA:6354,1
DA:6355,1
DA:6356,1
DA:6357,1
DA:6358,1
DA:6359,1
DA:6360,1
DA:6361,1
DA:6362,1
DA:6363,1
DA:6364,1
DA:6365,1
DA:6366,1
DA:6367,1
DA:6368,1
DA:6369,1
DA:6370,1
DA:6371,1
DA:6372,1
DA:6373,1
DA:6374,1
DA:6375,1
DA:6376,1
DA:6377,1
DA:6378,1
DA:6379,1
DA:6380,1
DA:6381,1
DA:6382,1
DA:6383,1
DA:6384,1
DA:6385,1
DA:6386,1
DA:6387,1
DA:6388,1
DA:6389,1
DA:6390,1
DA:6391,1
DA:6392,1
DA:6393,1
DA:6394,1
DA:6395,1
DA:6396,1
DA:6397,1
DA:6398,1
DA:6399,1
DA:6400,1
DA:6401,1
DA:6402,1
DA:6403,1
DA:6404,1
DA:6405,1
DA:6406,1
DA:6407,1
DA:6408,1
DA:6409,1
DA:6410,1
DA:6411,1
DA:6412,1
DA:6413,1
DA:6414,1
DA:6415,1
DA:6416,1
DA:6417,1
DA:6418,1
DA:6419,1
DA:6420,1
DA:6421,1
DA:6422,1
DA:6423,1
DA:6424,1
DA:6425,1
DA:6426,1
DA:6427,1
DA:6428,1
DA:6429,1
DA:6430,1
DA:6431,1
DA:6432,1
DA:6433,1
DA:6434,1
DA:6435,1
DA:6436,1
DA:6437,1
DA:6438,1
DA:6439,1
DA:6440,1
DA:6441,1
DA:6442,1
DA:6443,1
DA:6444,1
DA:6445,1
DA:6446,1
DA:6447,1
DA:6448,1
DA:6449,1
DA:6450,1
DA:6451,1
DA:6452,1
DA:6453,1
DA:6454,1
DA:6455,1
DA:6456,1
DA:6457,1
DA:6458,1
DA:6459,1
DA:6460,1
DA:6461,1
DA:6462,1
DA:6463,1
DA:6464,1
DA:6465,1
DA:6466,1
DA:6467,1
DA:6468,1
DA:6469,1
DA:6470,1
DA:6471,1
DA:6472,1
DA:6473,1
DA:6474,1
DA:6475,1
DA:6476,1
DA:6477,1
DA:6478,1
DA:6479,1
DA:6480,1
DA:6481,1
DA:6482,1
DA:6483,1
DA:6484,1
DA:6485,1
DA:6486,1
DA:6487,1
DA:6488,1
DA:6489,1
DA:6490,1
DA:6491,1
DA:6492,1
DA:6493,1
DA:6494,1
DA:6495,1
DA:6496,1
DA:6497,1
DA:6498,1
DA:6499,1
DA:6500,1
DA:6501,1
DA:6502,1
DA:6503,1
DA:6504,1
DA:6505,1
DA:6506,1
DA:6507,1
DA:6508,1
DA:6509,1
DA:6510,1
DA:6511,1
DA:6512,1
DA:6513,1
DA:6514,1
DA:6515,1
DA:6516,1
DA:6517,1
DA:6518,1
DA:6519,1
DA:6520,1
DA:6521,1
DA:6522,1
DA:6523,1
DA:6524,1
DA:6525,1
DA:6526,1
DA:6527,1
DA:6528,1
DA:6529,1
DA:6530,1
DA:6531,1
DA:6532,1
DA:6533,1
DA:6534,1
DA:6535,1
DA:6536,1
DA:6537,1
DA:6538,1
DA:6539,1
DA:6540,1
DA:6541,1
DA:6542,1
DA:6543,1
DA:6544,1
DA:6545,1
DA:6546,1
DA:6547,1
DA:6548,1
DA:6549,1
DA:6550,1
DA:6551,1
DA:6552,1
DA:6553,1
DA:6554,1
DA:6555,1
DA:6556,1
DA:6557,1
DA:6558,1
DA:6559,1
DA:6560,1
DA:6561,1
DA:6562,1
DA:6563,1
DA:6564,1
DA:6565,1
DA:6566,1
DA:6567,1
DA:6568,1
DA:6569,1
DA:6570,1
DA:6571,1
DA:6572,1
DA:6573,1
DA:6574,1
DA:6575,1
DA:6576,1
DA:6577,1
DA:6578,1
DA:6579,1
DA:6580,1
DA:6581,1
DA:6582,1
DA:6583,1
DA:6584,1
DA:6585,1
DA:6586,1
DA:6587,1
DA:6588,1
DA:6589,1
DA:6590,1
DA:6591,1
DA:6592,1
DA:6593,1
DA:6594,1
DA:6595,1
DA:6596,28
DA:6597,28
DA:6598,200
DA:6599,200
DA:6600,200
DA:6601,200
DA:6602,28
DA:6603,28
DA:6604,1
DA:6605,1
DA:6637,1
DA:6638,1
DA:6639,1
DA:6640,1
DA:6641,1
DA:6642,1
DA:6643,1
DA:6644,200
DA:6645,200
DA:6646,200
DA:6647,200
DA:6648,200
DA:6649,200
DA:6650,200
DA:6651,200
DA:6652,200
DA:6653,200
DA:6654,200
DA:6655,200
DA:6656,200
DA:6672,200
LH:6672
LF:6672
end_of_record
