TN:
SF:/home/essam/Documents/projects/nodecpp-rational/include/rational.h
FN:28,_ZN3esm12bad_rationalC2Ev
FN:29,_ZN3esm12bad_rationalC2EPKc
FN:70,_ZNK3esm8rationalIlE9numeratorEv
FN:70,_ZNK3esm8rationalIiE9numeratorEv
FN:71,_ZNK3esm8rationalIlE11denominatorEv
FN:71,_ZNK3esm8rationalIiE11denominatorEv
FN:176,_ZN3esm8rationalIiEC2Ev
FN:179,_ZN3esm8rationalIiEC2Ei
FN:182,_ZN3esm8rationalIlEC2Ell
FN:182,_ZN3esm8rationalIiEC2Eii
FN:188,_ZN3esm8rationalIiEC2IlEERKNS0_IT_EE
FN:204,_ZN3esm8rationalIlE9inner_gcdEllRKl
FN:204,_ZN3esm8rationalIiE9inner_gcdEiiRKi
FN:209,_ZN3esm8rationalIlE9inner_absElRKl
FN:209,_ZN3esm8rationalIiE9inner_absEiRKi
FN:214,_ZN3esm8rationalIiE13is_normalizedEiiRKiS3_
FN:223,_ZN3esm8rationalIlE9normalizeEv
FN:223,_ZN3esm8rationalIiE9normalizeEv
FN:251,_ZNK3esm8rationalIlE14test_invariantEv
FN:251,_ZNK3esm8rationalIiE14test_invariantEv
FN:259,_ZN3esm8rationalIiEaSERKi
FN:264,_ZN3esm8rationalIiE6assignERKiS3_
FN:270,_ZN3esm8rationalIiEpLERKS1_
FN:287,_ZN3esm8rationalIiEmIERKS1_
FN:304,_ZN3esm8rationalIiEmLERKS1_
FN:318,_ZN3esm8rationalIiEdVERKS1_
FN:347,_ZN3esm8rationalIiEpLERKi
FN:353,_ZN3esm8rationalIiEmIERKi
FN:359,_ZN3esm8rationalIiEmLERKi
FN:367,_ZN3esm8rationalIiEdVERKi
FN:387,_ZN3esm8rationalIiEppEv
FN:393,_ZN3esm8rationalIiEmmEv
FN:399,_ZN3esm8rationalIiEppEi
FN:406,_ZN3esm8rationalIiEmmEi
FN:414,_ZNK3esm8rationalIiEntEv
FN:420,_ZNK3esm8rationalIiEcvbEv
FN:426,_ZNK3esm8rationalIiEltERKS1_
FN:484,_ZNK3esm8rationalIiEeqERKS1_
FN:489,_ZNK3esm8rationalIiEneERKS1_
FN:495,_ZNK3esm8rationalIiEltERKi
FN:507,_ZNK3esm8rationalIiEgtERKi
FN:512,_ZNK3esm8rationalIiEeqERKi
FN:523,_ZN3esmpsIiEENS_8rationalIT_EERKS3_
FN:528,_ZN3esmngIiEENS_8rationalIT_EERKS3_
FN:534,_ZN3esmplIiEENS_8rationalIT_EERKS3_S5_
FN:541,_ZN3esmplIiEENS_8rationalIT_EERKS3_RKS2_
FN:548,_ZN3esmplIiEENS_8rationalIT_EERKS2_RKS3_
FN:555,_ZN3esmmiIiEENS_8rationalIT_EERKS3_S5_
FN:562,_ZN3esmmiIiEENS_8rationalIT_EERKS3_RKS2_
FN:569,_ZN3esmmiIiEENS_8rationalIT_EERKS2_RKS3_
FN:576,_ZN3esmmlIiEENS_8rationalIT_EERKS3_S5_
FN:583,_ZN3esmmlIiEENS_8rationalIT_EERKS3_RKS2_
FN:590,_ZN3esmmlIiEENS_8rationalIT_EERKS2_RKS3_
FN:597,_ZN3esmdvIiEENS_8rationalIT_EERKS3_S5_
FN:604,_ZN3esmdvIiEENS_8rationalIT_EERKS3_RKS2_
FN:611,_ZN3esmdvIiEENS_8rationalIT_EERKS2_RKS3_
FN:619,_ZN3esm3absIiEENS_8rationalIT_EERKS3_
FN:681,_ZN3esm13rational_castIdiEET_RKNS_8rationalIT0_EE
FNDA:23,_ZNK3esm8rationalIiEeqERKS1_
FNDA:2,_ZN3esmplIiEENS_8rationalIT_EERKS3_S5_
FNDA:1,_ZN3esmmlIiEENS_8rationalIT_EERKS3_S5_
FNDA:8,_ZN3esmngIiEENS_8rationalIT_EERKS3_
FNDA:3,_ZN3esm8rationalIiEpLERKS1_
FNDA:21,_ZN3esm8rationalIiE6assignERKiS3_
FNDA:4,_ZNK3esm8rationalIiEltERKi
FNDA:1,_ZN3esm13rational_castIdiEET_RKNS_8rationalIT0_EE
FNDA:56,_ZN3esm8rationalIiEC2Eii
FNDA:22,_ZN3esm8rationalIiEC2Ei
FNDA:2,_ZN3esm8rationalIiEmLERKS1_
FNDA:2,_ZN3esm3absIiEENS_8rationalIT_EERKS3_
FNDA:1,_ZN3esmplIiEENS_8rationalIT_EERKS3_RKS2_
FNDA:2,_ZNK3esm8rationalIiEgtERKi
FNDA:0,_ZN3esm12bad_rationalC2EPKc
FNDA:17,_ZN3esm8rationalIiEC2Ev
FNDA:3,_ZN3esmdvIiEENS_8rationalIT_EERKS2_RKS3_
FNDA:336,_ZN3esm8rationalIiE9inner_gcdEiiRKi
FNDA:2,_ZNK3esm8rationalIiEntEv
FNDA:1,_ZN3esm8rationalIiE13is_normalizedEiiRKiS3_
FNDA:2,_ZN3esmdvIiEENS_8rationalIT_EERKS3_RKS2_
FNDA:72,_ZNK3esm8rationalIiE9numeratorEv
FNDA:5,_ZN3esm8rationalIiEdVERKi
FNDA:56,_ZN3esm8rationalIiE9normalizeEv
FNDA:1,_ZN3esmmlIiEENS_8rationalIT_EERKS3_RKS2_
FNDA:1,_ZN3esm8rationalIlEC2Ell
FNDA:1,_ZNK3esm8rationalIiEcvbEv
FNDA:2,_ZNK3esm8rationalIiEneERKS1_
FNDA:50,_ZNK3esm8rationalIiE14test_invariantEv
FNDA:1,_ZN3esm8rationalIiEmmEi
FNDA:1,_ZN3esm8rationalIiEppEi
FNDA:1,_ZNK3esm8rationalIlE14test_invariantEv
FNDA:2,_ZN3esm8rationalIiEmIERKS1_
FNDA:68,_ZNK3esm8rationalIiE11denominatorEv
FNDA:20,_ZN3esm8rationalIiEaSERKi
FNDA:3,_ZN3esm8rationalIiEpLERKi
FNDA:3,_ZN3esmdvIiEENS_8rationalIT_EERKS3_S5_
FNDA:1,_ZN3esmmiIiEENS_8rationalIT_EERKS3_RKS2_
FNDA:6,_ZN3esm8rationalIiEmLERKi
FNDA:2,_ZNK3esm8rationalIlE11denominatorEv
FNDA:3,_ZN3esm8rationalIiEmIERKi
FNDA:3,_ZN3esm12bad_rationalC2Ev
FNDA:10,_ZN3esm8rationalIiEdVERKS1_
FNDA:1,_ZN3esm8rationalIlE9normalizeEv
FNDA:1,_ZN3esmmiIiEENS_8rationalIT_EERKS2_RKS3_
FNDA:130,_ZN3esm8rationalIiE9inner_absEiRKi
FNDA:1,_ZN3esm8rationalIiEC2IlEERKNS0_IT_EE
FNDA:2,_ZN3esm8rationalIlE9inner_absElRKl
FNDA:1,_ZN3esmplIiEENS_8rationalIT_EERKS2_RKS3_
FNDA:2,_ZNK3esm8rationalIiEltERKS1_
FNDA:2,_ZNK3esm8rationalIlE9numeratorEv
FNDA:4,_ZN3esmpsIiEENS_8rationalIT_EERKS3_
FNDA:6,_ZN3esm8rationalIlE9inner_gcdEllRKl
FNDA:9,_ZNK3esm8rationalIiEeqERKi
FNDA:4,_ZN3esmmlIiEENS_8rationalIT_EERKS2_RKS3_
FNDA:2,_ZN3esm8rationalIiEmmEv
FNDA:2,_ZN3esm8rationalIiEppEv
FNDA:1,_ZN3esmmiIiEENS_8rationalIT_EERKS3_S5_
FNF:58
FNH:57
DA:28,3
DA:29,0
DA:40,0
DA:43,0
DA:46,0
DA:70,74
DA:71,70
DA:176,17
DA:179,22
DA:182,57
DA:183,57
DA:184,56
DA:188,1
DA:189,1
DA:190,1
DA:191,1
DA:194,1
DA:195,1
DA:198,0
DA:200,1
DA:204,342
DA:205,342
DA:209,132
DA:210,132
DA:214,1
DA:216,2
DA:217,2
DA:218,2
DA:223,57
DA:224,57
DA:226,57
DA:228,56
DA:229,5
DA:230,5
DA:233,51
DA:235,51
DA:236,51
DA:238,51
DA:239,0
DA:242,51
DA:243,7
DA:244,7
DA:247,51
DA:251,51
DA:253,102
DA:254,102
DA:259,20
DA:260,20
DA:264,21
DA:265,21
DA:270,3
DA:271,3
DA:272,3
DA:274,3
DA:276,3
DA:277,3
DA:279,3
DA:280,3
DA:281,3
DA:283,3
DA:287,2
DA:288,2
DA:289,2
DA:291,2
DA:293,2
DA:294,2
DA:296,2
DA:297,2
DA:298,2
DA:300,2
DA:304,2
DA:305,2
DA:306,2
DA:308,2
DA:309,2
DA:311,2
DA:312,2
DA:314,2
DA:318,10
DA:319,10
DA:320,10
DA:322,10
DA:324,10
DA:325,1
DA:328,9
DA:329,3
DA:332,6
DA:333,6
DA:335,6
DA:336,6
DA:338,6
DA:339,0
DA:340,0
DA:343,6
DA:347,3
DA:348,3
DA:349,3
DA:353,3
DA:354,3
DA:355,3
DA:359,6
DA:360,6
DA:361,6
DA:362,6
DA:363,6
DA:367,5
DA:368,5
DA:370,5
DA:371,4
DA:373,2
DA:374,2
DA:375,2
DA:377,2
DA:378,0
DA:379,0
DA:382,2
DA:387,2
DA:388,2
DA:389,2
DA:393,2
DA:394,2
DA:395,2
DA:399,1
DA:400,1
DA:401,1
DA:402,1
DA:406,1
DA:407,1
DA:408,1
DA:409,1
DA:414,2
DA:415,2
DA:420,1
DA:421,1
DA:426,2
DA:427,2
DA:429,2
DA:430,2
DA:435,2
DA:436,2
DA:437,2
DA:438,2
DA:439,2
DA:441,2
DA:442,2
DA:443,2
DA:444,2
DA:445,2
DA:448,2
DA:450,2
DA:451,2
DA:454,2
DA:455,2
DA:458,0
DA:460,0
DA:464,0
DA:465,0
DA:466,0
DA:467,0
DA:470,0
DA:471,0
DA:474,0
DA:484,23
DA:485,23
DA:489,2
DA:490,2
DA:495,4
DA:496,4
DA:498,4
DA:499,4
DA:500,4
DA:501,4
DA:503,4
DA:507,2
DA:508,2
DA:512,9
DA:513,9
DA:523,4
DA:524,4
DA:528,8
DA:529,8
DA:534,2
DA:535,2
DA:536,2
DA:537,2
DA:541,1
DA:542,1
DA:543,1
DA:544,1
DA:548,1
DA:549,1
DA:550,1
DA:551,1
DA:555,1
DA:556,1
DA:557,1
DA:558,1
DA:562,1
DA:563,1
DA:564,1
DA:565,1
DA:569,1
DA:570,1
DA:571,1
DA:572,2
DA:576,1
DA:577,1
DA:578,1
DA:579,1
DA:583,1
DA:584,1
DA:585,1
DA:586,1
DA:590,4
DA:591,4
DA:592,4
DA:593,4
DA:597,3
DA:598,3
DA:599,3
DA:600,3
DA:604,2
DA:605,2
DA:606,2
DA:607,2
DA:611,3
DA:612,3
DA:613,3
DA:614,3
DA:619,2
DA:620,2
DA:681,1
DA:683,1
LF:233
LH:214
end_of_record
TN:
SF:/home/essam/Documents/projects/nodecpp-rational/test/rational.test.cpp
FN:43,_Z7_assertbPKc
FN:60,main
FN:78,_Z12loadTestDatav
FN:304,_Z10testRunnerv
FN:326,_Z8makeTestP4Test
FN:358,_Z11verboseExitv
FN:373,_Z5test1v
FN:379,_Z5test2v
FN:391,_Z5test3v
FN:409,_Z5test4v
FN:421,_Z5test5v
FN:429,_Z5test6v
FN:441,_Z5test7v
FN:473,_Z5test8v
FN:489,_Z5test9v
FN:514,_Z6test10v
FN:529,_Z6test11v
FN:554,_Z6test12v
FN:565,_Z6test13v
FN:573,_Z6test14v
FN:591,_Z6test15v
FN:606,_Z6test16v
FN:638,_Z6test17v
FN:646,_Z6test18v
FN:653,_Z6test19v
FN:663,_Z6test20v
FNDA:1,_Z6test12v
FNDA:1,_Z10testRunnerv
FNDA:1,_Z5test4v
FNDA:1,_Z6test15v
FNDA:1,_Z6test19v
FNDA:1,_Z5test6v
FNDA:1,_Z6test20v
FNDA:1,_Z5test5v
FNDA:1,_Z5test1v
FNDA:1,_Z11verboseExitv
FNDA:1,_Z5test2v
FNDA:1,_Z5test8v
FNDA:20,_Z8makeTestP4Test
FNDA:1,main
FNDA:1,_Z6test16v
FNDA:1,_Z6test10v
FNDA:1,_Z5test7v
FNDA:1,_Z6test11v
FNDA:1,_Z5test3v
FNDA:1,_Z12loadTestDatav
FNDA:104,_Z7_assertbPKc
FNDA:1,_Z6test14v
FNDA:1,_Z6test17v
FNDA:1,_Z6test18v
FNDA:1,_Z5test9v
FNDA:1,_Z6test13v
FNF:26
FNH:26
DA:43,104
DA:44,104
DA:45,104
DA:60,1
DA:62,1
DA:63,1
DA:75,1
DA:78,1
DA:80,1
DA:81,1
DA:84,1
DA:86,1
DA:87,1
DA:89,1
DA:92,1
DA:94,1
DA:95,1
DA:96,1
DA:98,1
DA:101,1
DA:103,1
DA:104,1
DA:105,1
DA:107,1
DA:110,1
DA:112,1
DA:113,1
DA:114,1
DA:116,1
DA:119,1
DA:121,1
DA:122,1
DA:123,1
DA:125,1
DA:128,1
DA:130,1
DA:131,1
DA:132,1
DA:134,1
DA:137,1
DA:139,1
DA:140,1
DA:142,1
DA:145,1
DA:147,1
DA:148,1
DA:149,1
DA:151,1
DA:154,1
DA:156,1
DA:157,1
DA:158,1
DA:160,1
DA:163,1
DA:165,1
DA:166,1
DA:167,1
DA:169,1
DA:172,1
DA:174,1
DA:175,1
DA:176,1
DA:178,1
DA:181,1
DA:183,1
DA:184,1
DA:185,1
DA:187,1
DA:190,1
DA:192,1
DA:193,1
DA:195,1
DA:198,1
DA:200,1
DA:201,1
DA:202,1
DA:204,1
DA:207,1
DA:209,1
DA:210,1
DA:211,1
DA:213,1
DA:216,1
DA:218,1
DA:219,1
DA:220,1
DA:222,1
DA:225,1
DA:227,1
DA:228,1
DA:229,1
DA:231,1
DA:234,1
DA:236,1
DA:237,1
DA:239,1
DA:242,1
DA:244,1
DA:245,1
DA:246,1
DA:248,1
DA:251,1
DA:253,1
DA:254,1
DA:255,1
DA:257,1
DA:260,1
DA:262,1
DA:263,1
DA:265,1
DA:268,1
DA:270,1
DA:271,1
DA:272,1
DA:274,1
DA:277,1
DA:279,1
DA:280,1
DA:281,1
DA:283,1
DA:286,1
DA:288,1
DA:289,1
DA:290,1
DA:292,1
DA:295,1
DA:297,1
DA:298,1
DA:299,1
DA:301,1
DA:302,1
DA:304,1
DA:306,1
DA:307,1
DA:309,1
DA:310,6
DA:312,5
DA:313,5
DA:315,5
DA:317,5
DA:318,25
DA:319,20
DA:321,5
DA:323,1
DA:324,1
DA:326,20
DA:328,20
DA:330,20
DA:331,20
DA:333,20
DA:335,20
DA:336,20
DA:338,20
DA:339,0
DA:343,20
DA:344,20
DA:346,20
DA:347,20
DA:349,0
DA:350,0
DA:352,0
DA:353,0
DA:354,0
DA:356,20
DA:358,1
DA:359,1
DA:360,1
DA:361,1
DA:362,1
DA:363,1
DA:364,1
DA:365,1
DA:366,1
DA:367,1
DA:370,1
DA:373,1
DA:374,1
DA:375,1
DA:376,1
DA:379,1
DA:380,1
DA:381,1
DA:383,1
DA:384,1
DA:386,1
DA:387,1
DA:388,1
DA:391,1
DA:392,1
DA:393,1
DA:395,1
DA:396,1
DA:398,1
DA:399,1
DA:401,1
DA:402,1
DA:404,1
DA:405,1
DA:406,1
DA:409,1
DA:411,1
DA:412,0
DA:414,1
DA:415,0
DA:416,0
DA:417,0
DA:418,1
DA:421,1
DA:422,1
DA:424,1
DA:425,1
DA:426,1
DA:429,1
DA:430,1
DA:432,1
DA:433,1
DA:435,1
DA:436,1
DA:437,1
DA:438,1
DA:441,1
DA:442,1
DA:443,1
DA:444,1
DA:446,1
DA:447,1
DA:448,1
DA:450,1
DA:451,1
DA:452,1
DA:454,1
DA:455,1
DA:456,1
DA:458,1
DA:459,1
DA:460,1
DA:462,1
DA:463,1
DA:464,1
DA:466,1
DA:467,1
DA:468,1
DA:470,1
DA:473,1
DA:474,1
DA:475,1
DA:478,1
DA:479,1
DA:480,0
DA:482,1
DA:483,0
DA:484,0
DA:485,0
DA:486,1
DA:489,1
DA:490,1
DA:492,1
DA:493,1
DA:494,1
DA:496,1
DA:497,1
DA:498,1
DA:500,1
DA:501,1
DA:502,1
DA:504,1
DA:505,1
DA:506,1
DA:508,1
DA:509,1
DA:510,1
DA:511,1
DA:514,1
DA:515,1
DA:518,1
DA:519,1
DA:520,0
DA:522,1
DA:523,0
DA:524,0
DA:525,0
DA:526,1
DA:529,1
DA:530,1
DA:532,1
DA:533,1
DA:534,1
DA:535,1
DA:537,1
DA:538,1
DA:539,1
DA:540,1
DA:542,1
DA:543,1
DA:544,1
DA:545,1
DA:547,1
DA:548,1
DA:549,1
DA:550,1
DA:551,1
DA:554,1
DA:555,1
DA:557,1
DA:558,1
DA:560,1
DA:561,1
DA:562,1
DA:565,1
DA:566,1
DA:568,1
DA:569,1
DA:570,1
DA:573,1
DA:574,1
DA:575,1
DA:577,1
DA:578,1
DA:580,1
DA:581,1
DA:583,1
DA:584,1
DA:586,1
DA:587,1
DA:588,1
DA:591,1
DA:592,1
DA:593,1
DA:595,1
DA:596,1
DA:598,1
DA:599,1
DA:601,1
DA:602,1
DA:603,1
DA:606,1
DA:607,1
DA:608,1
DA:609,1
DA:610,1
DA:612,1
DA:613,1
DA:614,1
DA:615,1
DA:616,1
DA:618,1
DA:619,1
DA:620,1
DA:621,1
DA:622,1
DA:624,1
DA:625,1
DA:626,1
DA:627,1
DA:628,1
DA:630,1
DA:631,1
DA:632,1
DA:633,1
DA:634,1
DA:635,1
DA:638,1
DA:639,1
DA:640,1
DA:642,1
DA:643,1
DA:646,1
DA:647,1
DA:649,1
DA:650,1
DA:653,1
DA:655,1
DA:656,1
DA:658,1
DA:659,1
DA:660,1
DA:663,1
DA:664,1
DA:665,1
DA:667,1
DA:668,1
LF:381
LH:363
end_of_record
