TN:
SF:/home/essam/Documents/projects/nodecpp-rational/include/rational.h
FN:29,_ZN3src12bad_rationalC2Ev
FN:32,_ZN3src12bad_rationalC2EPKc
FN:73,_ZNK3src8rationalIiE9numeratorEv
FN:73,_ZNK3src8rationalIlE9numeratorEv
FN:74,_ZNK3src8rationalIiE11denominatorEv
FN:74,_ZNK3src8rationalIlE11denominatorEv
FN:179,_ZN3src8rationalIiEC2Ev
FN:182,_ZN3src8rationalIiEC2Ei
FN:185,_ZN3src8rationalIlEC2Ell
FN:185,_ZN3src8rationalIiEC2Eii
FN:191,_ZN3src8rationalIiEC2IlEERKNS0_IT_EE
FN:207,_ZN3src8rationalIlE9inner_gcdEllRKl
FN:207,_ZN3src8rationalIiE9inner_gcdEiiRKi
FN:212,_ZN3src8rationalIiE9inner_absEiRKi
FN:212,_ZN3src8rationalIlE9inner_absElRKl
FN:217,_ZN3src8rationalIiE13is_normalizedEiiRKiS3_
FN:226,_ZN3src8rationalIlE9normalizeEv
FN:226,_ZN3src8rationalIiE9normalizeEv
FN:254,_ZNK3src8rationalIlE14test_invariantEv
FN:254,_ZNK3src8rationalIiE14test_invariantEv
FN:262,_ZN3src8rationalIiEaSERKi
FN:267,_ZN3src8rationalIiE6assignERKiS3_
FN:273,_ZN3src8rationalIiEpLERKS1_
FN:290,_ZN3src8rationalIiEmIERKS1_
FN:307,_ZN3src8rationalIiEmLERKS1_
FN:321,_ZN3src8rationalIiEdVERKS1_
FN:350,_ZN3src8rationalIiEpLERKi
FN:356,_ZN3src8rationalIiEmIERKi
FN:362,_ZN3src8rationalIiEmLERKi
FN:370,_ZN3src8rationalIiEdVERKi
FN:390,_ZN3src8rationalIiEppEv
FN:396,_ZN3src8rationalIiEmmEv
FN:402,_ZN3src8rationalIiEppEi
FN:409,_ZN3src8rationalIiEmmEi
FN:417,_ZNK3src8rationalIiEntEv
FN:423,_ZNK3src8rationalIiEcvbEv
FN:429,_ZNK3src8rationalIiEltERKS1_
FN:487,_ZNK3src8rationalIiEeqERKS1_
FN:492,_ZNK3src8rationalIiEneERKS1_
FN:498,_ZNK3src8rationalIiEltERKi
FN:510,_ZNK3src8rationalIiEgtERKi
FN:515,_ZNK3src8rationalIiEeqERKi
FN:526,_ZN3srcpsIiEENS_8rationalIT_EERKS3_
FN:531,_ZN3srcngIiEENS_8rationalIT_EERKS3_
FN:537,_ZN3srcplIiEENS_8rationalIT_EERKS3_S5_
FN:544,_ZN3srcplIiEENS_8rationalIT_EERKS3_RKS2_
FN:551,_ZN3srcplIiEENS_8rationalIT_EERKS2_RKS3_
FN:558,_ZN3srcmiIiEENS_8rationalIT_EERKS3_S5_
FN:565,_ZN3srcmiIiEENS_8rationalIT_EERKS3_RKS2_
FN:572,_ZN3srcmiIiEENS_8rationalIT_EERKS2_RKS3_
FN:579,_ZN3srcmlIiEENS_8rationalIT_EERKS3_S5_
FN:586,_ZN3srcmlIiEENS_8rationalIT_EERKS3_RKS2_
FN:593,_ZN3srcmlIiEENS_8rationalIT_EERKS2_RKS3_
FN:600,_ZN3srcdvIiEENS_8rationalIT_EERKS3_S5_
FN:607,_ZN3srcdvIiEENS_8rationalIT_EERKS3_RKS2_
FN:614,_ZN3srcdvIiEENS_8rationalIT_EERKS2_RKS3_
FN:622,_ZN3src3absIiEENS_8rationalIT_EERKS3_
FN:684,_ZN3src13rational_castIdiEET_RKNS_8rationalIT0_EE
FNDA:4,_ZNK3src8rationalIiEltERKS1_
FNDA:8,_ZN3src8rationalIiEpLERKi
FNDA:6,_ZN3srcplIiEENS_8rationalIT_EERKS3_S5_
FNDA:8,_ZN3srcmlIiEENS_8rationalIT_EERKS2_RKS3_
FNDA:110,_ZNK3src8rationalIiE14test_invariantEv
FNDA:44,_ZN3src8rationalIiEC2Ei
FNDA:42,_ZN3src8rationalIiE6assignERKiS3_
FNDA:8,_ZN3srcpsIiEENS_8rationalIT_EERKS3_
FNDA:4,_ZNK3src8rationalIlE11denominatorEv
FNDA:122,_ZN3src8rationalIiEC2Eii
FNDA:4,_ZN3src8rationalIlE9inner_absElRKl
FNDA:122,_ZN3src8rationalIiE9normalizeEv
FNDA:2,_ZN3srcmiIiEENS_8rationalIT_EERKS2_RKS3_
FNDA:66,_ZNK3src8rationalIiEeqERKS1_
FNDA:4,_ZNK3src8rationalIlE9numeratorEv
FNDA:34,_ZN3src8rationalIiEC2Ev
FNDA:6,_ZN3srcdvIiEENS_8rationalIT_EERKS2_RKS3_
FNDA:18,_ZNK3src8rationalIiEeqERKi
FNDA:4,_ZN3srcmlIiEENS_8rationalIT_EERKS3_S5_
FNDA:2,_ZNK3src8rationalIlE14test_invariantEv
FNDA:2,_ZN3src8rationalIlEC2Ell
FNDA:4,_ZNK3src8rationalIiEneERKS1_
FNDA:6,_ZN3src8rationalIiEmLERKS1_
FNDA:14,_ZN3src8rationalIiEmLERKi
FNDA:2,_ZN3src8rationalIlE9normalizeEv
FNDA:2,_ZN3srcplIiEENS_8rationalIT_EERKS2_RKS3_
FNDA:296,_ZN3src8rationalIiE9inner_absEiRKi
FNDA:2,_ZNK3src8rationalIiEcvbEv
FNDA:4,_ZN3srcmiIiEENS_8rationalIT_EERKS3_RKS2_
FNDA:8,_ZN3src8rationalIiEpLERKS1_
FNDA:176,_ZNK3src8rationalIiE9numeratorEv
FNDA:2,_ZN3src8rationalIiEppEi
FNDA:8,_ZN3srcdvIiEENS_8rationalIT_EERKS3_RKS2_
FNDA:8,_ZNK3src8rationalIiEltERKi
FNDA:24,_ZN3srcngIiEENS_8rationalIT_EERKS3_
FNDA:40,_ZN3src8rationalIiEaSERKi
FNDA:4,_ZN3src3absIiEENS_8rationalIT_EERKS3_
FNDA:4,_ZN3src8rationalIiEmmEv
FNDA:4,_ZN3srcmlIiEENS_8rationalIT_EERKS3_RKS2_
FNDA:2,_ZN3src8rationalIiEC2IlEERKNS0_IT_EE
FNDA:10,_ZN3srcdvIiEENS_8rationalIT_EERKS3_S5_
FNDA:4,_ZN3srcmiIiEENS_8rationalIT_EERKS3_S5_
FNDA:14,_ZN3src8rationalIiEdVERKi
FNDA:0,_ZN3src12bad_rationalC2EPKc
FNDA:168,_ZNK3src8rationalIiE11denominatorEv
FNDA:758,_ZN3src8rationalIiE9inner_gcdEiiRKi
FNDA:4,_ZN3src8rationalIiEppEv
FNDA:4,_ZNK3src8rationalIiEgtERKi
FNDA:4,_ZN3srcplIiEENS_8rationalIT_EERKS3_RKS2_
FNDA:8,_ZN3src8rationalIiEmIERKi
FNDA:2,_ZN3src13rational_castIdiEET_RKNS_8rationalIT0_EE
FNDA:12,_ZN3src8rationalIlE9inner_gcdEllRKl
FNDA:24,_ZN3src8rationalIiEdVERKS1_
FNDA:6,_ZN3src8rationalIiEmIERKS1_
FNDA:2,_ZN3src8rationalIiEmmEi
FNDA:4,_ZNK3src8rationalIiEntEv
FNDA:6,_ZN3src12bad_rationalC2Ev
FNDA:2,_ZN3src8rationalIiE13is_normalizedEiiRKiS3_
FNF:58
FNH:57
DA:29,6
DA:32,0
DA:43,0
DA:46,0
DA:49,0
DA:73,180
DA:74,172
DA:179,34
DA:182,44
DA:185,124
DA:186,124
DA:187,122
DA:191,2
DA:192,2
DA:193,2
DA:194,2
DA:197,2
DA:198,2
DA:201,0
DA:203,2
DA:207,770
DA:208,770
DA:212,300
DA:213,300
DA:217,2
DA:219,4
DA:220,4
DA:221,4
DA:226,124
DA:227,124
DA:229,124
DA:231,122
DA:232,10
DA:233,10
DA:236,112
DA:238,112
DA:239,112
DA:241,112
DA:242,0
DA:245,112
DA:246,14
DA:247,14
DA:250,112
DA:254,112
DA:256,224
DA:257,224
DA:262,40
DA:263,40
DA:267,42
DA:268,42
DA:273,8
DA:274,8
DA:275,8
DA:277,8
DA:279,8
DA:280,8
DA:282,8
DA:283,8
DA:284,8
DA:286,8
DA:290,6
DA:291,6
DA:292,6
DA:294,6
DA:296,6
DA:297,6
DA:299,6
DA:300,6
DA:301,6
DA:303,6
DA:307,6
DA:308,6
DA:309,6
DA:311,6
DA:312,6
DA:314,6
DA:315,6
DA:317,6
DA:321,24
DA:322,24
DA:323,24
DA:325,24
DA:327,24
DA:328,2
DA:331,22
DA:332,8
DA:335,14
DA:336,14
DA:338,14
DA:339,14
DA:341,14
DA:342,2
DA:343,2
DA:346,14
DA:350,8
DA:351,8
DA:352,8
DA:356,8
DA:357,8
DA:358,8
DA:362,14
DA:363,14
DA:364,14
DA:365,14
DA:366,14
DA:370,14
DA:371,14
DA:373,14
DA:374,12
DA:376,6
DA:377,6
DA:378,6
DA:380,6
DA:381,2
DA:382,2
DA:385,6
DA:390,4
DA:391,4
DA:392,4
DA:396,4
DA:397,4
DA:398,4
DA:402,2
DA:403,2
DA:404,2
DA:405,2
DA:409,2
DA:410,2
DA:411,2
DA:412,2
DA:417,4
DA:418,4
DA:423,2
DA:424,2
DA:429,4
DA:430,4
DA:432,4
DA:433,4
DA:438,4
DA:439,4
DA:440,4
DA:441,4
DA:442,4
DA:444,4
DA:445,4
DA:446,4
DA:447,4
DA:448,4
DA:451,4
DA:453,4
DA:454,4
DA:457,4
DA:458,4
DA:461,0
DA:463,0
DA:467,0
DA:468,0
DA:469,0
DA:470,0
DA:473,0
DA:474,0
DA:477,0
DA:487,66
DA:488,66
DA:492,4
DA:493,4
DA:498,8
DA:499,8
DA:501,8
DA:502,8
DA:503,8
DA:504,8
DA:506,8
DA:510,4
DA:511,4
DA:515,18
DA:516,18
DA:526,8
DA:527,8
DA:531,24
DA:532,24
DA:537,6
DA:538,6
DA:539,6
DA:540,6
DA:544,4
DA:545,4
DA:546,4
DA:547,4
DA:551,2
DA:552,2
DA:553,2
DA:554,2
DA:558,4
DA:559,4
DA:560,4
DA:561,4
DA:565,4
DA:566,4
DA:567,4
DA:568,4
DA:572,2
DA:573,2
DA:574,2
DA:575,4
DA:579,4
DA:580,4
DA:581,4
DA:582,4
DA:586,4
DA:587,4
DA:588,4
DA:589,4
DA:593,8
DA:594,8
DA:595,8
DA:596,8
DA:600,10
DA:601,10
DA:602,10
DA:603,10
DA:607,8
DA:608,8
DA:609,8
DA:610,8
DA:614,6
DA:615,6
DA:616,6
DA:617,6
DA:622,4
DA:623,4
DA:684,2
DA:686,2
LF:233
LH:218
end_of_record
TN:
SF:/home/essam/Documents/projects/nodecpp-rational/test/rational.test.cpp
FN:53,_ZN5utest7_assertEbPKc
FN:69,main
FN:83,_ZN5utest12loadTestDataEv
FN:308,_ZN5utest10testRunnerEv
FN:330,_ZN5utest8makeTestEPNS_4TestE
FN:362,_ZN5utest11verboseExitEv
FN:374,_ZN5utest5test1Ev
FN:380,_ZN5utest5test2Ev
FN:392,_ZN5utest5test3Ev
FN:410,_ZN5utest5test4Ev
FN:418,_ZN5utest5test5Ev
FN:427,_ZN5utest5test6Ev
FN:439,_ZN5utest5test7Ev
FN:471,_ZN5utest5test8Ev
FN:483,_ZN5utest5test9Ev
FN:508,_ZN5utest6test10Ev
FN:519,_ZN5utest6test11Ev
FN:544,_ZN5utest6test12Ev
FN:555,_ZN5utest6test13Ev
FN:563,_ZN5utest6test14Ev
FN:581,_ZN5utest6test15Ev
FN:596,_ZN5utest6test16Ev
FN:641,_ZN5utest6test17Ev
FN:649,_ZN5utest6test18Ev
FN:656,_ZN5utest6test19Ev
FN:666,_ZN5utest6test20Ev
FNDA:2,_ZN5utest10testRunnerEv
FNDA:2,_ZN5utest6test14Ev
FNDA:2,_ZN5utest6test16Ev
FNDA:2,_ZN5utest6test18Ev
FNDA:2,_ZN5utest5test6Ev
FNDA:2,_ZN5utest5test5Ev
FNDA:2,_ZN5utest6test11Ev
FNDA:1,main
FNDA:2,_ZN5utest6test13Ev
FNDA:2,_ZN5utest6test15Ev
FNDA:228,_ZN5utest7_assertEbPKc
FNDA:2,_ZN5utest5test2Ev
FNDA:2,_ZN5utest6test20Ev
FNDA:2,_ZN5utest6test12Ev
FNDA:2,_ZN5utest5test8Ev
FNDA:2,_ZN5utest5test3Ev
FNDA:2,_ZN5utest5test4Ev
FNDA:40,_ZN5utest8makeTestEPNS_4TestE
FNDA:1,_ZN5utest12loadTestDataEv
FNDA:2,_ZN5utest5test9Ev
FNDA:2,_ZN5utest5test7Ev
FNDA:2,_ZN5utest5test1Ev
FNDA:2,_ZN5utest6test10Ev
FNDA:2,_ZN5utest6test19Ev
FNDA:2,_ZN5utest11verboseExitEv
FNDA:2,_ZN5utest6test17Ev
FNF:26
FNH:26
DA:53,228
DA:54,228
DA:55,228
DA:69,1
DA:72,1
DA:74,1
DA:75,1
DA:77,1
DA:78,1
DA:80,1
DA:83,1
DA:84,1
DA:85,1
DA:88,1
DA:90,1
DA:91,1
DA:93,1
DA:96,1
DA:98,1
DA:99,1
DA:100,1
DA:102,1
DA:105,1
DA:107,1
DA:108,1
DA:109,1
DA:111,1
DA:114,1
DA:116,1
DA:117,1
DA:118,1
DA:120,1
DA:123,1
DA:125,1
DA:126,1
DA:127,1
DA:129,1
DA:132,1
DA:134,1
DA:135,1
DA:136,1
DA:138,1
DA:141,1
DA:143,1
DA:144,1
DA:146,1
DA:149,1
DA:151,1
DA:152,1
DA:153,1
DA:155,1
DA:158,1
DA:160,1
DA:161,1
DA:162,1
DA:164,1
DA:167,1
DA:169,1
DA:170,1
DA:171,1
DA:173,1
DA:176,1
DA:178,1
DA:179,1
DA:180,1
DA:182,1
DA:185,1
DA:187,1
DA:188,1
DA:189,1
DA:191,1
DA:194,1
DA:196,1
DA:197,1
DA:199,1
DA:202,1
DA:204,1
DA:205,1
DA:206,1
DA:208,1
DA:211,1
DA:213,1
DA:214,1
DA:215,1
DA:217,1
DA:220,1
DA:222,1
DA:223,1
DA:224,1
DA:226,1
DA:229,1
DA:231,1
DA:232,1
DA:233,1
DA:235,1
DA:238,1
DA:240,1
DA:241,1
DA:243,1
DA:246,1
DA:248,1
DA:249,1
DA:250,1
DA:252,1
DA:255,1
DA:257,1
DA:258,1
DA:259,1
DA:261,1
DA:264,1
DA:266,1
DA:267,1
DA:269,1
DA:272,1
DA:274,1
DA:275,1
DA:276,1
DA:278,1
DA:281,1
DA:283,1
DA:284,1
DA:285,1
DA:287,1
DA:290,1
DA:292,1
DA:293,1
DA:294,1
DA:296,1
DA:299,1
DA:301,1
DA:302,1
DA:303,1
DA:305,1
DA:306,1
DA:308,2
DA:310,2
DA:311,2
DA:313,2
DA:314,12
DA:316,10
DA:317,10
DA:319,10
DA:321,10
DA:322,50
DA:323,40
DA:325,10
DA:327,2
DA:328,2
DA:330,40
DA:332,40
DA:334,40
DA:335,40
DA:337,40
DA:339,40
DA:340,40
DA:342,40
DA:343,20
DA:347,20
DA:348,20
DA:350,20
DA:351,20
DA:353,0
DA:354,0
DA:356,0
DA:357,0
DA:358,0
DA:360,40
DA:362,2
DA:363,2
DA:364,2
DA:365,2
DA:366,2
DA:367,2
DA:368,2
DA:369,2
DA:371,2
DA:374,2
DA:375,2
DA:376,2
DA:377,2
DA:380,2
DA:381,2
DA:382,2
DA:384,2
DA:385,2
DA:387,2
DA:388,2
DA:389,2
DA:392,2
DA:393,2
DA:394,2
DA:396,2
DA:397,2
DA:399,2
DA:400,2
DA:402,2
DA:403,2
DA:405,2
DA:406,2
DA:407,2
DA:410,2
DA:412,2
DA:414,2
DA:415,2
DA:418,2
DA:419,2
DA:420,2
DA:422,2
DA:423,2
DA:424,2
DA:427,2
DA:428,2
DA:430,2
DA:431,2
DA:433,2
DA:434,2
DA:435,2
DA:436,2
DA:439,2
DA:440,2
DA:441,2
DA:442,2
DA:444,2
DA:445,2
DA:446,2
DA:448,2
DA:449,2
DA:450,2
DA:452,2
DA:453,2
DA:454,2
DA:456,2
DA:457,2
DA:458,2
DA:460,2
DA:461,2
DA:462,2
DA:464,2
DA:465,2
DA:466,2
DA:468,2
DA:471,2
DA:472,2
DA:473,2
DA:476,2
DA:477,2
DA:479,2
DA:480,2
DA:483,2
DA:484,2
DA:486,2
DA:487,2
DA:488,2
DA:490,2
DA:491,2
DA:492,2
DA:494,2
DA:495,2
DA:496,2
DA:498,2
DA:499,2
DA:500,2
DA:502,2
DA:503,2
DA:504,2
DA:505,2
DA:508,2
DA:509,2
DA:512,2
DA:513,2
DA:515,2
DA:516,2
DA:519,2
DA:520,2
DA:522,2
DA:523,2
DA:524,2
DA:525,2
DA:527,2
DA:528,2
DA:529,2
DA:530,2
DA:532,2
DA:533,2
DA:534,2
DA:535,2
DA:537,2
DA:538,2
DA:539,2
DA:540,2
DA:541,2
DA:544,2
DA:545,2
DA:547,2
DA:548,2
DA:550,2
DA:551,2
DA:552,2
DA:555,2
DA:556,2
DA:558,2
DA:559,2
DA:560,2
DA:563,2
DA:564,2
DA:565,2
DA:567,2
DA:568,2
DA:570,2
DA:571,2
DA:573,2
DA:574,2
DA:576,2
DA:577,2
DA:578,2
DA:581,2
DA:582,2
DA:583,2
DA:585,2
DA:586,2
DA:588,2
DA:589,2
DA:591,2
DA:592,2
DA:593,2
DA:596,2
DA:597,2
DA:598,2
DA:599,2
DA:600,2
DA:601,2
DA:603,2
DA:604,2
DA:605,2
DA:606,2
DA:607,2
DA:609,2
DA:610,2
DA:611,2
DA:612,2
DA:613,2
DA:615,2
DA:616,2
DA:617,2
DA:618,2
DA:619,2
DA:621,2
DA:622,2
DA:623,2
DA:624,2
DA:625,2
DA:627,2
DA:628,2
DA:629,2
DA:630,2
DA:631,2
DA:633,2
DA:634,2
DA:635,2
DA:636,2
DA:637,2
DA:638,2
DA:641,2
DA:642,2
DA:643,2
DA:645,2
DA:646,2
DA:649,2
DA:650,2
DA:652,2
DA:653,2
DA:656,2
DA:658,2
DA:659,2
DA:661,2
DA:662,2
DA:663,2
DA:666,2
DA:667,2
DA:668,2
DA:670,2
DA:671,2
LF:382
LH:377
end_of_record
