TN:
SF:/home/essam/Documents/projects/nodecpp-rational/include/rational.h
FN:28,_ZN3esm12bad_rationalC2Ev
FN:29,_ZN3esm12bad_rationalC2EPKc
FN:70,_ZNK3esm8rationalIiE9numeratorEv
FN:70,_ZNK3esm8rationalIlE9numeratorEv
FN:71,_ZNK3esm8rationalIiE11denominatorEv
FN:71,_ZNK3esm8rationalIlE11denominatorEv
FN:176,_ZN3esm8rationalIiEC2Ev
FN:179,_ZN3esm8rationalIiEC2Ei
FN:182,_ZN3esm8rationalIiEC2Eii
FN:182,_ZN3esm8rationalIlEC2Ell
FN:188,_ZN3esm8rationalIiEC2IlEERKNS0_IT_EE
FN:204,_ZN3esm8rationalIlE9inner_gcdEllRKl
FN:204,_ZN3esm8rationalIiE9inner_gcdEiiRKi
FN:209,_ZN3esm8rationalIiE9inner_absEiRKi
FN:209,_ZN3esm8rationalIlE9inner_absElRKl
FN:214,_ZN3esm8rationalIiE13is_normalizedEiiRKiS3_
FN:223,_ZN3esm8rationalIiE9normalizeEv
FN:223,_ZN3esm8rationalIlE9normalizeEv
FN:251,_ZNK3esm8rationalIlE14test_invariantEv
FN:251,_ZNK3esm8rationalIiE14test_invariantEv
FN:259,_ZN3esm8rationalIiEaSERKi
FN:264,_ZN3esm8rationalIiE6assignERKiS3_
FN:270,_ZN3esm8rationalIiEpLERKS1_
FN:287,_ZN3esm8rationalIiEmIERKS1_
FN:304,_ZN3esm8rationalIiEmLERKS1_
FN:318,_ZN3esm8rationalIiEdVERKS1_
FN:347,_ZN3esm8rationalIiEpLERKi
FN:353,_ZN3esm8rationalIiEmIERKi
FN:359,_ZN3esm8rationalIiEmLERKi
FN:367,_ZN3esm8rationalIiEdVERKi
FN:387,_ZN3esm8rationalIiEppEv
FN:393,_ZN3esm8rationalIiEmmEv
FN:399,_ZN3esm8rationalIiEppEi
FN:406,_ZN3esm8rationalIiEmmEi
FN:414,_ZNK3esm8rationalIiEntEv
FN:420,_ZNK3esm8rationalIiEcvbEv
FN:426,_ZNK3esm8rationalIiEltERKS1_
FN:484,_ZNK3esm8rationalIiEeqERKS1_
FN:489,_ZNK3esm8rationalIiEneERKS1_
FN:495,_ZNK3esm8rationalIiEltERKi
FN:507,_ZNK3esm8rationalIiEgtERKi
FN:512,_ZNK3esm8rationalIiEeqERKi
FN:523,_ZN3esmpsIiEENS_8rationalIT_EERKS3_
FN:528,_ZN3esmngIiEENS_8rationalIT_EERKS3_
FN:534,_ZN3esmplIiEENS_8rationalIT_EERKS3_S5_
FN:541,_ZN3esmplIiEENS_8rationalIT_EERKS3_RKS2_
FN:548,_ZN3esmplIiEENS_8rationalIT_EERKS2_RKS3_
FN:555,_ZN3esmmiIiEENS_8rationalIT_EERKS3_S5_
FN:562,_ZN3esmmiIiEENS_8rationalIT_EERKS3_RKS2_
FN:569,_ZN3esmmiIiEENS_8rationalIT_EERKS2_RKS3_
FN:576,_ZN3esmmlIiEENS_8rationalIT_EERKS3_S5_
FN:583,_ZN3esmmlIiEENS_8rationalIT_EERKS3_RKS2_
FN:590,_ZN3esmmlIiEENS_8rationalIT_EERKS2_RKS3_
FN:597,_ZN3esmdvIiEENS_8rationalIT_EERKS3_S5_
FN:604,_ZN3esmdvIiEENS_8rationalIT_EERKS3_RKS2_
FN:611,_ZN3esmdvIiEENS_8rationalIT_EERKS2_RKS3_
FN:619,_ZN3esm3absIiEENS_8rationalIT_EERKS3_
FN:681,_ZN3esm13rational_castIdiEET_RKNS_8rationalIT0_EE
FNDA:672,_ZN3esm8rationalIiE9inner_gcdEiiRKi
FNDA:260,_ZN3esm8rationalIiE9inner_absEiRKi
FNDA:112,_ZN3esm8rationalIiEC2Eii
FNDA:12,_ZN3esm8rationalIlE9inner_gcdEllRKl
FNDA:4,_ZN3esm3absIiEENS_8rationalIT_EERKS3_
FNDA:4,_ZN3esmplIiEENS_8rationalIT_EERKS3_S5_
FNDA:44,_ZN3esm8rationalIiEC2Ei
FNDA:34,_ZN3esm8rationalIiEC2Ev
FNDA:12,_ZN3esm8rationalIiEmLERKi
FNDA:20,_ZN3esm8rationalIiEdVERKS1_
FNDA:16,_ZN3esmngIiEENS_8rationalIT_EERKS3_
FNDA:2,_ZN3esmmlIiEENS_8rationalIT_EERKS3_RKS2_
FNDA:0,_ZN3esm12bad_rationalC2EPKc
FNDA:144,_ZNK3esm8rationalIiE9numeratorEv
FNDA:4,_ZN3esm8rationalIlE9inner_absElRKl
FNDA:112,_ZN3esm8rationalIiE9normalizeEv
FNDA:6,_ZN3esm8rationalIiEmIERKi
FNDA:4,_ZNK3esm8rationalIiEntEv
FNDA:18,_ZNK3esm8rationalIiEeqERKi
FNDA:2,_ZN3esmmlIiEENS_8rationalIT_EERKS3_S5_
FNDA:2,_ZN3esm8rationalIiEppEi
FNDA:4,_ZN3esm8rationalIiEppEv
FNDA:6,_ZN3esm12bad_rationalC2Ev
FNDA:4,_ZN3esm8rationalIiEmmEv
FNDA:2,_ZN3esm8rationalIiEmmEi
FNDA:8,_ZNK3esm8rationalIiEltERKi
FNDA:4,_ZNK3esm8rationalIiEltERKS1_
FNDA:2,_ZN3esmmiIiEENS_8rationalIT_EERKS3_RKS2_
FNDA:6,_ZN3esmdvIiEENS_8rationalIT_EERKS3_S5_
FNDA:2,_ZN3esm8rationalIiE13is_normalizedEiiRKiS3_
FNDA:2,_ZN3esmplIiEENS_8rationalIT_EERKS3_RKS2_
FNDA:10,_ZN3esm8rationalIiEdVERKi
FNDA:6,_ZN3esm8rationalIiEpLERKS1_
FNDA:46,_ZNK3esm8rationalIiEeqERKS1_
FNDA:2,_ZN3esm8rationalIiEC2IlEERKNS0_IT_EE
FNDA:2,_ZN3esm13rational_castIdiEET_RKNS_8rationalIT0_EE
FNDA:40,_ZN3esm8rationalIiEaSERKi
FNDA:2,_ZNK3esm8rationalIiEcvbEv
FNDA:2,_ZN3esmmiIiEENS_8rationalIT_EERKS2_RKS3_
FNDA:42,_ZN3esm8rationalIiE6assignERKiS3_
FNDA:4,_ZNK3esm8rationalIiEneERKS1_
FNDA:2,_ZNK3esm8rationalIlE14test_invariantEv
FNDA:8,_ZN3esmpsIiEENS_8rationalIT_EERKS3_
FNDA:2,_ZN3esmmiIiEENS_8rationalIT_EERKS3_S5_
FNDA:4,_ZNK3esm8rationalIlE9numeratorEv
FNDA:6,_ZN3esmdvIiEENS_8rationalIT_EERKS2_RKS3_
FNDA:4,_ZNK3esm8rationalIiEgtERKi
FNDA:4,_ZN3esm8rationalIiEmLERKS1_
FNDA:2,_ZN3esm8rationalIlE9normalizeEv
FNDA:6,_ZN3esm8rationalIiEpLERKi
FNDA:4,_ZN3esm8rationalIiEmIERKS1_
FNDA:8,_ZN3esmmlIiEENS_8rationalIT_EERKS2_RKS3_
FNDA:2,_ZN3esm8rationalIlEC2Ell
FNDA:4,_ZNK3esm8rationalIlE11denominatorEv
FNDA:2,_ZN3esmplIiEENS_8rationalIT_EERKS2_RKS3_
FNDA:4,_ZN3esmdvIiEENS_8rationalIT_EERKS3_RKS2_
FNDA:100,_ZNK3esm8rationalIiE14test_invariantEv
FNDA:136,_ZNK3esm8rationalIiE11denominatorEv
FNF:58
FNH:57
DA:28,6
DA:29,0
DA:40,0
DA:43,0
DA:46,0
DA:70,148
DA:71,140
DA:176,34
DA:179,44
DA:182,114
DA:183,114
DA:184,112
DA:188,2
DA:189,2
DA:190,2
DA:191,2
DA:194,2
DA:195,2
DA:198,0
DA:200,2
DA:204,684
DA:205,684
DA:209,264
DA:210,264
DA:214,2
DA:216,4
DA:217,4
DA:218,4
DA:223,114
DA:224,114
DA:226,114
DA:228,112
DA:229,10
DA:230,10
DA:233,102
DA:235,102
DA:236,102
DA:238,102
DA:239,0
DA:242,102
DA:243,14
DA:244,14
DA:247,102
DA:251,102
DA:253,204
DA:254,204
DA:259,40
DA:260,40
DA:264,42
DA:265,42
DA:270,6
DA:271,6
DA:272,6
DA:274,6
DA:276,6
DA:277,6
DA:279,6
DA:280,6
DA:281,6
DA:283,6
DA:287,4
DA:288,4
DA:289,4
DA:291,4
DA:293,4
DA:294,4
DA:296,4
DA:297,4
DA:298,4
DA:300,4
DA:304,4
DA:305,4
DA:306,4
DA:308,4
DA:309,4
DA:311,4
DA:312,4
DA:314,4
DA:318,20
DA:319,20
DA:320,20
DA:322,20
DA:324,20
DA:325,2
DA:328,18
DA:329,6
DA:332,12
DA:333,12
DA:335,12
DA:336,12
DA:338,12
DA:339,0
DA:340,0
DA:343,12
DA:347,6
DA:348,6
DA:349,6
DA:353,6
DA:354,6
DA:355,6
DA:359,12
DA:360,12
DA:361,12
DA:362,12
DA:363,12
DA:367,10
DA:368,10
DA:370,10
DA:371,8
DA:373,4
DA:374,4
DA:375,4
DA:377,4
DA:378,0
DA:379,0
DA:382,4
DA:387,4
DA:388,4
DA:389,4
DA:393,4
DA:394,4
DA:395,4
DA:399,2
DA:400,2
DA:401,2
DA:402,2
DA:406,2
DA:407,2
DA:408,2
DA:409,2
DA:414,4
DA:415,4
DA:420,2
DA:421,2
DA:426,4
DA:427,4
DA:429,4
DA:430,4
DA:435,4
DA:436,4
DA:437,4
DA:438,4
DA:439,4
DA:441,4
DA:442,4
DA:443,4
DA:444,4
DA:445,4
DA:448,4
DA:450,4
DA:451,4
DA:454,4
DA:455,4
DA:458,0
DA:460,0
DA:464,0
DA:465,0
DA:466,0
DA:467,0
DA:470,0
DA:471,0
DA:474,0
DA:484,46
DA:485,46
DA:489,4
DA:490,4
DA:495,8
DA:496,8
DA:498,8
DA:499,8
DA:500,8
DA:501,8
DA:503,8
DA:507,4
DA:508,4
DA:512,18
DA:513,18
DA:523,8
DA:524,8
DA:528,16
DA:529,16
DA:534,4
DA:535,4
DA:536,4
DA:537,4
DA:541,2
DA:542,2
DA:543,2
DA:544,2
DA:548,2
DA:549,2
DA:550,2
DA:551,2
DA:555,2
DA:556,2
DA:557,2
DA:558,2
DA:562,2
DA:563,2
DA:564,2
DA:565,2
DA:569,2
DA:570,2
DA:571,2
DA:572,4
DA:576,2
DA:577,2
DA:578,2
DA:579,2
DA:583,2
DA:584,2
DA:585,2
DA:586,2
DA:590,8
DA:591,8
DA:592,8
DA:593,8
DA:597,6
DA:598,6
DA:599,6
DA:600,6
DA:604,4
DA:605,4
DA:606,4
DA:607,4
DA:611,6
DA:612,6
DA:613,6
DA:614,6
DA:619,4
DA:620,4
DA:681,2
DA:683,2
LF:233
LH:214
end_of_record
TN:
SF:/home/essam/Documents/projects/nodecpp-rational/test/rational.test.cpp
FN:43,_Z7_assertbPKc
FN:60,main
FN:78,_Z12loadTestDatav
FN:304,_Z10testRunnerv
FN:326,_Z8makeTestP4Test
FN:358,_Z11verboseExitv
FN:373,_Z5test1v
FN:379,_Z5test2v
FN:391,_Z5test3v
FN:409,_Z5test4v
FN:421,_Z5test5v
FN:429,_Z5test6v
FN:441,_Z5test7v
FN:473,_Z5test8v
FN:489,_Z5test9v
FN:514,_Z6test10v
FN:529,_Z6test11v
FN:554,_Z6test12v
FN:565,_Z6test13v
FN:573,_Z6test14v
FN:591,_Z6test15v
FN:606,_Z6test16v
FN:638,_Z6test17v
FN:646,_Z6test18v
FN:653,_Z6test19v
FN:663,_Z6test20v
FNDA:2,_Z6test16v
FNDA:2,_Z5test4v
FNDA:2,_Z6test12v
FNDA:2,_Z5test3v
FNDA:2,_Z5test6v
FNDA:2,_Z6test18v
FNDA:2,_Z6test11v
FNDA:2,_Z6test13v
FNDA:2,_Z12loadTestDatav
FNDA:2,_Z5test1v
FNDA:2,_Z6test14v
FNDA:2,_Z6test19v
FNDA:2,_Z6test10v
FNDA:2,_Z6test17v
FNDA:2,_Z5test5v
FNDA:2,_Z6test20v
FNDA:208,_Z7_assertbPKc
FNDA:2,_Z5test8v
FNDA:40,_Z8makeTestP4Test
FNDA:2,_Z5test2v
FNDA:2,_Z6test15v
FNDA:2,_Z10testRunnerv
FNDA:2,_Z11verboseExitv
FNDA:2,main
FNDA:2,_Z5test7v
FNDA:2,_Z5test9v
FNF:26
FNH:26
DA:43,208
DA:44,208
DA:45,208
DA:60,2
DA:62,2
DA:63,2
DA:75,2
DA:78,2
DA:80,2
DA:81,2
DA:84,2
DA:86,2
DA:87,2
DA:89,2
DA:92,2
DA:94,2
DA:95,2
DA:96,2
DA:98,2
DA:101,2
DA:103,2
DA:104,2
DA:105,2
DA:107,2
DA:110,2
DA:112,2
DA:113,2
DA:114,2
DA:116,2
DA:119,2
DA:121,2
DA:122,2
DA:123,2
DA:125,2
DA:128,2
DA:130,2
DA:131,2
DA:132,2
DA:134,2
DA:137,2
DA:139,2
DA:140,2
DA:142,2
DA:145,2
DA:147,2
DA:148,2
DA:149,2
DA:151,2
DA:154,2
DA:156,2
DA:157,2
DA:158,2
DA:160,2
DA:163,2
DA:165,2
DA:166,2
DA:167,2
DA:169,2
DA:172,2
DA:174,2
DA:175,2
DA:176,2
DA:178,2
DA:181,2
DA:183,2
DA:184,2
DA:185,2
DA:187,2
DA:190,2
DA:192,2
DA:193,2
DA:195,2
DA:198,2
DA:200,2
DA:201,2
DA:202,2
DA:204,2
DA:207,2
DA:209,2
DA:210,2
DA:211,2
DA:213,2
DA:216,2
DA:218,2
DA:219,2
DA:220,2
DA:222,2
DA:225,2
DA:227,2
DA:228,2
DA:229,2
DA:231,2
DA:234,2
DA:236,2
DA:237,2
DA:239,2
DA:242,2
DA:244,2
DA:245,2
DA:246,2
DA:248,2
DA:251,2
DA:253,2
DA:254,2
DA:255,2
DA:257,2
DA:260,2
DA:262,2
DA:263,2
DA:265,2
DA:268,2
DA:270,2
DA:271,2
DA:272,2
DA:274,2
DA:277,2
DA:279,2
DA:280,2
DA:281,2
DA:283,2
DA:286,2
DA:288,2
DA:289,2
DA:290,2
DA:292,2
DA:295,2
DA:297,2
DA:298,2
DA:299,2
DA:301,2
DA:302,2
DA:304,2
DA:306,2
DA:307,2
DA:309,2
DA:310,12
DA:312,10
DA:313,10
DA:315,10
DA:317,10
DA:318,50
DA:319,40
DA:321,10
DA:323,2
DA:324,2
DA:326,40
DA:328,40
DA:330,40
DA:331,40
DA:333,40
DA:335,40
DA:336,40
DA:338,40
DA:339,0
DA:343,40
DA:344,40
DA:346,40
DA:347,40
DA:349,0
DA:350,0
DA:352,0
DA:353,0
DA:354,0
DA:356,40
DA:358,2
DA:359,2
DA:360,2
DA:361,2
DA:362,2
DA:363,2
DA:364,2
DA:365,2
DA:366,2
DA:367,2
DA:370,2
DA:373,2
DA:374,2
DA:375,2
DA:376,2
DA:379,2
DA:380,2
DA:381,2
DA:383,2
DA:384,2
DA:386,2
DA:387,2
DA:388,2
DA:391,2
DA:392,2
DA:393,2
DA:395,2
DA:396,2
DA:398,2
DA:399,2
DA:401,2
DA:402,2
DA:404,2
DA:405,2
DA:406,2
DA:409,2
DA:411,2
DA:412,0
DA:414,2
DA:415,0
DA:416,0
DA:417,0
DA:418,2
DA:421,2
DA:422,2
DA:424,2
DA:425,2
DA:426,2
DA:429,2
DA:430,2
DA:432,2
DA:433,2
DA:435,2
DA:436,2
DA:437,2
DA:438,2
DA:441,2
DA:442,2
DA:443,2
DA:444,2
DA:446,2
DA:447,2
DA:448,2
DA:450,2
DA:451,2
DA:452,2
DA:454,2
DA:455,2
DA:456,2
DA:458,2
DA:459,2
DA:460,2
DA:462,2
DA:463,2
DA:464,2
DA:466,2
DA:467,2
DA:468,2
DA:470,2
DA:473,2
DA:474,2
DA:475,2
DA:478,2
DA:479,2
DA:480,0
DA:482,2
DA:483,0
DA:484,0
DA:485,0
DA:486,2
DA:489,2
DA:490,2
DA:492,2
DA:493,2
DA:494,2
DA:496,2
DA:497,2
DA:498,2
DA:500,2
DA:501,2
DA:502,2
DA:504,2
DA:505,2
DA:506,2
DA:508,2
DA:509,2
DA:510,2
DA:511,2
DA:514,2
DA:515,2
DA:518,2
DA:519,2
DA:520,0
DA:522,2
DA:523,0
DA:524,0
DA:525,0
DA:526,2
DA:529,2
DA:530,2
DA:532,2
DA:533,2
DA:534,2
DA:535,2
DA:537,2
DA:538,2
DA:539,2
DA:540,2
DA:542,2
DA:543,2
DA:544,2
DA:545,2
DA:547,2
DA:548,2
DA:549,2
DA:550,2
DA:551,2
DA:554,2
DA:555,2
DA:557,2
DA:558,2
DA:560,2
DA:561,2
DA:562,2
DA:565,2
DA:566,2
DA:568,2
DA:569,2
DA:570,2
DA:573,2
DA:574,2
DA:575,2
DA:577,2
DA:578,2
DA:580,2
DA:581,2
DA:583,2
DA:584,2
DA:586,2
DA:587,2
DA:588,2
DA:591,2
DA:592,2
DA:593,2
DA:595,2
DA:596,2
DA:598,2
DA:599,2
DA:601,2
DA:602,2
DA:603,2
DA:606,2
DA:607,2
DA:608,2
DA:609,2
DA:610,2
DA:612,2
DA:613,2
DA:614,2
DA:615,2
DA:616,2
DA:618,2
DA:619,2
DA:620,2
DA:621,2
DA:622,2
DA:624,2
DA:625,2
DA:626,2
DA:627,2
DA:628,2
DA:630,2
DA:631,2
DA:632,2
DA:633,2
DA:634,2
DA:635,2
DA:638,2
DA:639,2
DA:640,2
DA:642,2
DA:643,2
DA:646,2
DA:647,2
DA:649,2
DA:650,2
DA:653,2
DA:655,2
DA:656,2
DA:658,2
DA:659,2
DA:660,2
DA:663,2
DA:664,2
DA:665,2
DA:667,2
DA:668,2
LF:381
LH:363
end_of_record
